x264 [info]: 1920x1080p 1:1 @ 24000/1001 fps (cfr)
x264 [info]: using SAR=1/1
x264 [info]: using cpu capabilities: MMX2 SSE2Fast SSSE3 SSE4.2 AVX
x264 [info]: profile High 10, level 5.0, 4:2:0 10-bit
x264 [info]: cabac=1 ref=4 deblock=1:1:-1 analyse=0x3:0x113 me=umh subme=9 psy=1 psy_rd=1.00:0.00 mixed_ref=1 me_range=32 chroma_me=1 trellis=2 8x8dct=1 cqm=0 deadzone=21,11 fast_pskip=1 chroma_qp_offset=-2 threads=34 lookahead_threads=5 sliced_threads=0 nr=0 decimate=1 interlaced=0 bluray_compat=0 constrained_intra=0 bframes=9 b_pyramid=2 b_adapt=2 b_bias=0 direct=1 weightb=1 open_gop=0 weightp=2 keyint=240 keyint_min=23 scenecut=40 intra_refresh=0 rc=crf mbtree=0 crf=15.0000 qcomp=0.72 qpmin=0 qpmax=81 qpstep=4 ip_ratio=1.40 pb_ratio=1.30 aq=1:0.85
x264 [info]: 1920x1080p 1:1 @ 24000/1001 fps (cfr)
x264 [info]: using SAR=1/1
x264 [info]: using cpu capabilities: MMX2 SSE2Fast SSSE3 SSE4.2 AVX
x264 [info]: profile High 10, level 5.0, 4:2:0 10-bit
x264 [info]: cabac=1 ref=4 deblock=1:1:-1 analyse=0x3:0x113 me=umh subme=9 psy=1 psy_rd=1.00:0.00 mixed_ref=1 me_range=32 chroma_me=1 trellis=2 8x8dct=1 cqm=0 deadzone=21,11 fast_pskip=1 chroma_qp_offset=-2 threads=34 lookahead_threads=5 sliced_threads=0 nr=0 decimate=1 interlaced=0 bluray_compat=0 constrained_intra=0 bframes=9 b_pyramid=2 b_adapt=2 b_bias=0 direct=1 weightb=1 open_gop=0 weightp=2 keyint=240 keyint_min=23 scenecut=40 intra_refresh=0 rc=crf mbtree=0 crf=15.0000 qcomp=0.72 qpmin=0 qpmax=81 qpstep=4 ip_ratio=1.40 pb_ratio=1.30 aq=1:0.85
x264 [info]: frame I:299   Avg QP:21.39  size:280755
x264 [info]: frame P:5884  Avg QP:22.49  size: 78481
x264 [info]: frame B:27913 Avg QP:22.90  size: 15074
x264 [info]: consecutive B-frames:  1.9%  1.9%  2.1% 14.1%  6.8% 13.6% 10.0% 41.3%  5.0%  3.4%
x264 [info]: mb I  I16..4:  3.9% 78.4% 17.7%
x264 [info]: mb P  I16..4:  0.7%  5.6%  1.3%  P16..4: 42.8% 20.0% 14.5%  0.0%  0.0%    skip:15.1%
x264 [info]: mb B  I16..4:  0.0%  0.1%  0.0%  B16..8: 25.9%  2.9%  1.1%  direct:10.6%  skip:59.3%  L0:42.8% L1:52.5% BI: 4.7%
x264 [info]: 8x8 transform intra:75.1% inter:57.6%
x264 [info]: coded y,uvDC,uvAC intra: 91.7% 83.6% 76.1% inter: 16.4% 24.6% 5.7%
x264 [info]: i16 v,h,dc,p: 26% 32%  3% 39%
x264 [info]: i8 v,h,dc,ddl,ddr,vr,hd,vl,hu: 11%  8%  3% 12% 15% 14% 14% 11% 11%
x264 [info]: i4 v,h,dc,ddl,ddr,vr,hd,vl,hu: 19% 12%  1% 11% 15% 14% 11% 10%  8%
x264 [info]: i8c dc,h,v,p: 49% 20% 21% 10%
x264 [info]: Weighted P-Frames: Y:6.4% UV:5.7%
x264 [info]: ref P L0: 56.5% 28.4% 14.8%  0.3%  0.0%
x264 [info]: ref B L0: 79.0% 17.1%  3.9%
x264 [info]: ref B L1: 89.7% 10.3%
x264 [info]: kb/s:5437.06
x264 [info]: encoded 34096 frames, 4.77 fps, 5437.06 kb/s, duration 1:59:00.54
