x264 [info]: 1920x1080p 1:1 @ 24000/1001 fps (cfr)
x264 [info]: using SAR=1/1
x264 [info]: using cpu capabilities: MMX2 SSE2Fast SSSE3 SSE4.2 AVX
x264 [info]: profile High 10, level 5.0, 4:2:0 10-bit
x264 [info]: cabac=1 ref=4 deblock=1:1:-1 analyse=0x3:0x113 me=umh subme=9 psy=1 psy_rd=1.00:0.00 mixed_ref=1 me_range=32 chroma_me=1 trellis=2 8x8dct=1 cqm=0 deadzone=21,11 fast_pskip=1 chroma_qp_offset=-2 threads=34 lookahead_threads=5 sliced_threads=0 nr=0 decimate=1 interlaced=0 bluray_compat=0 constrained_intra=0 bframes=9 b_pyramid=2 b_adapt=2 b_bias=0 direct=1 weightb=1 open_gop=0 weightp=2 keyint=240 keyint_min=23 scenecut=40 intra_refresh=0 rc=crf mbtree=0 crf=15.0000 qcomp=0.72 qpmin=0 qpmax=81 qpstep=4 ip_ratio=1.40 pb_ratio=1.30 aq=1:0.85
x264 [info]: frame I:28    Avg QP:21.05  size:277707
x264 [info]: frame P:566   Avg QP:22.31  size: 71721
x264 [info]: frame B:2679  Avg QP:22.75  size: 12607
x264 [info]: consecutive B-frames:  2.0%  1.7%  1.3% 15.6%  6.0% 13.2% 10.7% 41.3%  3.3%  4.9%
x264 [info]: mb I  I16..4:  4.3% 78.3% 17.4%
x264 [info]: mb P  I16..4:  0.5%  3.7%  1.4%  P16..4: 40.1% 19.0% 15.0%  0.0%  0.0%    skip:20.3%
x264 [info]: mb B  I16..4:  0.0%  0.0%  0.0%  B16..8: 22.9%  2.4%  0.9%  direct:10.3%  skip:63.5%  L0:41.6% L1:54.0% BI: 4.4%
x264 [info]: 8x8 transform intra:71.5% inter:55.0%
x264 [info]: coded y,uvDC,uvAC intra: 92.4% 84.8% 77.5% inter: 13.6% 23.3% 5.7%
x264 [info]: i16 v,h,dc,p: 31% 33%  3% 32%
x264 [info]: i8 v,h,dc,ddl,ddr,vr,hd,vl,hu: 11%  9%  3% 12% 15% 13% 14% 11% 12%
x264 [info]: i4 v,h,dc,ddl,ddr,vr,hd,vl,hu: 22% 10%  2% 10% 14% 13% 11% 10%  8%
x264 [info]: i8c dc,h,v,p: 47% 21% 23%  9%
x264 [info]: Weighted P-Frames: Y:4.1% UV:3.9%
x264 [info]: ref P L0: 55.6% 28.9% 15.2%  0.3%  0.0%
x264 [info]: ref B L0: 77.0% 18.8%  4.2%
x264 [info]: ref B L1: 88.4% 11.6%
x264 [info]: kb/s:4813.83
x264 [info]: encoded 3273 frames, 4.16 fps, 4813.83 kb/s, duration 0:13:05.98
x264 [info]: 1920x1080p 1:1 @ 24000/1001 fps (cfr)
x264 [info]: using SAR=1/1
x264 [info]: using cpu capabilities: MMX2 SSE2Fast SSSE3 SSE4.2 AVX
x264 [info]: profile High 10, level 5.0, 4:2:0 10-bit
x264 [info]: cabac=1 ref=4 deblock=1:1:-1 analyse=0x3:0x113 me=umh subme=9 psy=1 psy_rd=1.00:0.00 mixed_ref=1 me_range=32 chroma_me=1 trellis=2 8x8dct=1 cqm=0 deadzone=21,11 fast_pskip=1 chroma_qp_offset=-2 threads=34 lookahead_threads=5 sliced_threads=0 nr=0 decimate=1 interlaced=0 bluray_compat=0 constrained_intra=0 bframes=9 b_pyramid=2 b_adapt=2 b_bias=0 direct=1 weightb=1 open_gop=0 weightp=2 keyint=240 keyint_min=23 scenecut=40 intra_refresh=0 rc=crf mbtree=0 crf=15.0000 qcomp=0.72 qpmin=0 qpmax=81 qpstep=4 ip_ratio=1.40 pb_ratio=1.30 aq=1:0.85
x264 [info]: frame I:12    Avg QP:19.15  size:282884
x264 [info]: frame P:427   Avg QP:21.69  size: 82573
x264 [info]: frame B:1449  Avg QP:23.34  size: 18511
x264 [info]: consecutive B-frames:  1.8%  7.9% 11.0% 26.9%  3.2%  8.9%  5.9% 25.4%  5.2%  3.7%
x264 [info]: mb I  I16..4:  3.2% 85.5% 11.4%
x264 [info]: mb P  I16..4:  1.3%  9.1%  1.5%  P16..4: 36.4% 16.7% 11.9%  0.0%  0.0%    skip:23.0%
x264 [info]: mb B  I16..4:  0.1%  0.3%  0.0%  B16..8: 22.9%  4.2%  1.4%  direct:12.7%  skip:58.5%  L0:41.6% L1:48.5% BI: 9.9%
x264 [info]: 8x8 transform intra:77.8% inter:69.3%
x264 [info]: coded y,uvDC,uvAC intra: 92.2% 85.0% 77.1% inter: 19.8% 30.7% 9.9%
x264 [info]: i16 v,h,dc,p: 20% 34%  2% 44%
x264 [info]: i8 v,h,dc,ddl,ddr,vr,hd,vl,hu:  8%  6%  3% 12% 17% 16% 15% 12% 10%
x264 [info]: i4 v,h,dc,ddl,ddr,vr,hd,vl,hu: 18% 13%  1% 10% 15% 15% 11% 10%  8%
x264 [info]: i8c dc,h,v,p: 36% 17% 16% 30%
x264 [info]: Weighted P-Frames: Y:12.2% UV:9.6%
x264 [info]: ref P L0: 60.2% 23.6% 15.2%  0.9%  0.0%
x264 [info]: ref B L0: 82.6% 13.4%  4.0%
x264 [info]: ref B L1: 94.2%  5.8%
x264 [info]: kb/s:6651.91
x264 [info]: encoded 1888 frames, 3.66 fps, 6651.91 kb/s, duration 0:08:35.42
x264 [info]: 1920x1080p 1:1 @ 24000/1001 fps (cfr)
x264 [info]: using SAR=1/1
x264 [info]: using cpu capabilities: MMX2 SSE2Fast SSSE3 SSE4.2 AVX
x264 [info]: profile High 10, level 5.0, 4:2:0 10-bit
x264 [info]: cabac=1 ref=4 deblock=1:1:-1 analyse=0x3:0x113 me=umh subme=9 psy=1 psy_rd=1.00:0.00 mixed_ref=1 me_range=32 chroma_me=1 trellis=2 8x8dct=1 cqm=0 deadzone=21,11 fast_pskip=1 chroma_qp_offset=-2 threads=34 lookahead_threads=5 sliced_threads=0 nr=0 decimate=1 interlaced=0 bluray_compat=0 constrained_intra=0 bframes=9 b_pyramid=2 b_adapt=2 b_bias=0 direct=1 weightb=1 open_gop=0 weightp=2 keyint=240 keyint_min=23 scenecut=40 intra_refresh=0 rc=crf mbtree=0 crf=15.0000 qcomp=0.72 qpmin=0 qpmax=81 qpstep=4 ip_ratio=1.40 pb_ratio=1.30 aq=1:0.85
x264 [info]: frame I:21    Avg QP:19.94  size:285685
x264 [info]: frame P:554   Avg QP:22.52  size: 97399
x264 [info]: frame B:2268  Avg QP:23.88  size: 27029
x264 [info]: consecutive B-frames:  1.0%  0.4%  0.8% 47.7%  4.4%  7.4%  4.4% 26.7%  2.5%  4.6%
x264 [info]: mb I  I16..4:  2.7% 87.6%  9.7%
x264 [info]: mb P  I16..4:  0.3%  3.8%  0.4%  P16..4: 42.9% 27.6% 15.9%  0.0%  0.0%    skip: 9.1%
x264 [info]: mb B  I16..4:  0.0%  0.1%  0.0%  B16..8: 35.0%  6.2%  1.9%  direct:14.3%  skip:42.5%  L0:42.6% L1:47.0% BI:10.5%
x264 [info]: 8x8 transform intra:86.3% inter:58.6%
x264 [info]: coded y,uvDC,uvAC intra: 95.5% 81.1% 71.7% inter: 26.9% 35.9% 10.4%
x264 [info]: i16 v,h,dc,p: 13% 20%  5% 63%
x264 [info]: i8 v,h,dc,ddl,ddr,vr,hd,vl,hu: 11%  9%  4% 11% 14% 13% 14% 10% 12%
x264 [info]: i4 v,h,dc,ddl,ddr,vr,hd,vl,hu: 14%  9%  1% 11% 16% 13% 14% 11% 11%
x264 [info]: i8c dc,h,v,p: 54% 21% 13% 12%
x264 [info]: Weighted P-Frames: Y:3.4% UV:1.6%
x264 [info]: ref P L0: 55.8% 29.8% 14.0%  0.4%
x264 [info]: ref B L0: 81.1% 15.7%  3.3%
x264 [info]: ref B L1: 91.5%  8.5%
x264 [info]: kb/s:8181.12
x264 [info]: encoded 2843 frames, 3.94 fps, 8181.12 kb/s, duration 0:12:01.50
x264 [info]: 1920x1080p 1:1 @ 24000/1001 fps (cfr)
x264 [info]: using SAR=1/1
x264 [info]: using cpu capabilities: MMX2 SSE2Fast SSSE3 SSE4.2 AVX
x264 [info]: profile High 10, level 5.0, 4:2:0 10-bit
x264 [info]: cabac=1 ref=4 deblock=1:1:-1 analyse=0x3:0x113 me=umh subme=9 psy=1 psy_rd=1.00:0.00 mixed_ref=1 me_range=32 chroma_me=1 trellis=2 8x8dct=1 cqm=0 deadzone=21,11 fast_pskip=1 chroma_qp_offset=-2 threads=34 lookahead_threads=5 sliced_threads=0 nr=0 decimate=1 interlaced=0 bluray_compat=0 constrained_intra=0 bframes=9 b_pyramid=2 b_adapt=2 b_bias=0 direct=1 weightb=1 open_gop=0 weightp=2 keyint=240 keyint_min=23 scenecut=40 intra_refresh=0 rc=crf mbtree=0 crf=15.0000 qcomp=0.72 qpmin=0 qpmax=81 qpstep=4 ip_ratio=1.40 pb_ratio=1.30 aq=1:0.85
x264 [info]: frame I:25    Avg QP:20.09  size:269988
x264 [info]: frame P:589   Avg QP:21.62  size: 80798
x264 [info]: frame B:3160  Avg QP:22.99  size: 15210
x264 [info]: consecutive B-frames:  0.8%  1.3%  1.6% 11.2%  5.2% 16.7%  8.2% 39.0%  5.2% 10.9%
x264 [info]: mb I  I16..4:  2.5% 87.2% 10.2%
x264 [info]: mb P  I16..4:  0.4%  4.9%  0.8%  P16..4: 39.1% 21.2% 15.1%  0.0%  0.0%    skip:18.5%
x264 [info]: mb B  I16..4:  0.0%  0.0%  0.0%  B16..8: 23.0%  2.9%  1.1%  direct:12.6%  skip:60.3%  L0:42.3% L1:51.9% BI: 5.9%
x264 [info]: 8x8 transform intra:82.4% inter:57.4%
x264 [info]: coded y,uvDC,uvAC intra: 95.3% 80.8% 75.2% inter: 17.3% 26.5% 5.9%
x264 [info]: i16 v,h,dc,p: 33% 25%  6% 36%
x264 [info]: i8 v,h,dc,ddl,ddr,vr,hd,vl,hu: 10%  7%  4% 12% 15% 15% 14% 12% 11%
x264 [info]: i4 v,h,dc,ddl,ddr,vr,hd,vl,hu: 19%  8%  1% 11% 15% 16% 10% 12%  9%
x264 [info]: i8c dc,h,v,p: 57% 16% 19%  9%
x264 [info]: Weighted P-Frames: Y:4.9% UV:4.4%
x264 [info]: ref P L0: 54.3% 30.7% 15.0%  0.1%
x264 [info]: ref B L0: 79.7% 16.5%  3.8%
x264 [info]: ref B L1: 90.2%  9.8%
x264 [info]: kb/s:5204.52
x264 [info]: encoded 3774 frames, 4.58 fps, 5204.52 kb/s, duration 0:13:44.28
