x264 [info]: 1920x1080p 1:1 @ 24000/1001 fps (cfr)
x264 [info]: using SAR=1/1
x264 [info]: using cpu capabilities: MMX2 SSE2Fast SSSE3 SSE4.2 AVX
x264 [info]: profile High 10, level 5.0, 4:2:0 10-bit
x264 [info]: cabac=1 ref=4 deblock=1:1:-1 analyse=0x3:0x113 me=umh subme=9 psy=1 psy_rd=1.00:0.00 mixed_ref=1 me_range=32 chroma_me=1 trellis=2 8x8dct=1 cqm=0 deadzone=21,11 fast_pskip=1 chroma_qp_offset=-2 threads=34 lookahead_threads=5 sliced_threads=0 nr=0 decimate=1 interlaced=0 bluray_compat=0 constrained_intra=0 bframes=9 b_pyramid=2 b_adapt=2 b_bias=0 direct=1 weightb=1 open_gop=0 weightp=2 keyint=240 keyint_min=23 scenecut=40 intra_refresh=0 rc=crf mbtree=0 crf=15.0000 qcomp=0.72 qpmin=0 qpmax=81 qpstep=4 ip_ratio=1.40 pb_ratio=1.30 aq=1:0.85
x264 [info]: frame I:305   Avg QP:21.58  size:284825
x264 [info]: frame P:6626  Avg QP:22.65  size: 85215
x264 [info]: frame B:27163 Avg QP:23.19  size: 17329
x264 [info]: consecutive B-frames:  2.7%  4.0%  2.9% 18.5%  6.7% 12.7%  8.9% 35.1%  5.0%  3.4%
x264 [info]: mb I  I16..4:  3.7% 79.6% 16.7%
x264 [info]: mb P  I16..4:  1.0%  6.6%  1.4%  P16..4: 44.0% 21.0% 14.5%  0.0%  0.0%    skip:11.6%
x264 [info]: mb B  I16..4:  0.0%  0.1%  0.0%  B16..8: 28.3%  3.6%  1.3%  direct:11.4%  skip:55.3%  L0:43.0% L1:51.7% BI: 5.3%
x264 [info]: 8x8 transform intra:74.7% inter:59.6%
x264 [info]: coded y,uvDC,uvAC intra: 90.6% 86.5% 78.6% inter: 19.3% 28.8% 6.8%
x264 [info]: i16 v,h,dc,p: 17% 23%  2% 58%
x264 [info]: i8 v,h,dc,ddl,ddr,vr,hd,vl,hu: 10%  7%  3% 12% 16% 15% 14% 12% 11%
x264 [info]: i4 v,h,dc,ddl,ddr,vr,hd,vl,hu: 19%  9%  1% 11% 15% 15% 11% 11%  8%
x264 [info]: i8c dc,h,v,p: 47% 17% 19% 17%
x264 [info]: Weighted P-Frames: Y:12.0% UV:10.2%
x264 [info]: ref P L0: 56.1% 27.1% 15.0%  1.6%  0.2%
x264 [info]: ref B L0: 78.9% 17.0%  4.0%
x264 [info]: ref B L1: 90.4%  9.6%
x264 [info]: kb/s:6313.51
x264 [info]: encoded 34094 frames, 4.89 fps, 6313.51 kb/s, duration 1:56:18.06
