x264 [info]: 1920x1080p 1:1 @ 24000/1001 fps (cfr)
x264 [info]: using SAR=1/1
x264 [info]: using cpu capabilities: MMX2 SSE2Fast SSSE3 SSE4.2 AVX
x264 [info]: profile High 10, level 5.0, 4:2:0 10-bit
x264 [info]: cabac=1 ref=4 deblock=1:1:-1 analyse=0x3:0x113 me=umh subme=9 psy=1 psy_rd=1.00:0.00 mixed_ref=1 me_range=32 chroma_me=1 trellis=2 8x8dct=1 cqm=0 deadzone=21,11 fast_pskip=1 chroma_qp_offset=-2 threads=34 lookahead_threads=5 sliced_threads=0 nr=0 decimate=1 interlaced=0 bluray_compat=0 constrained_intra=0 bframes=9 b_pyramid=2 b_adapt=2 b_bias=0 direct=1 weightb=1 open_gop=0 weightp=2 keyint=240 keyint_min=23 scenecut=40 intra_refresh=0 rc=crf mbtree=0 crf=15.0000 qcomp=0.72 qpmin=0 qpmax=81 qpstep=4 ip_ratio=1.40 pb_ratio=1.30 aq=1:0.85
x264 [info]: frame I:14    Avg QP:17.50  size:366325
x264 [info]: frame P:601   Avg QP:21.85  size: 29769
x264 [info]: frame B:2721  Avg QP:22.38  size:  5923
x264 [info]: consecutive B-frames:  1.0%  2.2%  2.6%  8.3% 26.2%  6.8% 30.4% 13.7%  2.7%  6.0%
x264 [info]: mb I  I16..4: 10.6% 70.6% 18.8%
x264 [info]: mb P  I16..4:  0.4%  0.4%  0.9%  P16..4:  6.0%  3.5%  2.5%  0.0%  0.0%    skip:86.2%
x264 [info]: mb B  I16..4:  0.0%  0.0%  0.0%  B16..8:  3.2%  0.8%  0.5%  direct: 2.7%  skip:92.7%  L0:46.5% L1:37.6% BI:15.9%
x264 [info]: 8x8 transform intra:47.9% inter:59.4%
x264 [info]: coded y,uvDC,uvAC intra: 85.9% 51.4% 45.6% inter: 4.8% 3.1% 1.2%
x264 [info]: i16 v,h,dc,p: 16% 80%  3%  1%
x264 [info]: i8 v,h,dc,ddl,ddr,vr,hd,vl,hu:  8% 10% 25%  9% 10% 10% 10%  8% 10%
x264 [info]: i4 v,h,dc,ddl,ddr,vr,hd,vl,hu: 10% 51%  2%  5%  7%  6%  6%  5%  8%
x264 [info]: i8c dc,h,v,p: 52% 35%  9%  4%
x264 [info]: Weighted P-Frames: Y:0.0% UV:0.0%
x264 [info]: ref P L0: 61.8% 27.8% 10.3%  0.1%
x264 [info]: ref B L0: 72.3% 18.9%  8.7%
x264 [info]: ref B L1: 91.4%  8.6%
x264 [info]: kb/s:2250.13
x264 [info]: encoded 3336 frames, 10.65 fps, 2250.13 kb/s, duration 0:05:13.15
