x264 [info]: 1920x1080p 1:1 @ 24000/1001 fps (cfr)
x264 [info]: using SAR=1/1
x264 [info]: using cpu capabilities: MMX2 SSE2Fast SSSE3 SSE4.2 AVX
x264 [info]: profile High 10, level 5.0, 4:2:0 10-bit
x264 [info]: cabac=1 ref=4 deblock=1:1:-1 analyse=0x3:0x113 me=umh subme=9 psy=1 psy_rd=1.00:0.00 mixed_ref=1 me_range=32 chroma_me=1 trellis=2 8x8dct=1 cqm=0 deadzone=21,11 fast_pskip=1 chroma_qp_offset=-2 threads=34 lookahead_threads=5 sliced_threads=0 nr=0 decimate=1 interlaced=0 bluray_compat=0 constrained_intra=0 bframes=9 b_pyramid=2 b_adapt=2 b_bias=0 direct=1 weightb=1 open_gop=0 weightp=2 keyint=240 keyint_min=23 scenecut=40 intra_refresh=0 rc=crf mbtree=0 crf=15.0000 qcomp=0.72 qpmin=0 qpmax=81 qpstep=4 ip_ratio=1.40 pb_ratio=1.30 aq=1:0.85
x264 [info]: frame I:12    Avg QP:16.97  size:367041
x264 [info]: frame P:445   Avg QP:20.17  size: 31761
x264 [info]: frame B:2279  Avg QP:20.80  size: 12483
x264 [info]: consecutive B-frames:  0.7%  0.7%  3.2% 12.6%  7.7% 17.8% 11.5% 23.7%  7.9% 14.3%
x264 [info]: mb I  I16..4: 11.4% 73.9% 14.7%
x264 [info]: mb P  I16..4:  0.1%  1.4%  0.3%  P16..4:  6.0%  3.9%  3.0%  0.0%  0.0%    skip:85.3%
x264 [info]: mb B  I16..4:  0.0%  0.1%  0.0%  B16..8:  3.9%  1.3%  0.9%  direct: 3.7%  skip:90.1%  L0:38.9% L1:43.1% BI:18.1%
x264 [info]: 8x8 transform intra:76.5% inter:38.9%
x264 [info]: coded y,uvDC,uvAC intra: 91.3% 52.1% 49.8% inter: 5.3% 4.9% 3.5%
x264 [info]: i16 v,h,dc,p: 38% 46% 12%  5%
x264 [info]: i8 v,h,dc,ddl,ddr,vr,hd,vl,hu:  9%  7% 23% 10% 10% 10%  9% 11% 10%
x264 [info]: i4 v,h,dc,ddl,ddr,vr,hd,vl,hu: 19% 18%  3%  9% 11% 11% 10%  9% 10%
x264 [info]: i8c dc,h,v,p: 72% 10% 11%  6%
x264 [info]: Weighted P-Frames: Y:0.0% UV:0.0%
x264 [info]: ref P L0: 56.6% 26.5% 16.9%  0.0%
x264 [info]: ref B L0: 74.4% 20.4%  5.1%
x264 [info]: ref B L1: 89.9% 10.1%
x264 [info]: kb/s:3293.97
x264 [info]: encoded 2736 frames, 10.03 fps, 3293.97 kb/s, duration 0:04:32.80
