x264 [info]: 1920x1080p 1:1 @ 24000/1001 fps (cfr)
x264 [info]: using SAR=1/1
x264 [info]: using cpu capabilities: MMX2 SSE2Fast SSSE3 SSE4.2
x264 [info]: profile High 10, level 5.0, 4:2:0 10-bit
x264 [info]: cabac=1 ref=4 deblock=1:-1:-1 analyse=0x3:0x113 me=umh subme=9 psy=1 psy_rd=1.00:0.00 mixed_ref=1 me_range=32 chroma_me=1 trellis=2 8x8dct=1 cqm=0 deadzone=21,11 fast_pskip=1 chroma_qp_offset=-2 threads=34 lookahead_threads=5 sliced_threads=0 nr=0 decimate=1 interlaced=0 bluray_compat=0 constrained_intra=0 bframes=9 b_pyramid=2 b_adapt=2 b_bias=0 direct=1 weightb=1 open_gop=0 weightp=2 keyint=250 keyint_min=23 scenecut=40 intra_refresh=0 rc=crf mbtree=0 crf=15.5000 qcomp=0.72 qpmin=0 qpmax=81 qpstep=4 ip_ratio=1.40 pb_ratio=1.30 aq=1:0.90
x264 [info]: frame I:287   Avg QP:22.45  size:197076
x264 [info]: frame P:7223  Avg QP:23.93  size:118482
x264 [info]: frame B:27578 Avg QP:25.64  size: 57311
x264 [info]: consecutive B-frames:  2.7%  2.9%  4.7%  6.5%  8.1% 72.6%  1.5%  0.5%  0.2%  0.3%
x264 [info]: mb I  I16..4:  2.9% 76.5% 20.6%
x264 [info]: mb P  I16..4:  0.4% 11.7%  2.2%  P16..4: 38.9% 34.2% 12.2%  0.0%  0.0%    skip: 0.4%
x264 [info]: mb B  I16..4:  0.0%  0.8%  0.1%  B16..8: 45.8% 14.6%  3.8%  direct:24.0%  skip:10.9%  L0:43.7% L1:39.5% BI:16.8%
x264 [info]: 8x8 transform intra:81.7% inter:64.3%
x264 [info]: coded y,uvDC,uvAC intra: 95.6% 88.0% 62.7% inter: 62.8% 38.5% 1.2%
x264 [info]: i16 v,h,dc,p: 41% 12% 13% 33%
x264 [info]: i8 v,h,dc,ddl,ddr,vr,hd,vl,hu: 11%  7%  5% 11% 15% 12% 14% 11% 14%
x264 [info]: i4 v,h,dc,ddl,ddr,vr,hd,vl,hu: 17%  9%  4%  9% 13% 13% 12% 10% 13%
x264 [info]: i8c dc,h,v,p: 36% 18% 19% 27%
x264 [info]: Weighted P-Frames: Y:7.0% UV:5.2%
x264 [info]: ref P L0: 55.5% 27.0% 16.5%  0.9%  0.1%
x264 [info]: ref B L0: 81.5% 15.2%  3.2%
x264 [info]: ref B L1: 94.7%  5.3%
x264 [info]: kb/s:13627.28
x264 [info]: encoded 35088 frames, 9.42 fps, 13627.28 kb/s, duration 1:02:05.29
