x264 [info]: 1920x1080p 1:1 @ 24000/1001 fps (cfr)
x264 [info]: using SAR=1/1
x264 [info]: using cpu capabilities: MMX2 SSE2Fast SSSE3 SSE4.2
x264 [info]: profile High 10, level 5.0, 4:2:0 10-bit
x264 [info]: cabac=1 ref=4 deblock=1:-1:-1 analyse=0x3:0x113 me=umh subme=9 psy=1 psy_rd=1.00:0.00 mixed_ref=1 me_range=32 chroma_me=1 trellis=2 8x8dct=1 cqm=0 deadzone=21,11 fast_pskip=1 chroma_qp_offset=-2 threads=34 lookahead_threads=5 sliced_threads=0 nr=0 decimate=1 interlaced=0 bluray_compat=0 constrained_intra=0 bframes=9 b_pyramid=2 b_adapt=2 b_bias=0 direct=1 weightb=1 open_gop=0 weightp=2 keyint=250 keyint_min=23 scenecut=40 intra_refresh=0 rc=crf mbtree=0 crf=15.5000 qcomp=0.72 qpmin=0 qpmax=81 qpstep=4 ip_ratio=1.40 pb_ratio=1.30 aq=1:0.90
x264 [info]: frame I:274   Avg QP:22.45  size:200898
x264 [info]: frame P:7210  Avg QP:23.99  size:123426
x264 [info]: frame B:27604 Avg QP:25.65  size: 58703
x264 [info]: consecutive B-frames:  2.5%  2.6%  5.7%  7.1%  7.8% 72.0%  1.2%  0.6%  0.2%  0.3%
x264 [info]: mb I  I16..4:  3.0% 76.8% 20.2%
x264 [info]: mb P  I16..4:  0.4% 13.4%  2.7%  P16..4: 37.4% 33.6% 12.0%  0.0%  0.0%    skip: 0.5%
x264 [info]: mb B  I16..4:  0.0%  1.0%  0.2%  B16..8: 45.6% 14.6%  3.9%  direct:23.6%  skip:11.0%  L0:43.3% L1:38.7% BI:18.0%
x264 [info]: 8x8 transform intra:81.0% inter:62.6%
x264 [info]: coded y,uvDC,uvAC intra: 96.1% 84.8% 56.8% inter: 62.5% 36.6% 1.1%
x264 [info]: i16 v,h,dc,p: 42% 10% 15% 33%
x264 [info]: i8 v,h,dc,ddl,ddr,vr,hd,vl,hu: 13%  6%  6% 11% 14% 12% 13% 12% 14%
x264 [info]: i4 v,h,dc,ddl,ddr,vr,hd,vl,hu: 19%  8%  5%  9% 12% 12% 11% 11% 13%
x264 [info]: i8c dc,h,v,p: 33% 18% 20% 29%
x264 [info]: Weighted P-Frames: Y:7.7% UV:5.6%
x264 [info]: ref P L0: 55.8% 27.0% 16.3%  0.8%  0.1%
x264 [info]: ref B L0: 82.1% 14.8%  3.0%
x264 [info]: ref B L1: 95.2%  4.8%
x264 [info]: kb/s:14023.68
x264 [info]: encoded 35088 frames, 9.39 fps, 14023.68 kb/s, duration 1:02:16.33
