x264 [info]: 1920x1080p 1:1 @ 24000/1001 fps (cfr)
x264 [info]: using SAR=1/1
x264 [info]: using cpu capabilities: MMX2 SSE2Fast SSSE3 SSE4.2
x264 [info]: profile High 10, level 5.0, 4:2:0 10-bit
x264 [info]: cabac=1 ref=4 deblock=1:-1:-1 analyse=0x3:0x113 me=umh subme=9 psy=1 psy_rd=1.00:0.00 mixed_ref=1 me_range=32 chroma_me=1 trellis=2 8x8dct=1 cqm=0 deadzone=21,11 fast_pskip=1 chroma_qp_offset=-2 threads=34 lookahead_threads=5 sliced_threads=0 nr=0 decimate=1 interlaced=0 bluray_compat=0 constrained_intra=0 bframes=9 b_pyramid=2 b_adapt=2 b_bias=0 direct=1 weightb=1 open_gop=0 weightp=2 keyint=250 keyint_min=23 scenecut=40 intra_refresh=0 rc=crf mbtree=0 crf=15.5000 qcomp=0.72 qpmin=0 qpmax=81 qpstep=4 ip_ratio=1.40 pb_ratio=1.30 aq=1:0.90
x264 [info]: frame I:289   Avg QP:23.21  size:217654
x264 [info]: frame P:6974  Avg QP:24.39  size:130836
x264 [info]: frame B:27825 Avg QP:26.22  size: 63318
x264 [info]: consecutive B-frames:  2.2%  2.2%  4.8%  5.4%  8.0% 75.2%  1.5%  0.3%  0.1%  0.2%
x264 [info]: mb I  I16..4:  2.0% 71.2% 26.8%
x264 [info]: mb P  I16..4:  0.3% 12.8%  2.2%  P16..4: 36.8% 35.0% 12.5%  0.0%  0.0%    skip: 0.4%
x264 [info]: mb B  I16..4:  0.0%  1.0%  0.1%  B16..8: 45.0% 15.0%  4.0%  direct:25.7%  skip: 9.2%  L0:42.1% L1:36.8% BI:21.2%
x264 [info]: 8x8 transform intra:82.3% inter:61.8%
x264 [info]: coded y,uvDC,uvAC intra: 96.6% 86.7% 58.5% inter: 66.3% 38.0% 1.3%
x264 [info]: i16 v,h,dc,p: 24% 14% 20% 41%
x264 [info]: i8 v,h,dc,ddl,ddr,vr,hd,vl,hu:  9%  7%  6% 11% 14% 12% 14% 11% 16%
x264 [info]: i4 v,h,dc,ddl,ddr,vr,hd,vl,hu: 13% 10%  5%  9% 13% 11% 13% 10% 16%
x264 [info]: i8c dc,h,v,p: 34% 20% 17% 29%
x264 [info]: Weighted P-Frames: Y:7.5% UV:4.8%
x264 [info]: ref P L0: 56.3% 27.2% 15.7%  0.8%  0.0%
x264 [info]: ref B L0: 82.5% 14.7%  2.8%
x264 [info]: ref B L1: 95.6%  4.4%
x264 [info]: kb/s:14962.77
x264 [info]: encoded 35088 frames, 9.25 fps, 14962.77 kb/s, duration 1:03:12.51
