x264 [info]: 1920x1080p 1:1 @ 24000/1001 fps (cfr)
x264 [info]: using SAR=1/1
x264 [info]: using cpu capabilities: MMX2 SSE2Fast SSSE3 SSE4.2
x264 [info]: profile High 10, level 5.0, 4:2:0 10-bit
x264 [info]: cabac=1 ref=4 deblock=1:-1:-1 analyse=0x3:0x113 me=umh subme=9 psy=1 psy_rd=1.00:0.00 mixed_ref=1 me_range=32 chroma_me=1 trellis=2 8x8dct=1 cqm=0 deadzone=21,11 fast_pskip=1 chroma_qp_offset=-2 threads=34 lookahead_threads=5 sliced_threads=0 nr=0 decimate=1 interlaced=0 bluray_compat=0 constrained_intra=0 bframes=9 b_pyramid=2 b_adapt=2 b_bias=0 direct=1 weightb=1 open_gop=0 weightp=2 keyint=250 keyint_min=23 scenecut=40 intra_refresh=0 rc=crf mbtree=0 crf=15.5000 qcomp=0.72 qpmin=0 qpmax=81 qpstep=4 ip_ratio=1.40 pb_ratio=1.30 aq=1:0.90
x264 [info]: frame I:280   Avg QP:23.68  size:217611
x264 [info]: frame P:7262  Avg QP:25.02  size:127041
x264 [info]: frame B:27546 Avg QP:26.82  size: 56929
x264 [info]: consecutive B-frames:  2.9%  3.1%  4.8%  5.3%  7.3% 74.7%  1.1%  0.5%  0.1%  0.3%
x264 [info]: mb I  I16..4:  2.5% 67.2% 30.3%
x264 [info]: mb P  I16..4:  0.4% 10.7%  2.5%  P16..4: 38.8% 34.2% 12.9%  0.0%  0.0%    skip: 0.5%
x264 [info]: mb B  I16..4:  0.0%  0.7%  0.1%  B16..8: 44.0% 13.7%  3.6%  direct:25.5%  skip:12.3%  L0:40.4% L1:37.5% BI:22.1%
x264 [info]: 8x8 transform intra:77.0% inter:61.9%
x264 [info]: coded y,uvDC,uvAC intra: 95.8% 87.5% 60.4% inter: 62.0% 34.9% 1.6%
x264 [info]: i16 v,h,dc,p: 41% 11% 17% 31%
x264 [info]: i8 v,h,dc,ddl,ddr,vr,hd,vl,hu: 11%  8%  6% 11% 14% 12% 13% 11% 15%
x264 [info]: i4 v,h,dc,ddl,ddr,vr,hd,vl,hu: 15% 13%  5%  9% 12% 11% 12% 10% 14%
x264 [info]: i8c dc,h,v,p: 32% 21% 19% 27%
x264 [info]: Weighted P-Frames: Y:6.0% UV:4.4%
x264 [info]: ref P L0: 57.6% 27.1% 14.4%  0.8%  0.1%
x264 [info]: ref B L0: 82.8% 14.5%  2.6%
x264 [info]: ref B L1: 95.9%  4.1%
x264 [info]: kb/s:13948.67
x264 [info]: encoded 35088 frames, 9.92 fps, 13948.67 kb/s, duration 0:58:55.77
