x264 [info]: 1920x1080p 1:1 @ 24000/1001 fps (cfr)
x264 [info]: using SAR=1/1
x264 [info]: using cpu capabilities: MMX2 SSE2Fast SSSE3 SSE4.2
x264 [info]: profile High 10, level 5.0, 4:2:0 10-bit
x264 [info]: cabac=1 ref=4 deblock=1:-1:-1 analyse=0x3:0x113 me=umh subme=9 psy=1 psy_rd=1.00:0.00 mixed_ref=1 me_range=32 chroma_me=1 trellis=2 8x8dct=1 cqm=0 deadzone=21,11 fast_pskip=1 chroma_qp_offset=-2 threads=34 lookahead_threads=5 sliced_threads=0 nr=0 decimate=1 interlaced=0 bluray_compat=0 constrained_intra=0 bframes=9 b_pyramid=2 b_adapt=2 b_bias=0 direct=1 weightb=1 open_gop=0 weightp=2 keyint=250 keyint_min=23 scenecut=40 intra_refresh=0 rc=crf mbtree=0 crf=15.5000 qcomp=0.72 qpmin=0 qpmax=81 qpstep=4 ip_ratio=1.40 pb_ratio=1.30 aq=1:0.90
x264 [info]: frame I:258   Avg QP:23.39  size:210217
x264 [info]: frame P:7211  Avg QP:24.77  size:123134
x264 [info]: frame B:27619 Avg QP:26.59  size: 56879
x264 [info]: consecutive B-frames:  2.7%  2.5%  5.4%  6.5%  7.3% 73.0%  1.5%  0.4%  0.4%  0.3%
x264 [info]: mb I  I16..4:  2.9% 70.1% 27.0%
x264 [info]: mb P  I16..4:  0.4% 12.9%  2.5%  P16..4: 38.5% 33.4% 11.9%  0.0%  0.0%    skip: 0.5%
x264 [info]: mb B  I16..4:  0.0%  1.0%  0.1%  B16..8: 43.7% 14.0%  3.6%  direct:25.6%  skip:11.9%  L0:41.6% L1:37.1% BI:21.3%
x264 [info]: 8x8 transform intra:80.2% inter:63.2%
x264 [info]: coded y,uvDC,uvAC intra: 96.0% 87.2% 59.2% inter: 62.2% 37.2% 1.4%
x264 [info]: i16 v,h,dc,p: 38% 13% 16% 33%
x264 [info]: i8 v,h,dc,ddl,ddr,vr,hd,vl,hu: 11%  7%  6% 11% 14% 12% 14% 11% 15%
x264 [info]: i4 v,h,dc,ddl,ddr,vr,hd,vl,hu: 15% 10%  4%  9% 13% 12% 12% 10% 14%
x264 [info]: i8c dc,h,v,p: 32% 20% 19% 29%
x264 [info]: Weighted P-Frames: Y:6.9% UV:4.9%
x264 [info]: ref P L0: 57.4% 27.0% 14.8%  0.8%  0.1%
x264 [info]: ref B L0: 82.5% 14.8%  2.7%
x264 [info]: ref B L1: 95.6%  4.4%
x264 [info]: kb/s:13737.89
x264 [info]: encoded 35088 frames, 9.70 fps, 13737.89 kb/s, duration 1:00:16.16
