x264 [info]: 1920x1080p 1:1 @ 24000/1001 fps (cfr)
x264 [info]: using SAR=1/1
x264 [info]: using cpu capabilities: MMX2 SSE2Fast SSSE3 SSE4.2
x264 [info]: profile High 10, level 5.0, 4:2:0 10-bit
x264 [info]: cabac=1 ref=4 deblock=1:-1:-1 analyse=0x3:0x113 me=umh subme=9 psy=1 psy_rd=1.00:0.00 mixed_ref=1 me_range=32 chroma_me=1 trellis=2 8x8dct=1 cqm=0 deadzone=21,11 fast_pskip=1 chroma_qp_offset=-2 threads=34 lookahead_threads=5 sliced_threads=0 nr=0 decimate=1 interlaced=0 bluray_compat=0 constrained_intra=0 bframes=9 b_pyramid=2 b_adapt=2 b_bias=0 direct=1 weightb=1 open_gop=0 weightp=2 keyint=250 keyint_min=23 scenecut=40 intra_refresh=0 rc=crf mbtree=0 crf=15.5000 qcomp=0.72 qpmin=0 qpmax=81 qpstep=4 ip_ratio=1.40 pb_ratio=1.30 aq=1:0.90
x264 [info]: frame I:353   Avg QP:23.06  size:201165
x264 [info]: frame P:7606  Avg QP:24.45  size:117970
x264 [info]: frame B:27129 Avg QP:26.07  size: 54159
x264 [info]: consecutive B-frames:  3.3%  3.8%  7.1%  7.4%  9.2% 67.1%  1.4%  0.3%  0.1%  0.3%
x264 [info]: mb I  I16..4:  2.5% 70.4% 27.1%
x264 [info]: mb P  I16..4:  0.4% 13.4%  3.2%  P16..4: 38.8% 32.3% 11.3%  0.0%  0.0%    skip: 0.5%
x264 [info]: mb B  I16..4:  0.0%  0.9%  0.2%  B16..8: 44.8% 14.0%  3.5%  direct:24.1%  skip:12.5%  L0:43.4% L1:39.7% BI:16.9%
x264 [info]: 8x8 transform intra:78.0% inter:64.8%
x264 [info]: coded y,uvDC,uvAC intra: 95.5% 88.4% 61.7% inter: 60.4% 38.4% 1.4%
x264 [info]: i16 v,h,dc,p: 41% 13% 13% 33%
x264 [info]: i8 v,h,dc,ddl,ddr,vr,hd,vl,hu: 10%  8%  5% 11% 14% 12% 14% 11% 15%
x264 [info]: i4 v,h,dc,ddl,ddr,vr,hd,vl,hu: 15% 10%  4%  9% 13% 12% 12% 10% 14%
x264 [info]: i8c dc,h,v,p: 33% 20% 19% 28%
x264 [info]: Weighted P-Frames: Y:7.1% UV:5.0%
x264 [info]: ref P L0: 57.2% 26.7% 15.1%  0.9%  0.1%
x264 [info]: ref B L0: 82.3% 14.7%  3.0%
x264 [info]: ref B L1: 95.2%  4.8%
x264 [info]: kb/s:13324.90
x264 [info]: encoded 35088 frames, 9.67 fps, 13324.90 kb/s, duration 1:00:26.73
