x264 [info]: 1920x1080p 1:1 @ 24000/1001 fps (cfr)
x264 [info]: using SAR=1/1
x264 [info]: using cpu capabilities: MMX2 SSE2Fast SSSE3 SSE4.2
x264 [info]: profile High 10, level 5.0, 4:2:0 10-bit
x264 [info]: cabac=1 ref=4 deblock=1:-1:-1 analyse=0x3:0x113 me=umh subme=9 psy=1 psy_rd=1.00:0.00 mixed_ref=1 me_range=32 chroma_me=1 trellis=2 8x8dct=1 cqm=0 deadzone=21,11 fast_pskip=1 chroma_qp_offset=-2 threads=34 lookahead_threads=5 sliced_threads=0 nr=0 decimate=1 interlaced=0 bluray_compat=0 constrained_intra=0 bframes=9 b_pyramid=2 b_adapt=2 b_bias=0 direct=1 weightb=1 open_gop=0 weightp=2 keyint=250 keyint_min=23 scenecut=40 intra_refresh=0 rc=crf mbtree=0 crf=15.5000 qcomp=0.72 qpmin=0 qpmax=81 qpstep=4 ip_ratio=1.40 pb_ratio=1.30 aq=1:0.90
x264 [info]: frame I:270   Avg QP:23.21  size:214855
x264 [info]: frame P:7636  Avg QP:24.60  size:132970
x264 [info]: frame B:27182 Avg QP:26.34  size: 65235
x264 [info]: consecutive B-frames:  3.4%  3.6%  6.4%  7.3%  7.8% 69.4%  1.5%  0.3%  0.1%  0.3%
x264 [info]: mb I  I16..4:  2.7% 71.6% 25.8%
x264 [info]: mb P  I16..4:  0.5% 14.5%  2.9%  P16..4: 35.9% 33.8% 11.9%  0.0%  0.0%    skip: 0.4%
x264 [info]: mb B  I16..4:  0.1%  1.3%  0.2%  B16..8: 44.8% 15.2%  4.2%  direct:25.1%  skip: 9.2%  L0:42.2% L1:35.9% BI:21.9%
x264 [info]: 8x8 transform intra:80.3% inter:60.4%
x264 [info]: coded y,uvDC,uvAC intra: 96.7% 83.8% 53.8% inter: 66.3% 34.3% 1.1%
x264 [info]: i16 v,h,dc,p: 39% 13% 19% 30%
x264 [info]: i8 v,h,dc,ddl,ddr,vr,hd,vl,hu: 11%  7%  7% 11% 14% 11% 14% 11% 15%
x264 [info]: i4 v,h,dc,ddl,ddr,vr,hd,vl,hu: 17% 10%  5%  9% 12% 11% 12% 10% 14%
x264 [info]: i8c dc,h,v,p: 31% 20% 21% 28%
x264 [info]: Weighted P-Frames: Y:6.5% UV:4.7%
x264 [info]: ref P L0: 57.4% 26.2% 15.3%  1.1%  0.1%
x264 [info]: ref B L0: 83.0% 14.4%  2.6%
x264 [info]: ref B L1: 96.0%  4.0%
x264 [info]: kb/s:15560.91
x264 [info]: encoded 35088 frames, 9.17 fps, 15560.91 kb/s, duration 1:03:46.51
