x264 [info]: 1920x1080p 1:1 @ 24000/1001 fps (cfr)
x264 [info]: using SAR=1/1
x264 [info]: using cpu capabilities: MMX2 SSE2Fast SSSE3 SSE4.2
x264 [info]: profile High 10, level 5.0, 4:2:0 10-bit
x264 [info]: cabac=1 ref=4 deblock=1:-1:-1 analyse=0x3:0x113 me=umh subme=9 psy=1 psy_rd=1.00:0.00 mixed_ref=1 me_range=32 chroma_me=1 trellis=2 8x8dct=1 cqm=0 deadzone=21,11 fast_pskip=1 chroma_qp_offset=-2 threads=34 lookahead_threads=5 sliced_threads=0 nr=0 decimate=1 interlaced=0 bluray_compat=0 constrained_intra=0 bframes=9 b_pyramid=2 b_adapt=2 b_bias=0 direct=1 weightb=1 open_gop=0 weightp=2 keyint=250 keyint_min=23 scenecut=40 intra_refresh=0 rc=crf mbtree=0 crf=15.5000 qcomp=0.72 qpmin=0 qpmax=81 qpstep=4 ip_ratio=1.40 pb_ratio=1.30 aq=1:0.90
x264 [info]: frame I:301   Avg QP:23.56  size:220205
x264 [info]: frame P:7039  Avg QP:24.71  size:141110
x264 [info]: frame B:27748 Avg QP:26.61  size: 69208
x264 [info]: consecutive B-frames:  2.4%  2.3%  5.0%  6.2%  7.6% 74.6%  1.1%  0.5%  0.1%  0.4%
x264 [info]: mb I  I16..4:  2.7% 67.5% 29.8%
x264 [info]: mb P  I16..4:  0.4% 14.9%  2.5%  P16..4: 35.1% 34.1% 12.3%  0.0%  0.0%    skip: 0.6%
x264 [info]: mb B  I16..4:  0.1%  1.3%  0.2%  B16..8: 44.2% 14.6%  4.2%  direct:26.5%  skip: 9.0%  L0:40.8% L1:34.8% BI:24.4%
x264 [info]: 8x8 transform intra:81.9% inter:59.7%
x264 [info]: coded y,uvDC,uvAC intra: 97.0% 83.4% 52.5% inter: 67.8% 35.4% 1.0%
x264 [info]: i16 v,h,dc,p: 19% 11% 32% 39%
x264 [info]: i8 v,h,dc,ddl,ddr,vr,hd,vl,hu: 10%  7%  7% 11% 14% 11% 14% 11% 15%
x264 [info]: i4 v,h,dc,ddl,ddr,vr,hd,vl,hu: 14%  9%  5%  9% 13% 12% 12% 11% 15%
x264 [info]: i8c dc,h,v,p: 33% 20% 19% 27%
x264 [info]: Weighted P-Frames: Y:6.8% UV:4.6%
x264 [info]: ref P L0: 57.9% 26.9% 14.5%  0.6%  0.1%
x264 [info]: ref B L0: 83.5% 14.2%  2.4%
x264 [info]: ref B L1: 96.4%  3.6%
x264 [info]: kb/s:16289.75
x264 [info]: encoded 35088 frames, 9.24 fps, 16289.74 kb/s, duration 1:03:17.50
