x264 [error]: bad sequence header magic
x264 [error]: could not open input file `-'
x264 [info]: 1920x1080p 1:1 @ 24000/1001 fps (cfr)
x264 [info]: using SAR=1/1
x264 [info]: using cpu capabilities: MMX2 SSE2Fast SSSE3 SSE4.2
x264 [info]: profile High 10, level 5.0, 4:2:0 10-bit
x264 [info]: cabac=1 ref=4 deblock=1:1:-1 analyse=0x3:0x113 me=umh subme=9 psy=1 psy_rd=1.00:0.00 mixed_ref=1 me_range=32 chroma_me=1 trellis=2 8x8dct=1 cqm=0 deadzone=21,11 fast_pskip=1 chroma_qp_offset=-2 threads=34 lookahead_threads=5 sliced_threads=0 nr=0 decimate=1 interlaced=0 bluray_compat=0 constrained_intra=0 bframes=9 b_pyramid=2 b_adapt=2 b_bias=0 direct=1 weightb=1 open_gop=0 weightp=2 keyint=250 keyint_min=23 scenecut=40 intra_refresh=0 rc=crf mbtree=0 crf=15.0000 qcomp=0.72 qpmin=0 qpmax=81 qpstep=4 ip_ratio=1.40 pb_ratio=1.30 aq=1:0.85
x264 [info]: frame I:286   Avg QP:21.55  size:343217
x264 [info]: frame P:8061  Avg QP:22.93  size: 85621
x264 [info]: frame B:25842 Avg QP:23.68  size: 20001
x264 [info]: consecutive B-frames:  3.1%  5.7% 17.8% 12.6% 11.0% 25.3%  5.5%  6.5%  9.2%  3.2%
x264 [info]: mb I  I16..4:  4.9% 84.3% 10.9%
x264 [info]: mb P  I16..4:  0.5%  6.8%  0.8%  P16..4: 41.1% 18.5% 13.8%  0.0%  0.0%    skip:18.5%
x264 [info]: mb B  I16..4:  0.1%  0.3%  0.1%  B16..8: 27.4%  3.8%  1.4%  direct: 6.4%  skip:60.5%  L0:41.8% L1:50.6% BI: 7.6%
x264 [info]: 8x8 transform intra:82.6% inter:64.9%
x264 [info]: coded y,uvDC,uvAC intra: 92.1% 94.7% 84.3% inter: 18.6% 25.1% 8.3%
x264 [info]: i16 v,h,dc,p: 32% 26%  7% 35%
x264 [info]: i8 v,h,dc,ddl,ddr,vr,hd,vl,hu: 13% 12%  5% 10% 13% 12% 13% 10% 12%
x264 [info]: i4 v,h,dc,ddl,ddr,vr,hd,vl,hu: 17% 12%  2%  9% 15% 13% 13% 10%  9%
x264 [info]: i8c dc,h,v,p: 44% 17% 15% 25%
x264 [info]: Weighted P-Frames: Y:6.5% UV:5.1%
x264 [info]: ref P L0: 58.6% 27.8% 12.5%  0.9%  0.2%
x264 [info]: ref B L0: 77.5% 18.6%  3.9%
x264 [info]: ref B L1: 92.5%  7.5%
x264 [info]: kb/s:7322.56
x264 [info]: encoded 34189 frames, 4.00 fps, 7322.56 kb/s, duration 2:22:31.29
x264 [info]: 1920x1080p 1:1 @ 24000/1001 fps (cfr)
x264 [info]: using SAR=1/1
x264 [info]: using cpu capabilities: MMX2 SSE2Fast SSSE3 SSE4.2
x264 [info]: profile High 10, level 5.0, 4:2:0 10-bit
x264 [info]: cabac=1 ref=4 deblock=1:1:-1 analyse=0x3:0x113 me=umh subme=9 psy=1 psy_rd=1.00:0.00 mixed_ref=1 me_range=32 chroma_me=1 trellis=2 8x8dct=1 cqm=0 deadzone=21,11 fast_pskip=1 chroma_qp_offset=-2 threads=34 lookahead_threads=5 sliced_threads=0 nr=0 decimate=1 interlaced=0 bluray_compat=0 constrained_intra=0 bframes=9 b_pyramid=2 b_adapt=2 b_bias=0 direct=1 weightb=1 open_gop=0 weightp=2 keyint=250 keyint_min=23 scenecut=40 intra_refresh=0 rc=crf mbtree=0 crf=15.0000 qcomp=0.72 qpmin=0 qpmax=81 qpstep=4 ip_ratio=1.40 pb_ratio=1.30 aq=1:0.85
x264 [info]: frame I:286   Avg QP:21.55  size:343809
x264 [info]: frame P:8066  Avg QP:22.93  size: 85758
x264 [info]: frame B:25837 Avg QP:23.68  size: 19982
x264 [info]: consecutive B-frames:  3.1%  5.7% 17.9% 12.6% 10.9% 25.3%  5.4%  6.5%  9.3%  3.2%
x264 [info]: mb I  I16..4:  4.8% 84.3% 10.9%
x264 [info]: mb P  I16..4:  0.5%  6.8%  0.8%  P16..4: 41.1% 18.5% 13.8%  0.0%  0.0%    skip:18.5%
x264 [info]: mb B  I16..4:  0.1%  0.3%  0.1%  B16..8: 27.4%  3.8%  1.4%  direct: 6.5%  skip:60.5%  L0:41.8% L1:50.6% BI: 7.6%
x264 [info]: 8x8 transform intra:82.6% inter:64.9%
x264 [info]: coded y,uvDC,uvAC intra: 92.2% 94.7% 84.3% inter: 18.6% 25.1% 8.3%
x264 [info]: i16 v,h,dc,p: 32% 26%  7% 35%
x264 [info]: i8 v,h,dc,ddl,ddr,vr,hd,vl,hu: 13% 12%  5% 10% 13% 12% 13% 10% 12%
x264 [info]: i4 v,h,dc,ddl,ddr,vr,hd,vl,hu: 17% 12%  2%  9% 15% 13% 13% 10%  9%
x264 [info]: i8c dc,h,v,p: 44% 17% 15% 25%
x264 [info]: Weighted P-Frames: Y:6.5% UV:5.2%
x264 [info]: ref P L0: 58.6% 27.8% 12.4%  0.9%  0.2%
x264 [info]: ref B L0: 77.5% 18.6%  3.9%
x264 [info]: ref B L1: 92.5%  7.5%
x264 [info]: kb/s:7328.78
x264 [info]: encoded 34189 frames, 4.10 fps, 7328.78 kb/s, duration 2:18:49.22
x264 [info]: 1920x1080p 1:1 @ 24000/1001 fps (cfr)
x264 [info]: using SAR=1/1
x264 [info]: using cpu capabilities: MMX2 SSE2Fast SSSE3 SSE4.2
x264 [info]: profile High 10, level 5.0, 4:2:0 10-bit
x264 [info]: cabac=1 ref=4 deblock=1:1:-1 analyse=0x3:0x113 me=umh subme=9 psy=1 psy_rd=1.00:0.00 mixed_ref=1 me_range=32 chroma_me=1 trellis=2 8x8dct=1 cqm=0 deadzone=21,11 fast_pskip=1 chroma_qp_offset=-2 threads=34 lookahead_threads=5 sliced_threads=0 nr=0 decimate=1 interlaced=0 bluray_compat=0 constrained_intra=0 bframes=9 b_pyramid=2 b_adapt=2 b_bias=0 direct=1 weightb=1 open_gop=0 weightp=2 keyint=250 keyint_min=23 scenecut=40 intra_refresh=0 rc=crf mbtree=0 crf=15.0000 qcomp=0.72 qpmin=0 qpmax=81 qpstep=4 ip_ratio=1.40 pb_ratio=1.30 aq=1:0.85
x264 [info]: frame I:286   Avg QP:21.55  size:343347
x264 [info]: frame P:8061  Avg QP:22.93  size: 85727
x264 [info]: frame B:25842 Avg QP:23.68  size: 20037
x264 [info]: consecutive B-frames:  3.1%  5.7% 17.9% 12.5% 11.0% 25.4%  5.4%  6.6%  9.1%  3.3%
x264 [info]: mb I  I16..4:  4.8% 84.3% 10.8%
x264 [info]: mb P  I16..4:  0.5%  6.8%  0.8%  P16..4: 41.1% 18.5% 13.8%  0.0%  0.0%    skip:18.5%
x264 [info]: mb B  I16..4:  0.1%  0.3%  0.1%  B16..8: 27.4%  3.8%  1.4%  direct: 6.5%  skip:60.5%  L0:41.9% L1:50.6% BI: 7.5%
x264 [info]: 8x8 transform intra:82.7% inter:64.9%
x264 [info]: coded y,uvDC,uvAC intra: 92.2% 94.7% 84.3% inter: 18.7% 25.1% 8.3%
x264 [info]: i16 v,h,dc,p: 32% 26%  7% 35%
x264 [info]: i8 v,h,dc,ddl,ddr,vr,hd,vl,hu: 13% 12%  5% 10% 13% 12% 13% 10% 12%
x264 [info]: i4 v,h,dc,ddl,ddr,vr,hd,vl,hu: 17% 12%  2%  9% 15% 13% 13% 10%  9%
x264 [info]: i8c dc,h,v,p: 44% 17% 15% 25%
x264 [info]: Weighted P-Frames: Y:6.5% UV:5.2%
x264 [info]: ref P L0: 58.6% 27.8% 12.5%  0.9%  0.2%
x264 [info]: ref B L0: 77.4% 18.7%  3.9%
x264 [info]: ref B L1: 92.4%  7.6%
x264 [info]: kb/s:7332.78
x264 [info]: encoded 34189 frames, 4.11 fps, 7332.78 kb/s, duration 2:18:46.93
