x264 [info]: 1920x1080p 1:1 @ 24000/1001 fps (cfr)
x264 [info]: using SAR=1/1
x264 [info]: using cpu capabilities: MMX2 SSE2Fast SSSE3 SSE4.2
x264 [info]: profile High 10, level 5.0, 4:2:0 10-bit
x264 [info]: cabac=1 ref=4 deblock=1:-1:-1 analyse=0x3:0x113 me=umh subme=9 psy=1 psy_rd=1.00:0.00 mixed_ref=1 me_range=32 chroma_me=1 trellis=2 8x8dct=1 cqm=0 deadzone=21,11 fast_pskip=1 chroma_qp_offset=-2 threads=34 lookahead_threads=5 sliced_threads=0 nr=0 decimate=1 interlaced=0 bluray_compat=0 constrained_intra=0 bframes=9 b_pyramid=2 b_adapt=2 b_bias=0 direct=1 weightb=1 open_gop=0 weightp=2 keyint=250 keyint_min=23 scenecut=40 intra_refresh=0 rc=crf mbtree=0 crf=15.5000 qcomp=0.72 qpmin=0 qpmax=81 qpstep=4 ip_ratio=1.40 pb_ratio=1.30 aq=1:0.90
x264 [info]: frame I:267   Avg QP:23.00  size:217884
x264 [info]: frame P:7463  Avg QP:24.37  size:142440
x264 [info]: frame B:27358 Avg QP:26.23  size: 70260
x264 [info]: consecutive B-frames:  2.6%  3.0%  6.7%  9.6%  9.6% 66.1%  1.4%  0.3%  0.3%  0.3%
x264 [info]: mb I  I16..4:  2.4% 73.7% 23.8%
x264 [info]: mb P  I16..4:  0.5% 18.7%  3.3%  P16..4: 33.7% 32.5% 11.1%  0.0%  0.0%    skip: 0.4%
x264 [info]: mb B  I16..4:  0.0%  1.5%  0.2%  B16..8: 44.5% 15.3%  4.3%  direct:26.3%  skip: 7.9%  L0:42.2% L1:35.5% BI:22.4%
x264 [info]: 8x8 transform intra:83.0% inter:60.8%
x264 [info]: coded y,uvDC,uvAC intra: 96.8% 85.9% 56.0% inter: 68.5% 40.3% 1.6%
x264 [info]: i16 v,h,dc,p: 19% 12% 24% 45%
x264 [info]: i8 v,h,dc,ddl,ddr,vr,hd,vl,hu: 10%  7%  7% 11% 14% 12% 14% 11% 15%
x264 [info]: i4 v,h,dc,ddl,ddr,vr,hd,vl,hu: 14%  8%  5%  9% 13% 12% 13% 11% 15%
x264 [info]: i8c dc,h,v,p: 31% 20% 18% 31%
x264 [info]: Weighted P-Frames: Y:12.3% UV:9.2%
x264 [info]: ref P L0: 57.4% 26.1% 15.2%  1.1%  0.1%
x264 [info]: ref B L0: 83.6% 13.8%  2.6%
x264 [info]: ref B L1: 96.3%  3.7%
x264 [info]: kb/s:16636.53
x264 [info]: encoded 35088 frames, 8.83 fps, 16636.53 kb/s, duration 1:06:15.17
