x264 [info]: 1920x1080p 1:1 @ 24000/1001 fps (cfr)
x264 [info]: using SAR=1/1
x264 [info]: using cpu capabilities: MMX2 SSE2Fast SSSE3 SSE4.2
x264 [info]: profile High 10, level 5.0, 4:2:0 10-bit
x264 [info]: cabac=1 ref=4 deblock=1:-1:-1 analyse=0x3:0x113 me=umh subme=9 psy=1 psy_rd=1.00:0.00 mixed_ref=1 me_range=32 chroma_me=1 trellis=2 8x8dct=1 cqm=0 deadzone=21,11 fast_pskip=1 chroma_qp_offset=-2 threads=34 lookahead_threads=5 sliced_threads=0 nr=0 decimate=1 interlaced=0 bluray_compat=0 constrained_intra=0 bframes=9 b_pyramid=2 b_adapt=2 b_bias=0 direct=1 weightb=1 open_gop=0 weightp=2 keyint=250 keyint_min=23 scenecut=40 intra_refresh=0 rc=crf mbtree=0 crf=15.5000 qcomp=0.72 qpmin=0 qpmax=81 qpstep=4 ip_ratio=1.40 pb_ratio=1.30 aq=1:0.90
x264 [info]: frame I:276   Avg QP:23.69  size:222337
x264 [info]: frame P:7218  Avg QP:25.01  size:142292
x264 [info]: frame B:27594 Avg QP:26.94  size: 69859
x264 [info]: consecutive B-frames:  2.4%  2.5%  6.6%  6.9%  8.4% 71.6%  0.9%  0.4%  0.2%  0.3%
x264 [info]: mb I  I16..4:  2.4% 68.8% 28.8%
x264 [info]: mb P  I16..4:  0.4% 16.1%  3.2%  P16..4: 34.6% 33.3% 12.0%  0.0%  0.0%    skip: 0.4%
x264 [info]: mb B  I16..4:  0.0%  1.5%  0.2%  B16..8: 43.4% 14.8%  4.3%  direct:27.4%  skip: 8.4%  L0:40.7% L1:34.9% BI:24.5%
x264 [info]: 8x8 transform intra:80.7% inter:60.4%
x264 [info]: coded y,uvDC,uvAC intra: 96.9% 84.2% 51.4% inter: 69.0% 38.2% 1.2%
x264 [info]: i16 v,h,dc,p: 19% 12% 28% 41%
x264 [info]: i8 v,h,dc,ddl,ddr,vr,hd,vl,hu: 10%  8%  7% 11% 14% 11% 14% 11% 16%
x264 [info]: i4 v,h,dc,ddl,ddr,vr,hd,vl,hu: 13% 10%  5%  9% 13% 11% 13% 10% 16%
x264 [info]: i8c dc,h,v,p: 32% 21% 18% 29%
x264 [info]: Weighted P-Frames: Y:9.4% UV:6.3%
x264 [info]: ref P L0: 58.2% 26.5% 14.3%  0.8%  0.1%
x264 [info]: ref B L0: 83.7% 13.8%  2.5%
x264 [info]: ref B L1: 96.6%  3.4%
x264 [info]: kb/s:16487.50
x264 [info]: encoded 35088 frames, 9.17 fps, 16487.50 kb/s, duration 1:03:45.88
