x264 [info]: 1920x1080p 1:1 @ 24000/1001 fps (cfr)
x264 [info]: using SAR=1/1
x264 [info]: using cpu capabilities: MMX2 SSE2Fast SSSE3 SSE4.2
x264 [info]: profile High 10, level 5.0, 4:2:0 10-bit
x264 [info]: cabac=1 ref=4 deblock=1:-1:-1 analyse=0x3:0x113 me=umh subme=9 psy=1 psy_rd=1.00:0.00 mixed_ref=1 me_range=32 chroma_me=1 trellis=2 8x8dct=1 cqm=0 deadzone=21,11 fast_pskip=1 chroma_qp_offset=-2 threads=34 lookahead_threads=5 sliced_threads=0 nr=0 decimate=1 interlaced=0 bluray_compat=0 constrained_intra=0 bframes=9 b_pyramid=2 b_adapt=2 b_bias=0 direct=1 weightb=1 open_gop=0 weightp=2 keyint=250 keyint_min=23 scenecut=40 intra_refresh=0 rc=crf mbtree=0 crf=15.5000 qcomp=0.72 qpmin=0 qpmax=81 qpstep=4 ip_ratio=1.40 pb_ratio=1.30 aq=1:0.90
x264 [info]: frame I:272   Avg QP:23.52  size:221543
x264 [info]: frame P:6848  Avg QP:24.91  size:146003
x264 [info]: frame B:27968 Avg QP:26.83  size: 71611
x264 [info]: consecutive B-frames:  2.2%  1.7%  3.9%  4.8%  6.9% 78.6%  1.0%  0.4%  0.1%  0.4%
x264 [info]: mb I  I16..4:  2.9% 70.8% 26.3%
x264 [info]: mb P  I16..4:  0.4% 15.6%  2.5%  P16..4: 34.7% 33.8% 12.5%  0.0%  0.0%    skip: 0.4%
x264 [info]: mb B  I16..4:  0.1%  1.3%  0.2%  B16..8: 44.0% 14.4%  4.3%  direct:26.9%  skip: 8.7%  L0:40.2% L1:33.1% BI:26.7%
x264 [info]: 8x8 transform intra:82.6% inter:59.9%
x264 [info]: coded y,uvDC,uvAC intra: 97.2% 82.7% 50.0% inter: 68.5% 36.7% 1.1%
x264 [info]: i16 v,h,dc,p: 17% 10% 34% 39%
x264 [info]: i8 v,h,dc,ddl,ddr,vr,hd,vl,hu: 10%  7%  8% 11% 14% 11% 14% 11% 15%
x264 [info]: i4 v,h,dc,ddl,ddr,vr,hd,vl,hu: 14%  9%  5%  9% 13% 11% 12% 11% 16%
x264 [info]: i8c dc,h,v,p: 32% 21% 18% 29%
x264 [info]: Weighted P-Frames: Y:7.2% UV:4.8%
x264 [info]: ref P L0: 58.9% 26.5% 14.0%  0.6%  0.0%
x264 [info]: ref B L0: 83.7% 14.2%  2.1%
x264 [info]: ref B L1: 96.4%  3.6%
x264 [info]: kb/s:16743.42
x264 [info]: encoded 35088 frames, 9.23 fps, 16743.42 kb/s, duration 1:03:21.63
