x264 [info]: 1920x1080p 1:1 @ 24000/1001 fps (cfr)
x264 [info]: using SAR=1/1
x264 [info]: using cpu capabilities: MMX2 SSE2Fast SSSE3 SSE4.2
x264 [info]: profile High 10, level 5.0, 4:2:0 10-bit
x264 [info]: cabac=1 ref=4 deblock=1:-1:-1 analyse=0x3:0x113 me=umh subme=9 psy=1 psy_rd=1.00:0.00 mixed_ref=1 me_range=32 chroma_me=1 trellis=2 8x8dct=1 cqm=0 deadzone=21,11 fast_pskip=1 chroma_qp_offset=-2 threads=34 lookahead_threads=5 sliced_threads=0 nr=0 decimate=1 interlaced=0 bluray_compat=0 constrained_intra=0 bframes=9 b_pyramid=2 b_adapt=2 b_bias=0 direct=1 weightb=1 open_gop=0 weightp=2 keyint=250 keyint_min=23 scenecut=40 intra_refresh=0 rc=crf mbtree=0 crf=15.5000 qcomp=0.72 qpmin=0 qpmax=81 qpstep=4 ip_ratio=1.40 pb_ratio=1.30 aq=1:0.90
x264 [info]: frame I:290   Avg QP:23.60  size:223110
x264 [info]: frame P:7013  Avg QP:24.91  size:144592
x264 [info]: frame B:27777 Avg QP:26.78  size: 70497
x264 [info]: consecutive B-frames:  2.3%  2.4%  4.8%  5.4%  7.4% 75.9%  1.0%  0.3%  0.2%  0.3%
x264 [info]: mb I  I16..4:  2.4% 68.3% 29.2%
x264 [info]: mb P  I16..4:  0.4% 16.2%  2.8%  P16..4: 34.5% 33.7% 11.9%  0.0%  0.0%    skip: 0.4%
x264 [info]: mb B  I16..4:  0.0%  1.3%  0.2%  B16..8: 44.3% 14.6%  4.2%  direct:27.1%  skip: 8.3%  L0:40.6% L1:33.6% BI:25.8%
x264 [info]: 8x8 transform intra:82.0% inter:60.1%
x264 [info]: coded y,uvDC,uvAC intra: 97.0% 84.8% 53.5% inter: 68.7% 37.2% 1.3%
x264 [info]: i16 v,h,dc,p: 18% 11% 30% 42%
x264 [info]: i8 v,h,dc,ddl,ddr,vr,hd,vl,hu: 10%  7%  7% 11% 14% 11% 14% 11% 16%
x264 [info]: i4 v,h,dc,ddl,ddr,vr,hd,vl,hu: 13%  9%  5%  9% 13% 12% 12% 11% 16%
x264 [info]: i8c dc,h,v,p: 32% 20% 18% 30%
x264 [info]: Weighted P-Frames: Y:8.1% UV:5.8%
x264 [info]: ref P L0: 58.5% 26.7% 14.1%  0.6%  0.0%
x264 [info]: ref B L0: 84.0% 13.9%  2.1%
x264 [info]: ref B L1: 96.6%  3.4%
x264 [info]: kb/s:16605.10
x264 [info]: encoded 35080 frames, 9.15 fps, 16605.10 kb/s, duration 1:03:54.11
