x264 [info]: 1920x1080p 1:1 @ 24000/1001 fps (cfr)
x264 [info]: using SAR=1/1
x264 [info]: using cpu capabilities: MMX2 SSE2Fast SSSE3 SSE4.2
x264 [info]: profile High 10, level 5.0, 4:2:0 10-bit
x264 [info]: cabac=1 ref=4 deblock=1:-1:-1 analyse=0x3:0x113 me=umh subme=9 psy=1 psy_rd=1.00:0.00 mixed_ref=1 me_range=32 chroma_me=1 trellis=2 8x8dct=1 cqm=0 deadzone=21,11 fast_pskip=1 chroma_qp_offset=-2 threads=34 lookahead_threads=5 sliced_threads=0 nr=0 decimate=1 interlaced=0 bluray_compat=0 constrained_intra=0 bframes=9 b_pyramid=2 b_adapt=2 b_bias=0 direct=1 weightb=1 open_gop=0 weightp=2 keyint=250 keyint_min=23 scenecut=40 intra_refresh=0 rc=crf mbtree=0 crf=15.5000 qcomp=0.72 qpmin=0 qpmax=81 qpstep=4 ip_ratio=1.40 pb_ratio=1.30 aq=1:0.90
x264 [info]: frame I:278   Avg QP:23.69  size:218741
x264 [info]: frame P:7289  Avg QP:24.90  size:135374
x264 [info]: frame B:27521 Avg QP:26.71  size: 64483
x264 [info]: consecutive B-frames:  3.0%  2.9%  4.9%  5.3%  6.9% 74.9%  1.0%  0.6%  0.1%  0.4%
x264 [info]: mb I  I16..4:  3.0% 67.2% 29.8%
x264 [info]: mb P  I16..4:  0.6% 15.4%  3.2%  P16..4: 36.4% 32.3% 11.7%  0.0%  0.0%    skip: 0.5%
x264 [info]: mb B  I16..4:  0.1%  1.1%  0.2%  B16..8: 44.3% 13.8%  3.9%  direct:25.6%  skip:11.0%  L0:40.9% L1:35.4% BI:23.7%
x264 [info]: 8x8 transform intra:78.9% inter:61.0%
x264 [info]: coded y,uvDC,uvAC intra: 96.0% 85.8% 54.5% inter: 64.2% 38.2% 1.4%
x264 [info]: i16 v,h,dc,p: 33%  9% 22% 36%
x264 [info]: i8 v,h,dc,ddl,ddr,vr,hd,vl,hu: 10%  7%  7% 11% 14% 12% 14% 11% 16%
x264 [info]: i4 v,h,dc,ddl,ddr,vr,hd,vl,hu: 15% 10%  5%  9% 12% 12% 12% 10% 15%
x264 [info]: i8c dc,h,v,p: 30% 21% 18% 30%
x264 [info]: Weighted P-Frames: Y:8.0% UV:5.4%
x264 [info]: ref P L0: 58.0% 26.9% 14.3%  0.8%  0.1%
x264 [info]: ref B L0: 83.5% 14.2%  2.3%
x264 [info]: ref B L1: 96.2%  3.8%
x264 [info]: kb/s:15427.42
x264 [info]: encoded 35088 frames, 9.40 fps, 15427.42 kb/s, duration 1:02:12.47
