x264 [info]: 1920x1080p 1:1 @ 24000/1001 fps (cfr)
x264 [info]: using SAR=1/1
x264 [info]: using cpu capabilities: MMX2 SSE2Fast SSSE3 SSE4.2
x264 [info]: profile High 10, level 5.0, 4:2:0 10-bit
x264 [info]: cabac=1 ref=4 deblock=1:-1:-1 analyse=0x3:0x113 me=umh subme=9 psy=1 psy_rd=1.00:0.00 mixed_ref=1 me_range=32 chroma_me=1 trellis=2 8x8dct=1 cqm=0 deadzone=21,11 fast_pskip=1 chroma_qp_offset=-2 threads=34 lookahead_threads=5 sliced_threads=0 nr=0 decimate=1 interlaced=0 bluray_compat=0 constrained_intra=0 bframes=9 b_pyramid=2 b_adapt=2 b_bias=0 direct=1 weightb=1 open_gop=0 weightp=2 keyint=250 keyint_min=23 scenecut=40 intra_refresh=0 rc=crf mbtree=0 crf=15.5000 qcomp=0.72 qpmin=0 qpmax=81 qpstep=4 ip_ratio=1.40 pb_ratio=1.30 aq=1:0.90
x264 [info]: frame I:259   Avg QP:22.61  size:204177
x264 [info]: frame P:7509  Avg QP:23.95  size:124605
x264 [info]: frame B:26960 Avg QP:25.74  size: 58765
x264 [info]: consecutive B-frames:  3.2%  2.9%  7.1%  8.4%  8.9% 66.7%  1.5%  0.6%  0.2%  0.4%
x264 [info]: mb I  I16..4:  3.1% 75.0% 21.9%
x264 [info]: mb P  I16..4:  0.5% 15.3%  3.1%  P16..4: 37.4% 32.0% 11.2%  0.0%  0.0%    skip: 0.4%
x264 [info]: mb B  I16..4:  0.0%  1.0%  0.1%  B16..8: 46.0% 14.2%  3.6%  direct:24.2%  skip:10.8%  L0:43.2% L1:38.9% BI:17.9%
x264 [info]: 8x8 transform intra:80.6% inter:62.6%
x264 [info]: coded y,uvDC,uvAC intra: 95.6% 88.8% 61.7% inter: 62.2% 39.6% 1.3%
x264 [info]: i16 v,h,dc,p: 34% 11% 16% 40%
x264 [info]: i8 v,h,dc,ddl,ddr,vr,hd,vl,hu: 10%  7%  5% 11% 15% 12% 14% 11% 15%
x264 [info]: i4 v,h,dc,ddl,ddr,vr,hd,vl,hu: 14%  9%  4%  9% 13% 13% 13% 10% 14%
x264 [info]: i8c dc,h,v,p: 31% 19% 18% 32%
x264 [info]: Weighted P-Frames: Y:10.1% UV:6.7%
x264 [info]: ref P L0: 55.6% 27.1% 16.1%  1.1%  0.1%
x264 [info]: ref B L0: 82.7% 14.4%  2.9%
x264 [info]: ref B L1: 95.7%  4.3%
x264 [info]: kb/s:14210.20
x264 [info]: encoded 34728 frames, 9.28 fps, 14210.20 kb/s, duration 1:02:22.30
