x264 [info]: 1920x1080p 1:1 @ 24000/1001 fps (cfr)
x264 [info]: using SAR=1/1
x264 [info]: using cpu capabilities: MMX2 SSE2Fast SSSE3 SSE4.2
x264 [info]: profile High 10, level 5.0, 4:2:0 10-bit
x264 [info]: cabac=1 ref=4 deblock=1:1:-1 analyse=0x3:0x113 me=umh subme=9 psy=1 psy_rd=1.00:0.00 mixed_ref=1 me_range=32 chroma_me=1 trellis=2 8x8dct=1 cqm=0 deadzone=21,11 fast_pskip=1 chroma_qp_offset=-2 threads=34 lookahead_threads=5 sliced_threads=0 nr=0 decimate=1 interlaced=0 bluray_compat=0 constrained_intra=0 bframes=9 b_pyramid=2 b_adapt=2 b_bias=0 direct=1 weightb=1 open_gop=0 weightp=2 keyint=250 keyint_min=23 scenecut=40 intra_refresh=0 rc=crf mbtree=0 crf=15.0000 qcomp=0.72 qpmin=0 qpmax=81 qpstep=4 ip_ratio=1.40 pb_ratio=1.30 aq=1:0.85
x264 [info]: frame I:267   Avg QP:22.55  size:273871
x264 [info]: frame P:7291  Avg QP:23.73  size:179587
x264 [info]: frame B:27530 Avg QP:25.73  size: 76970
x264 [info]: consecutive B-frames:  2.6%  2.6%  6.7%  7.3%  8.7% 68.5%  2.1%  0.9%  0.4%  0.4%
x264 [info]: mb I  I16..4:  7.2% 63.7% 29.0%
x264 [info]: mb P  I16..4:  1.2% 15.4%  3.9%  P16..4: 35.3% 29.3% 14.4%  0.0%  0.0%    skip: 0.6%
x264 [info]: mb B  I16..4:  0.3%  1.3%  0.5%  B16..8: 46.4% 12.3%  4.2%  direct:22.3%  skip:12.8%  L0:42.6% L1:37.1% BI:20.3%
x264 [info]: 8x8 transform intra:70.7% inter:62.7%
x264 [info]: coded y,uvDC,uvAC intra: 97.7% 99.6% 94.5% inter: 54.2% 75.2% 35.5%
x264 [info]: i16 v,h,dc,p: 17%  7% 48% 27%
x264 [info]: i8 v,h,dc,ddl,ddr,vr,hd,vl,hu: 12%  7% 10% 11% 14% 12% 13% 10% 13%
x264 [info]: i4 v,h,dc,ddl,ddr,vr,hd,vl,hu: 18% 11% 13%  9% 11%  9% 10%  8% 11%
x264 [info]: i8c dc,h,v,p: 64% 13% 12% 11%
x264 [info]: Weighted P-Frames: Y:10.2% UV:7.5%
x264 [info]: ref P L0: 59.2% 26.3% 13.5%  1.0%  0.1%
x264 [info]: ref B L0: 84.8% 13.2%  2.0%
x264 [info]: ref B L1: 96.8%  3.2%
x264 [info]: kb/s:19140.84
x264 [info]: encoded 35088 frames, 6.40 fps, 19140.83 kb/s, duration 1:31:21.61
x264 [info]: 1920x1080p 1:1 @ 24000/1001 fps (cfr)
x264 [info]: using SAR=1/1
x264 [info]: using cpu capabilities: MMX2 SSE2Fast SSSE3 SSE4.2
x264 [info]: profile High 10, level 5.0, 4:2:0 10-bit
x264 [info]: cabac=1 ref=4 deblock=1:1:-1 analyse=0x3:0x113 me=umh subme=9 psy=1 psy_rd=1.00:0.00 mixed_ref=1 me_range=32 chroma_me=1 trellis=2 8x8dct=1 cqm=0 deadzone=21,11 fast_pskip=1 chroma_qp_offset=-2 threads=34 lookahead_threads=5 sliced_threads=0 nr=0 decimate=1 interlaced=0 bluray_compat=0 constrained_intra=0 bframes=9 b_pyramid=2 b_adapt=2 b_bias=0 direct=1 weightb=1 open_gop=0 weightp=2 keyint=250 keyint_min=23 scenecut=40 intra_refresh=0 rc=crf mbtree=0 crf=15.0000 qcomp=0.72 qpmin=0 qpmax=81 qpstep=4 ip_ratio=1.40 pb_ratio=1.30 aq=1:0.85
x264 [info]: frame I:262   Avg QP:23.04  size:323257
x264 [info]: frame P:7156  Avg QP:24.25  size:171490
x264 [info]: frame B:27670 Avg QP:26.15  size: 69508
x264 [info]: consecutive B-frames:  2.2%  2.2%  5.2%  9.6%  9.4% 67.6%  1.9%  0.9%  0.4%  0.4%
x264 [info]: mb I  I16..4:  0.8% 84.8% 14.4%
x264 [info]: mb P  I16..4:  0.1% 15.0%  1.6%  P16..4: 39.8% 29.3% 13.8%  0.0%  0.0%    skip: 0.4%
x264 [info]: mb B  I16..4:  0.0%  0.4%  0.1%  B16..8: 34.1%  8.4%  3.9%  direct:38.8%  skip:14.3%  L0:42.2% L1:41.3% BI:16.5%
x264 [info]: 8x8 transform intra:88.3% inter:61.6%
x264 [info]: coded y,uvDC,uvAC intra: 99.1% 84.5% 53.7% inter: 68.9% 35.3% 1.3%
x264 [info]: i16 v,h,dc,p: 70% 13%  3% 14%
x264 [info]: i8 v,h,dc,ddl,ddr,vr,hd,vl,hu:  9%  6%  7% 11% 15% 13% 15% 11% 13%
x264 [info]: i4 v,h,dc,ddl,ddr,vr,hd,vl,hu: 12%  7%  1% 10% 16% 15% 15% 12% 12%
x264 [info]: i8c dc,h,v,p: 30% 22% 19% 29%
x264 [info]: Weighted P-Frames: Y:10.6% UV:7.4%
x264 [info]: ref P L0: 54.9% 28.3% 15.7%  1.0%  0.1%
x264 [info]: ref B L0: 81.3% 15.4%  3.3%
x264 [info]: ref B L1: 95.0%  5.0%
x264 [info]: kb/s:17684.92
x264 [info]: encoded 35088 frames, 9.92 fps, 17684.92 kb/s, duration 0:58:57.67
x264 [info]: 1920x1080p 1:1 @ 24000/1001 fps (cfr)
x264 [info]: using SAR=1/1
x264 [info]: using cpu capabilities: MMX2 SSE2Fast SSSE3 SSE4.2
x264 [info]: profile High 10, level 5.0, 4:2:0 10-bit
x264 [info]: cabac=1 ref=4 deblock=1:-1:-1 analyse=0x3:0x113 me=umh subme=9 psy=1 psy_rd=1.00:0.00 mixed_ref=1 me_range=32 chroma_me=1 trellis=2 8x8dct=1 cqm=0 deadzone=21,11 fast_pskip=1 chroma_qp_offset=-2 threads=34 lookahead_threads=5 sliced_threads=0 nr=0 decimate=1 interlaced=0 bluray_compat=0 constrained_intra=0 bframes=9 b_pyramid=2 b_adapt=2 b_bias=0 direct=1 weightb=1 open_gop=0 weightp=2 keyint=250 keyint_min=23 scenecut=40 intra_refresh=0 rc=crf mbtree=0 crf=15.5000 qcomp=0.72 qpmin=0 qpmax=81 qpstep=4 ip_ratio=1.40 pb_ratio=1.30 aq=1:0.90
x264 [info]: frame I:272   Avg QP:22.71  size:210516
x264 [info]: frame P:7398  Avg QP:23.91  size:132196
x264 [info]: frame B:27418 Avg QP:25.80  size: 64079
x264 [info]: consecutive B-frames:  2.7%  2.7%  6.5%  8.9%  9.1% 67.4%  1.4%  0.6%  0.3%  0.3%
x264 [info]: mb I  I16..4:  3.9% 72.6% 23.4%
x264 [info]: mb P  I16..4:  0.5% 15.2%  2.7%  P16..4: 36.8% 32.1% 12.1%  0.0%  0.0%    skip: 0.5%
x264 [info]: mb B  I16..4:  0.1%  1.3%  0.2%  B16..8: 45.6% 14.3%  4.0%  direct:23.1%  skip:11.6%  L0:42.7% L1:37.1% BI:20.2%
x264 [info]: 8x8 transform intra:80.9% inter:62.1%
x264 [info]: coded y,uvDC,uvAC intra: 96.4% 82.9% 53.2% inter: 62.5% 36.6% 1.3%
x264 [info]: i16 v,h,dc,p: 31%  9% 27% 32%
x264 [info]: i8 v,h,dc,ddl,ddr,vr,hd,vl,hu: 12%  7%  7% 11% 14% 12% 13% 11% 14%
x264 [info]: i4 v,h,dc,ddl,ddr,vr,hd,vl,hu: 16%  9%  5%  9% 13% 12% 12% 10% 14%
x264 [info]: i8c dc,h,v,p: 32% 20% 18% 30%
x264 [info]: Weighted P-Frames: Y:10.6% UV:7.6%
x264 [info]: ref P L0: 56.7% 26.6% 15.5%  1.1%  0.1%
x264 [info]: ref B L0: 82.6% 14.6%  2.8%
x264 [info]: ref B L1: 95.5%  4.5%
x264 [info]: kb/s:15263.35
x264 [info]: encoded 35088 frames, 9.25 fps, 15263.35 kb/s, duration 1:03:12.20
