x264 [info]: 1920x1080p 1:1 @ 24000/1001 fps (cfr)
x264 [info]: using SAR=1/1
x264 [info]: using cpu capabilities: MMX2 SSE2Fast SSSE3 SSE4.2
x264 [info]: profile High 10, level 5.0, 4:2:0 10-bit
x264 [info]: cabac=1 ref=4 deblock=1:1:-1 analyse=0x3:0x113 me=umh subme=9 psy=1 psy_rd=1.00:0.00 mixed_ref=1 me_range=32 chroma_me=1 trellis=2 8x8dct=1 cqm=0 deadzone=21,11 fast_pskip=1 chroma_qp_offset=-2 threads=34 lookahead_threads=5 sliced_threads=0 nr=0 decimate=1 interlaced=0 bluray_compat=0 constrained_intra=0 bframes=9 b_pyramid=2 b_adapt=2 b_bias=0 direct=1 weightb=1 open_gop=0 weightp=2 keyint=250 keyint_min=23 scenecut=40 intra_refresh=0 rc=crf mbtree=0 crf=15.0000 qcomp=0.72 qpmin=0 qpmax=81 qpstep=4 ip_ratio=1.40 pb_ratio=1.30 aq=1:0.85
x264 [info]: frame I:288   Avg QP:23.25  size:311948
x264 [info]: frame P:7354  Avg QP:24.48  size:212816
x264 [info]: frame B:27446 Avg QP:26.41  size: 81854
x264 [info]: consecutive B-frames:  2.8%  3.2%  6.0%  5.8%  8.2% 72.6%  0.9%  0.2%  0.1%  0.2%
x264 [info]: mb I  I16..4: 11.6% 55.6% 32.8%
x264 [info]: mb P  I16..4:  1.5% 18.9%  3.8%  P16..4: 32.2% 28.4% 14.8%  0.0%  0.0%    skip: 0.5%
x264 [info]: mb B  I16..4:  0.4%  1.1%  0.5%  B16..8: 44.0% 11.2%  4.0%  direct:24.5%  skip:14.1%  L0:38.3% L1:32.8% BI:28.9%
x264 [info]: 8x8 transform intra:71.0% inter:57.4%
x264 [info]: coded y,uvDC,uvAC intra: 98.3% 99.9% 97.2% inter: 52.5% 74.9% 37.3%
x264 [info]: i16 v,h,dc,p: 10%  5% 56% 28%
x264 [info]: i8 v,h,dc,ddl,ddr,vr,hd,vl,hu: 10%  7% 15% 11% 12% 11% 12% 10% 13%
x264 [info]: i4 v,h,dc,ddl,ddr,vr,hd,vl,hu: 17% 11% 16%  9% 11%  9%  9%  8% 11%
x264 [info]: i8c dc,h,v,p: 66% 12% 13% 10%
x264 [info]: Weighted P-Frames: Y:7.7% UV:6.2%
x264 [info]: ref P L0: 64.5% 24.3% 10.4%  0.8%  0.1%
x264 [info]: ref B L0: 86.5% 12.2%  1.4%
x264 [info]: ref B L1: 98.2%  1.8%
x264 [info]: kb/s:21327.29
x264 [info]: encoded 35088 frames, 6.71 fps, 21327.29 kb/s, duration 1:27:06.34
x264 [info]: 1920x1080p 1:1 @ 24000/1001 fps (cfr)
x264 [info]: using SAR=1/1
x264 [info]: using cpu capabilities: MMX2 SSE2Fast SSSE3 SSE4.2
x264 [info]: profile High 10, level 5.0, 4:2:0 10-bit
x264 [info]: cabac=1 ref=4 deblock=1:1:-1 analyse=0x3:0x113 me=umh subme=9 psy=1 psy_rd=1.00:0.00 mixed_ref=1 me_range=32 chroma_me=1 trellis=2 8x8dct=1 cqm=0 deadzone=21,11 fast_pskip=1 chroma_qp_offset=-2 threads=34 lookahead_threads=5 sliced_threads=0 nr=0 decimate=1 interlaced=0 bluray_compat=0 constrained_intra=0 bframes=9 b_pyramid=2 b_adapt=2 b_bias=0 direct=1 weightb=1 open_gop=0 weightp=2 keyint=250 keyint_min=23 scenecut=40 intra_refresh=0 rc=crf mbtree=0 crf=15.0000 qcomp=0.72 qpmin=0 qpmax=81 qpstep=4 ip_ratio=1.40 pb_ratio=1.30 aq=1:0.85
x264 [info]: 1920x1080p 1:1 @ 24000/1001 fps (cfr)
x264 [info]: using SAR=1/1
x264 [info]: using cpu capabilities: MMX2 SSE2Fast SSSE3 SSE4.2
x264 [info]: profile High 10, level 5.0, 4:2:0 10-bit
x264 [info]: cabac=1 ref=4 deblock=1:-1:-1 analyse=0x3:0x113 me=umh subme=9 psy=1 psy_rd=1.00:0.00 mixed_ref=1 me_range=32 chroma_me=1 trellis=2 8x8dct=1 cqm=0 deadzone=21,11 fast_pskip=1 chroma_qp_offset=-2 threads=34 lookahead_threads=5 sliced_threads=0 nr=0 decimate=1 interlaced=0 bluray_compat=0 constrained_intra=0 bframes=9 b_pyramid=2 b_adapt=2 b_bias=0 direct=1 weightb=1 open_gop=0 weightp=2 keyint=250 keyint_min=23 scenecut=40 intra_refresh=0 rc=crf mbtree=0 crf=15.5000 qcomp=0.72 qpmin=0 qpmax=81 qpstep=4 ip_ratio=1.40 pb_ratio=1.30 aq=1:0.90
x264 [info]: frame I:281   Avg QP:24.44  size:245980
x264 [info]: frame P:7251  Avg QP:25.61  size:176990
x264 [info]: frame B:27556 Avg QP:27.47  size: 87402
x264 [info]: consecutive B-frames:  2.7%  2.9%  5.2%  6.1%  7.3% 73.8%  1.3%  0.3%  0.1%  0.3%
x264 [info]: mb I  I16..4:  6.3% 58.8% 34.8%
x264 [info]: mb P  I16..4:  0.8% 20.6%  3.4%  P16..4: 30.9% 31.1% 12.8%  0.0%  0.0%    skip: 0.4%
x264 [info]: mb B  I16..4:  0.2%  1.8%  0.3%  B16..8: 44.3% 15.6%  5.3%  direct:23.9%  skip: 8.5%  L0:37.9% L1:29.5% BI:32.6%
x264 [info]: 8x8 transform intra:79.1% inter:57.3%
x264 [info]: coded y,uvDC,uvAC intra: 98.1% 74.7% 38.7% inter: 69.8% 32.3% 1.1%
x264 [info]: i16 v,h,dc,p: 15%  5% 47% 33%
x264 [info]: i8 v,h,dc,ddl,ddr,vr,hd,vl,hu: 10%  7% 11% 11% 13% 11% 12% 11% 15%
x264 [info]: i4 v,h,dc,ddl,ddr,vr,hd,vl,hu: 14%  9%  7% 10% 12% 11% 11% 11% 16%
x264 [info]: i8c dc,h,v,p: 26% 26% 20% 28%
x264 [info]: Weighted P-Frames: Y:7.1% UV:4.8%
x264 [info]: ref P L0: 62.3% 24.6% 12.4%  0.7%  0.1%
x264 [info]: ref B L0: 84.5% 13.7%  1.7%
x264 [info]: ref B L1: 96.8%  3.2%
x264 [info]: kb/s:20559.06
x264 [info]: encoded 35088 frames, 8.73 fps, 20559.06 kb/s, duration 1:06:57.68
