x264 [info]: 1920x1080p 1:1 @ 24000/1001 fps (cfr)
x264 [info]: using SAR=1/1
x264 [info]: using cpu capabilities: MMX2 SSE2Fast SSSE3 SSE4.2
x264 [info]: profile High 10, level 5.0, 4:2:0 10-bit
x264 [info]: cabac=1 ref=4 deblock=1:1:-1 analyse=0x3:0x113 me=umh subme=9 psy=1 psy_rd=1.00:0.00 mixed_ref=1 me_range=32 chroma_me=1 trellis=2 8x8dct=1 cqm=0 deadzone=21,11 fast_pskip=1 chroma_qp_offset=-2 threads=34 lookahead_threads=5 sliced_threads=0 nr=0 decimate=1 interlaced=0 bluray_compat=0 constrained_intra=0 bframes=9 b_pyramid=2 b_adapt=2 b_bias=0 direct=1 weightb=1 open_gop=0 weightp=2 keyint=250 keyint_min=23 scenecut=40 intra_refresh=0 rc=crf mbtree=0 crf=15.0000 qcomp=0.72 qpmin=0 qpmax=81 qpstep=4 ip_ratio=1.40 pb_ratio=1.30 aq=1:0.85
x264 [info]: frame I:299   Avg QP:24.32  size:288551
x264 [info]: frame P:6860  Avg QP:25.46  size:240690
x264 [info]: frame B:27929 Avg QP:27.43  size:109292
x264 [info]: consecutive B-frames:  2.2%  1.9%  4.6%  4.3%  6.9% 78.5%  0.9%  0.4%  0.2%  0.3%
x264 [info]: mb I  I16..4: 13.5% 49.5% 37.1%
x264 [info]: mb P  I16..4:  1.7% 23.3%  4.3%  P16..4: 27.2% 28.7% 14.4%  0.0%  0.0%    skip: 0.4%
x264 [info]: mb B  I16..4:  0.7%  1.9%  0.8%  B16..8: 44.8% 16.4%  5.6%  direct:24.7%  skip: 5.2%  L0:38.0% L1:26.3% BI:35.7%
x264 [info]: 8x8 transform intra:70.3% inter:57.4%
x264 [info]: coded y,uvDC,uvAC intra: 98.9% 99.9% 96.9% inter: 72.0% 78.2% 30.9%
x264 [info]: i16 v,h,dc,p:  6%  3% 66% 24%
x264 [info]: i8 v,h,dc,ddl,ddr,vr,hd,vl,hu:  9%  7% 17% 11% 12% 10% 11% 10% 13%
x264 [info]: i4 v,h,dc,ddl,ddr,vr,hd,vl,hu: 16% 11% 20%  8% 10%  8%  8%  8% 10%
x264 [info]: i8c dc,h,v,p: 68% 12% 11%  8%
x264 [info]: Weighted P-Frames: Y:7.1% UV:5.1%
x264 [info]: ref P L0: 67.2% 22.9%  9.3%  0.5%  0.0%
x264 [info]: ref B L0: 85.6% 13.3%  1.1%
x264 [info]: ref B L1: 97.8%  2.2%
x264 [info]: kb/s:26183.57
x264 [info]: encoded 35088 frames, 6.15 fps, 26183.57 kb/s, duration 1:35:06.03
x264 [info]: 1920x1080p 1:1 @ 24000/1001 fps (cfr)
x264 [info]: using SAR=1/1
x264 [info]: using cpu capabilities: MMX2 SSE2Fast SSSE3 SSE4.2
x264 [info]: profile High 10, level 5.0, 4:2:0 10-bit
x264 [info]: cabac=1 ref=4 deblock=1:-1:-1 analyse=0x3:0x113 me=umh subme=9 psy=1 psy_rd=1.00:0.00 mixed_ref=1 me_range=32 chroma_me=1 trellis=2 8x8dct=1 cqm=0 deadzone=21,11 fast_pskip=1 chroma_qp_offset=-2 threads=34 lookahead_threads=5 sliced_threads=0 nr=0 decimate=1 interlaced=0 bluray_compat=0 constrained_intra=0 bframes=9 b_pyramid=2 b_adapt=2 b_bias=0 direct=1 weightb=1 open_gop=0 weightp=2 keyint=250 keyint_min=23 scenecut=40 intra_refresh=0 rc=crf mbtree=0 crf=15.5000 qcomp=0.72 qpmin=0 qpmax=81 qpstep=4 ip_ratio=1.40 pb_ratio=1.30 aq=1:0.90
x264 [info]: frame I:305   Avg QP:24.33  size:244652
x264 [info]: frame P:6914  Avg QP:25.50  size:183666
x264 [info]: frame B:27869 Avg QP:27.37  size: 89239
x264 [info]: consecutive B-frames:  2.2%  2.0%  4.7%  5.3%  7.6% 76.1%  1.3%  0.4%  0.2%  0.3%
x264 [info]: mb I  I16..4:  6.8% 57.9% 35.3%
x264 [info]: mb P  I16..4:  0.7% 20.3%  3.1%  P16..4: 30.3% 31.9% 13.4%  0.0%  0.0%    skip: 0.4%
x264 [info]: mb B  I16..4:  0.2%  1.7%  0.3%  B16..8: 44.9% 15.9%  5.5%  direct:23.7%  skip: 7.8%  L0:37.4% L1:28.9% BI:33.7%
x264 [info]: 8x8 transform intra:78.9% inter:56.5%
x264 [info]: coded y,uvDC,uvAC intra: 98.4% 71.9% 35.7% inter: 70.7% 30.0% 0.9%
x264 [info]: i16 v,h,dc,p: 10%  4% 52% 34%
x264 [info]: i8 v,h,dc,ddl,ddr,vr,hd,vl,hu:  9%  6% 12% 11% 13% 11% 12% 11% 14%
x264 [info]: i4 v,h,dc,ddl,ddr,vr,hd,vl,hu: 13%  8%  7% 10% 12% 11% 12% 11% 16%
x264 [info]: i8c dc,h,v,p: 27% 26% 20% 27%
x264 [info]: Weighted P-Frames: Y:7.2% UV:4.9%
x264 [info]: ref P L0: 62.6% 24.7% 12.1%  0.6%  0.0%
x264 [info]: ref B L0: 84.8% 13.6%  1.6%
x264 [info]: ref B L1: 97.1%  2.9%
x264 [info]: kb/s:20944.74
x264 [info]: encoded 35088 frames, 8.72 fps, 20944.74 kb/s, duration 1:07:05.70
