x264 [info]: 1920x1080p 1:1 @ 24000/1001 fps (cfr)
x264 [info]: using SAR=1/1
x264 [info]: using cpu capabilities: MMX2 SSE2Fast SSSE3 SSE4.2
x264 [info]: profile High 10, level 5.0, 4:2:0 10-bit
x264 [info]: cabac=1 ref=4 deblock=1:1:-1 analyse=0x3:0x113 me=umh subme=9 psy=1 psy_rd=1.00:0.00 mixed_ref=1 me_range=32 chroma_me=1 trellis=2 8x8dct=1 cqm=0 deadzone=21,11 fast_pskip=1 chroma_qp_offset=-2 threads=34 lookahead_threads=5 sliced_threads=0 nr=0 decimate=1 interlaced=0 bluray_compat=0 constrained_intra=0 bframes=9 b_pyramid=2 b_adapt=2 b_bias=0 direct=1 weightb=1 open_gop=0 weightp=2 keyint=250 keyint_min=23 scenecut=40 intra_refresh=0 rc=crf mbtree=0 crf=15.0000 qcomp=0.72 qpmin=0 qpmax=81 qpstep=4 ip_ratio=1.40 pb_ratio=1.30 aq=1:0.85
x264 [info]: frame I:274   Avg QP:22.63  size:267571
x264 [info]: frame P:7246  Avg QP:23.98  size:181874
x264 [info]: frame B:27568 Avg QP:25.81  size: 83447
x264 [info]: consecutive B-frames:  2.5%  2.8%  6.3%  6.1%  8.6% 70.0%  2.0%  1.0%  0.4%  0.3%
x264 [info]: mb I  I16..4:  6.8% 61.3% 31.9%
x264 [info]: mb P  I16..4:  1.1% 14.7%  3.8%  P16..4: 35.8% 30.7% 13.6%  0.0%  0.0%    skip: 0.4%
x264 [info]: mb B  I16..4:  0.3%  1.5%  0.5%  B16..8: 47.5% 12.9%  4.4%  direct:25.3%  skip: 7.6%  L0:44.1% L1:37.7% BI:18.2%
x264 [info]: 8x8 transform intra:71.4% inter:65.1%
x264 [info]: coded y,uvDC,uvAC intra: 97.4% 99.8% 95.8% inter: 59.4% 82.8% 44.8%
x264 [info]: i16 v,h,dc,p: 13%  8% 43% 36%
x264 [info]: i8 v,h,dc,ddl,ddr,vr,hd,vl,hu:  9%  7%  8% 12% 15% 12% 14% 10% 14%
x264 [info]: i4 v,h,dc,ddl,ddr,vr,hd,vl,hu: 15% 12% 12%  9% 12%  9% 10%  8% 13%
x264 [info]: i8c dc,h,v,p: 67% 12% 11% 10%
x264 [info]: Weighted P-Frames: Y:8.0% UV:6.4%
x264 [info]: ref P L0: 58.6% 26.1% 14.4%  0.8%  0.1%
x264 [info]: ref B L0: 83.8% 13.9%  2.3%
x264 [info]: ref B L1: 96.3%  3.7%
x264 [info]: kb/s:20180.37
x264 [info]: encoded 35088 frames, 6.20 fps, 20180.36 kb/s, duration 1:34:16.86
x264 [info]: 1920x1080p 1:1 @ 24000/1001 fps (cfr)
x264 [info]: using SAR=1/1
x264 [info]: using cpu capabilities: MMX2 SSE2Fast SSSE3 SSE4.2
x264 [info]: profile High 10, level 5.0, 4:2:0 10-bit
x264 [info]: cabac=1 ref=4 deblock=1:-1:-1 analyse=0x3:0x113 me=umh subme=9 psy=1 psy_rd=1.00:0.00 mixed_ref=1 me_range=32 chroma_me=1 trellis=2 8x8dct=1 cqm=0 deadzone=21,11 fast_pskip=1 chroma_qp_offset=-2 threads=34 lookahead_threads=5 sliced_threads=0 nr=0 decimate=1 interlaced=0 bluray_compat=0 constrained_intra=0 bframes=9 b_pyramid=2 b_adapt=2 b_bias=0 direct=1 weightb=1 open_gop=0 weightp=2 keyint=250 keyint_min=23 scenecut=40 intra_refresh=0 rc=crf mbtree=0 crf=15.5000 qcomp=0.72 qpmin=0 qpmax=81 qpstep=4 ip_ratio=1.40 pb_ratio=1.30 aq=1:0.90
x264 [info]: frame I:277   Avg QP:22.71  size:199642
x264 [info]: frame P:7295  Avg QP:24.06  size:123045
x264 [info]: frame B:27516 Avg QP:25.80  size: 60746
x264 [info]: consecutive B-frames:  2.6%  2.7%  6.3%  7.4%  9.3% 69.1%  1.7%  0.5%  0.2%  0.3%
x264 [info]: mb I  I16..4:  3.3% 74.7% 22.0%
x264 [info]: mb P  I16..4:  0.4% 13.3%  2.4%  P16..4: 38.7% 33.3% 11.4%  0.0%  0.0%    skip: 0.4%
x264 [info]: mb B  I16..4:  0.0%  1.3%  0.2%  B16..8: 45.1% 14.6%  3.8%  direct:25.0%  skip:10.1%  L0:43.9% L1:38.1% BI:18.0%
x264 [info]: 8x8 transform intra:82.1% inter:64.7%
x264 [info]: coded y,uvDC,uvAC intra: 95.8% 86.3% 57.2% inter: 64.0% 41.4% 1.3%
x264 [info]: i16 v,h,dc,p: 32% 11% 14% 42%
x264 [info]: i8 v,h,dc,ddl,ddr,vr,hd,vl,hu:  9%  7%  6% 11% 15% 12% 14% 11% 15%
x264 [info]: i4 v,h,dc,ddl,ddr,vr,hd,vl,hu: 14% 11%  4%  9% 13% 12% 13% 10% 15%
x264 [info]: i8c dc,h,v,p: 34% 19% 17% 30%
x264 [info]: Weighted P-Frames: Y:8.5% UV:6.5%
x264 [info]: ref P L0: 56.2% 26.4% 16.4%  1.0%  0.1%
x264 [info]: ref B L0: 81.6% 15.2%  3.2%
x264 [info]: ref B L1: 94.9%  5.1%
x264 [info]: kb/s:14346.35
x264 [info]: encoded 35088 frames, 9.21 fps, 14346.35 kb/s, duration 1:03:28.23
