x264 [info]: 1920x1080p 1:1 @ 24000/1001 fps (cfr)
x264 [info]: using SAR=1/1
x264 [info]: using cpu capabilities: MMX2 SSE2Fast SSSE3 SSE4.2
x264 [info]: profile High 10, level 5.0, 4:2:0 10-bit
x264 [info]: cabac=1 ref=4 deblock=1:1:-1 analyse=0x3:0x113 me=umh subme=9 psy=1 fade_compensate=0.00 psy_rd=1.00:0.00 mixed_ref=1 me_range=32 chroma_me=1 trellis=2 8x8dct=1 cqm=0 deadzone=21,11 fast_pskip=1 chroma_qp_offset=-2 threads=34 lookahead_threads=5 sliced_threads=0 nr=0 decimate=1 interlaced=0 bluray_compat=0 constrained_intra=0 bframes=9 b_pyramid=2 b_adapt=2 b_bias=0 direct=1 weightb=1 open_gop=0 weightp=2 keyint=240 keyint_min=23 scenecut=40 intra_refresh=0 rc=crf mbtree=0 crf=15.0000 qcomp=0.72 qpmin=0 qpmax=81 qpstep=4 ip_ratio=1.40 pb_ratio=1.30 aq=1:0.85
x264 [info]: frame I:322   Avg QP:20.55  size:270259
x264 [info]: frame P:6853  Avg QP:21.88  size: 72623
x264 [info]: frame B:27617 Avg QP:22.74  size: 16776
x264 [info]: consecutive B-frames:  1.9%  1.9%  5.6% 16.5% 11.9% 39.4%  7.9%  6.3%  5.2%  3.5%
x264 [info]: mb I  I16..4:  3.5% 88.6%  7.9%
x264 [info]: mb P  I16..4:  0.5%  6.9%  0.8%  P16..4: 45.4% 18.7% 13.1%  0.0%  0.0%    skip:14.7%
x264 [info]: mb B  I16..4:  0.0%  0.2%  0.0%  B16..8: 29.0%  3.7%  1.2%  direct:10.0%  skip:55.8%  L0:41.7% L1:52.5% BI: 5.8%
x264 [info]: 8x8 transform intra:85.7% inter:62.1%
x264 [info]: coded y,uvDC,uvAC intra: 94.7% 80.1% 68.0% inter: 18.1% 23.1% 4.5%
x264 [info]: i16 v,h,dc,p: 18% 29%  6% 48%
x264 [info]: i8 v,h,dc,ddl,ddr,vr,hd,vl,hu: 10% 10%  3% 11% 14% 13% 14% 11% 12%
x264 [info]: i4 v,h,dc,ddl,ddr,vr,hd,vl,hu: 13%  9%  1% 11% 18% 15% 14% 10%  9%
x264 [info]: i8c dc,h,v,p: 50% 22% 17% 11%
x264 [info]: Weighted P-Frames: Y:3.4% UV:2.7%
x264 [info]: ref P L0: 55.1% 28.5% 15.3%  1.1%  0.0%
x264 [info]: ref B L0: 75.2% 20.1%  4.8%
x264 [info]: ref B L1: 86.9% 13.1%
x264 [info]: kb/s:5777.67
x264 [info]: encoded 34792 frames, 4.14 fps, 5777.67 kb/s, duration 2:20:13.65
