x264 [info]: 1920x1080p 1:1 @ 24000/1001 fps (cfr)
x264 [info]: using SAR=1/1
x264 [info]: using cpu capabilities: MMX2 SSE2Fast SSSE3 SSE4.2
x264 [info]: profile High 10, level 5.0, 4:2:0 10-bit
x264 [info]: cabac=1 ref=4 deblock=1:1:-1 analyse=0x3:0x113 me=umh subme=9 psy=1 fade_compensate=0.00 psy_rd=1.00:0.00 mixed_ref=1 me_range=32 chroma_me=1 trellis=2 8x8dct=1 cqm=0 deadzone=21,11 fast_pskip=1 chroma_qp_offset=-2 threads=34 lookahead_threads=5 sliced_threads=0 nr=0 decimate=1 interlaced=0 bluray_compat=0 constrained_intra=0 bframes=9 b_pyramid=2 b_adapt=2 b_bias=0 direct=1 weightb=1 open_gop=0 weightp=2 keyint=240 keyint_min=23 scenecut=40 intra_refresh=0 rc=crf mbtree=0 crf=15.0000 qcomp=0.72 qpmin=0 qpmax=81 qpstep=4 ip_ratio=1.40 pb_ratio=1.30 aq=1:0.85
x264 [info]: frame I:297   Avg QP:20.63  size:282876
x264 [info]: frame P:7721  Avg QP:22.22  size: 80420
x264 [info]: frame B:26774 Avg QP:23.26  size: 19520
x264 [info]: consecutive B-frames:  2.9%  2.8% 10.5% 21.3% 12.0% 29.8%  6.8%  6.7%  4.1%  3.1%
x264 [info]: mb I  I16..4:  3.7% 89.8%  6.5%
x264 [info]: mb P  I16..4:  0.6%  9.8%  1.0%  P16..4: 44.1% 18.3% 12.0%  0.0%  0.0%    skip:14.2%
x264 [info]: mb B  I16..4:  0.0%  0.5%  0.0%  B16..8: 29.8%  4.6%  1.5%  direct: 9.7%  skip:53.8%  L0:41.9% L1:51.8% BI: 6.3%
x264 [info]: 8x8 transform intra:87.1% inter:67.9%
x264 [info]: coded y,uvDC,uvAC intra: 94.7% 84.6% 71.7% inter: 21.4% 25.1% 4.3%
x264 [info]: i16 v,h,dc,p: 15% 28%  6% 51%
x264 [info]: i8 v,h,dc,ddl,ddr,vr,hd,vl,hu: 12% 10%  3% 10% 14% 14% 14% 12% 12%
x264 [info]: i4 v,h,dc,ddl,ddr,vr,hd,vl,hu: 12% 10%  1% 10% 17% 15% 14% 10% 10%
x264 [info]: i8c dc,h,v,p: 50% 21% 16% 13%
x264 [info]: Weighted P-Frames: Y:4.8% UV:4.0%
x264 [info]: ref P L0: 56.4% 27.3% 14.2%  2.0%  0.1%
x264 [info]: ref B L0: 76.9% 18.4%  4.6%
x264 [info]: ref B L1: 88.7% 11.3%
x264 [info]: kb/s:6767.52
x264 [info]: encoded 34792 frames, 4.11 fps, 6767.52 kb/s, duration 2:20:55.45
