x264 [info]: 1920x1080p 1:1 @ 24000/1001 fps (cfr)
x264 [info]: using SAR=1/1
x264 [info]: using cpu capabilities: MMX2 SSE2Fast SSSE3 SSE4.2
x264 [info]: profile High 10, level 5.0, 4:2:0 10-bit
x264 [info]: cabac=1 ref=4 deblock=1:1:-1 analyse=0x3:0x113 me=umh subme=9 psy=1 fade_compensate=0.00 psy_rd=1.00:0.00 mixed_ref=1 me_range=32 chroma_me=1 trellis=2 8x8dct=1 cqm=0 deadzone=21,11 fast_pskip=1 chroma_qp_offset=-2 threads=34 lookahead_threads=5 sliced_threads=0 nr=0 decimate=1 interlaced=0 bluray_compat=0 constrained_intra=0 bframes=9 b_pyramid=2 b_adapt=2 b_bias=0 direct=1 weightb=1 open_gop=0 weightp=2 keyint=240 keyint_min=23 scenecut=40 intra_refresh=0 rc=crf mbtree=0 crf=15.0000 qcomp=0.72 qpmin=0 qpmax=81 qpstep=4 ip_ratio=1.40 pb_ratio=1.30 aq=1:0.85
x264 [info]: frame I:276   Avg QP:20.67  size:274516
x264 [info]: frame P:7023  Avg QP:22.05  size: 73219
x264 [info]: frame B:27493 Avg QP:22.80  size: 16473
x264 [info]: consecutive B-frames:  2.1%  2.6%  6.4% 16.3% 10.2% 38.1%  8.4%  7.6%  4.9%  3.5%
x264 [info]: mb I  I16..4:  3.5% 88.2%  8.3%
x264 [info]: mb P  I16..4:  0.7%  8.0%  0.8%  P16..4: 45.3% 18.3% 12.4%  0.0%  0.0%    skip:14.5%
x264 [info]: mb B  I16..4:  0.0%  0.3%  0.0%  B16..8: 30.4%  3.8%  1.1%  direct: 8.8%  skip:55.5%  L0:41.6% L1:52.1% BI: 6.3%
x264 [info]: 8x8 transform intra:85.0% inter:63.3%
x264 [info]: coded y,uvDC,uvAC intra: 93.6% 83.4% 70.3% inter: 17.6% 22.5% 4.0%
x264 [info]: i16 v,h,dc,p: 15% 29%  4% 52%
x264 [info]: i8 v,h,dc,ddl,ddr,vr,hd,vl,hu: 10% 11%  3% 11% 14% 13% 15% 11% 12%
x264 [info]: i4 v,h,dc,ddl,ddr,vr,hd,vl,hu: 12%  9%  1% 10% 18% 15% 15% 10% 10%
x264 [info]: i8c dc,h,v,p: 49% 22% 16% 13%
x264 [info]: Weighted P-Frames: Y:6.6% UV:5.0%
x264 [info]: ref P L0: 55.7% 28.0% 14.9%  1.3%  0.1%
x264 [info]: ref B L0: 75.2% 20.2%  4.6%
x264 [info]: ref B L1: 87.0% 13.0%
x264 [info]: kb/s:5749.46
x264 [info]: encoded 34792 frames, 4.04 fps, 5749.46 kb/s, duration 2:23:42.41
