x264 [info]: 1920x1080p 1:1 @ 24000/1001 fps (cfr)
x264 [info]: using SAR=1/1
x264 [info]: using cpu capabilities: MMX2 SSE2Fast SSSE3 SSE4.2
x264 [info]: profile High 10, level 5.0, 4:2:0 10-bit
x264 [info]: cabac=1 ref=4 deblock=1:1:-1 analyse=0x3:0x113 me=umh subme=9 psy=1 fade_compensate=0.00 psy_rd=1.00:0.00 mixed_ref=1 me_range=32 chroma_me=1 trellis=2 8x8dct=1 cqm=0 deadzone=21,11 fast_pskip=1 chroma_qp_offset=-2 threads=34 lookahead_threads=5 sliced_threads=0 nr=0 decimate=1 interlaced=0 bluray_compat=0 constrained_intra=0 bframes=9 b_pyramid=2 b_adapt=2 b_bias=0 direct=1 weightb=1 open_gop=0 weightp=2 keyint=240 keyint_min=23 scenecut=40 intra_refresh=0 rc=crf mbtree=0 crf=15.0000 qcomp=0.72 qpmin=0 qpmax=81 qpstep=4 ip_ratio=1.40 pb_ratio=1.30 aq=1:0.85
x264 [info]: frame I:343   Avg QP:20.47  size:269886
x264 [info]: frame P:6985  Avg QP:21.76  size: 75566
x264 [info]: frame B:27464 Avg QP:22.65  size: 17680
x264 [info]: consecutive B-frames:  2.4%  2.4%  7.2% 15.0% 10.6% 35.5%  8.1%  7.6%  6.9%  4.3%
x264 [info]: mb I  I16..4:  3.3% 88.7%  8.0%
x264 [info]: mb P  I16..4:  0.7%  8.5%  1.0%  P16..4: 44.3% 18.1% 12.5%  0.0%  0.0%    skip:15.1%
x264 [info]: mb B  I16..4:  0.0%  0.3%  0.0%  B16..8: 30.0%  4.2%  1.3%  direct: 9.7%  skip:54.3%  L0:42.0% L1:52.4% BI: 5.6%
x264 [info]: 8x8 transform intra:85.1% inter:63.2%
x264 [info]: coded y,uvDC,uvAC intra: 93.9% 78.5% 65.0% inter: 18.4% 22.8% 4.0%
x264 [info]: i16 v,h,dc,p: 23% 27%  5% 45%
x264 [info]: i8 v,h,dc,ddl,ddr,vr,hd,vl,hu: 10%  9%  4% 11% 15% 13% 15% 11% 12%
x264 [info]: i4 v,h,dc,ddl,ddr,vr,hd,vl,hu: 13%  8%  1% 11% 18% 15% 14% 10% 10%
x264 [info]: i8c dc,h,v,p: 52% 21% 17% 11%
x264 [info]: Weighted P-Frames: Y:5.2% UV:4.4%
x264 [info]: ref P L0: 55.6% 27.4% 15.4%  1.5%  0.1%
x264 [info]: ref B L0: 73.9% 21.3%  4.8%
x264 [info]: ref B L1: 85.5% 14.5%
x264 [info]: kb/s:6097.25
x264 [info]: encoded 34792 frames, 4.04 fps, 6097.25 kb/s, duration 2:23:23.26
