x264 [info]: 1920x1080p 1:1 @ 24000/1001 fps (cfr)
x264 [info]: using SAR=1/1
x264 [info]: using cpu capabilities: MMX2 SSE2Fast SSSE3 SSE4.2
x264 [info]: profile High 10, level 5.0, 4:2:0 10-bit
x264 [info]: cabac=1 ref=4 deblock=1:1:-1 analyse=0x3:0x113 me=umh subme=9 psy=1 fade_compensate=0.00 psy_rd=1.00:0.00 mixed_ref=1 me_range=32 chroma_me=1 trellis=2 8x8dct=1 cqm=0 deadzone=21,11 fast_pskip=1 chroma_qp_offset=-2 threads=34 lookahead_threads=5 sliced_threads=0 nr=0 decimate=1 interlaced=0 bluray_compat=0 constrained_intra=0 bframes=9 b_pyramid=2 b_adapt=2 b_bias=0 direct=1 weightb=1 open_gop=0 weightp=2 keyint=240 keyint_min=23 scenecut=40 intra_refresh=0 rc=crf mbtree=0 crf=15.0000 qcomp=0.72 qpmin=0 qpmax=81 qpstep=4 ip_ratio=1.40 pb_ratio=1.30 aq=1:0.85
x264 [info]: frame I:337   Avg QP:20.92  size:267368
x264 [info]: frame P:7318  Avg QP:22.18  size: 79585
x264 [info]: frame B:27137 Avg QP:23.18  size: 19295
x264 [info]: consecutive B-frames:  2.6%  3.1%  8.1% 17.3% 12.0% 34.1%  7.1%  6.5%  5.2%  4.1%
x264 [info]: mb I  I16..4:  2.8% 89.4%  7.8%
x264 [info]: mb P  I16..4:  0.6%  9.0%  0.9%  P16..4: 45.1% 18.8% 12.6%  0.0%  0.0%    skip:13.0%
x264 [info]: mb B  I16..4:  0.0%  0.3%  0.0%  B16..8: 30.4%  5.1%  1.5%  direct: 9.9%  skip:52.7%  L0:42.0% L1:52.0% BI: 6.1%
x264 [info]: 8x8 transform intra:86.8% inter:66.7%
x264 [info]: coded y,uvDC,uvAC intra: 94.9% 79.5% 66.3% inter: 21.3% 24.4% 4.0%
x264 [info]: i16 v,h,dc,p: 15% 29%  4% 51%
x264 [info]: i8 v,h,dc,ddl,ddr,vr,hd,vl,hu: 10% 10%  3% 11% 15% 14% 14% 11% 12%
x264 [info]: i4 v,h,dc,ddl,ddr,vr,hd,vl,hu: 13%  8%  1% 11% 18% 15% 14% 10%  9%
x264 [info]: i8c dc,h,v,p: 55% 20% 16%  9%
x264 [info]: Weighted P-Frames: Y:5.1% UV:3.8%
x264 [info]: ref P L0: 56.2% 27.4% 14.7%  1.7%  0.1%
x264 [info]: ref B L0: 75.6% 19.9%  4.5%
x264 [info]: ref B L1: 86.8% 13.2%
x264 [info]: kb/s:6594.17
x264 [info]: encoded 34792 frames, 4.03 fps, 6594.17 kb/s, duration 2:23:55.71
