x264 [info]: 1920x1080p 1:1 @ 24000/1001 fps (cfr)
x264 [info]: using SAR=1/1
x264 [info]: using cpu capabilities: MMX2 SSE2Fast SSSE3 SSE4.2
x264 [info]: profile High 10, level 5.0, 4:2:0 10-bit
x264 [info]: cabac=1 ref=4 deblock=1:1:-1 analyse=0x3:0x113 me=umh subme=9 psy=1 fade_compensate=0.00 psy_rd=1.00:0.00 mixed_ref=1 me_range=32 chroma_me=1 trellis=2 8x8dct=1 cqm=0 deadzone=21,11 fast_pskip=1 chroma_qp_offset=-2 threads=34 lookahead_threads=5 sliced_threads=0 nr=0 decimate=1 interlaced=0 bluray_compat=0 constrained_intra=0 bframes=9 b_pyramid=2 b_adapt=2 b_bias=0 direct=1 weightb=1 open_gop=0 weightp=2 keyint=240 keyint_min=23 scenecut=40 intra_refresh=0 rc=crf mbtree=0 crf=15.0000 qcomp=0.72 qpmin=0 qpmax=81 qpstep=4 ip_ratio=1.40 pb_ratio=1.30 aq=1:0.85
x264 [info]: frame I:343   Avg QP:20.65  size:271134
x264 [info]: frame P:6863  Avg QP:22.02  size: 76665
x264 [info]: frame B:27586 Avg QP:22.91  size: 17158
x264 [info]: consecutive B-frames:  2.0%  1.8%  6.3% 16.1% 11.8% 38.4%  8.2%  6.5%  4.8%  4.1%
x264 [info]: mb I  I16..4:  3.5% 89.3%  7.2%
x264 [info]: mb P  I16..4:  0.5%  8.0%  0.8%  P16..4: 45.4% 19.2% 13.1%  0.0%  0.0%    skip:13.1%
x264 [info]: mb B  I16..4:  0.0%  0.3%  0.1%  B16..8: 29.5%  3.9%  1.2%  direct: 9.6%  skip:55.4%  L0:41.0% L1:52.8% BI: 6.1%
x264 [info]: 8x8 transform intra:87.0% inter:63.5%
x264 [info]: coded y,uvDC,uvAC intra: 95.0% 76.4% 63.7% inter: 18.8% 21.6% 3.7%
x264 [info]: i16 v,h,dc,p: 22% 29%  5% 43%
x264 [info]: i8 v,h,dc,ddl,ddr,vr,hd,vl,hu: 10% 10%  4% 11% 14% 13% 14% 11% 12%
x264 [info]: i4 v,h,dc,ddl,ddr,vr,hd,vl,hu: 12%  9%  1% 10% 18% 15% 14% 11% 10%
x264 [info]: i8c dc,h,v,p: 56% 19% 15% 10%
x264 [info]: Weighted P-Frames: Y:4.7% UV:3.8%
x264 [info]: ref P L0: 56.3% 28.2% 14.3%  1.2%  0.1%
x264 [info]: ref B L0: 76.4% 19.2%  4.4%
x264 [info]: ref B L1: 87.5% 12.5%
x264 [info]: kb/s:6022.78
x264 [info]: encoded 34792 frames, 4.15 fps, 6022.78 kb/s, duration 2:19:48.42
