x264 [info]: 1920x1080p 1:1 @ 24000/1001 fps (cfr)
x264 [info]: using SAR=1/1
x264 [info]: using cpu capabilities: MMX2 SSE2Fast SSSE3 SSE4.2
x264 [info]: profile High 10, level 5.0, 4:2:0 10-bit
x264 [info]: cabac=1 ref=4 deblock=1:1:-1 analyse=0x3:0x113 me=umh subme=9 psy=1 fade_compensate=0.00 psy_rd=1.00:0.00 mixed_ref=1 me_range=32 chroma_me=1 trellis=2 8x8dct=1 cqm=0 deadzone=21,11 fast_pskip=1 chroma_qp_offset=-2 threads=34 lookahead_threads=5 sliced_threads=0 nr=0 decimate=1 interlaced=0 bluray_compat=0 constrained_intra=0 bframes=9 b_pyramid=2 b_adapt=2 b_bias=0 direct=1 weightb=1 open_gop=0 weightp=2 keyint=240 keyint_min=23 scenecut=40 intra_refresh=0 rc=crf mbtree=0 crf=15.0000 qcomp=0.72 qpmin=0 qpmax=81 qpstep=4 ip_ratio=1.40 pb_ratio=1.30 aq=1:0.85
x264 [info]: frame I:295   Avg QP:20.49  size:266967
x264 [info]: frame P:6905  Avg QP:22.01  size: 78656
x264 [info]: frame B:27592 Avg QP:22.96  size: 18339
x264 [info]: consecutive B-frames:  1.8%  2.1%  7.1% 17.0% 11.1% 34.3%  8.5%  7.3%  6.3%  4.6%
x264 [info]: mb I  I16..4:  4.3% 87.9%  7.8%
x264 [info]: mb P  I16..4:  0.7%  8.7%  0.8%  P16..4: 45.0% 19.1% 12.7%  0.0%  0.0%    skip:13.0%
x264 [info]: mb B  I16..4:  0.0%  0.3%  0.0%  B16..8: 30.7%  4.1%  1.2%  direct:10.6%  skip:52.9%  L0:41.7% L1:51.7% BI: 6.6%
x264 [info]: 8x8 transform intra:86.1% inter:64.5%
x264 [info]: coded y,uvDC,uvAC intra: 94.2% 80.4% 68.0% inter: 19.4% 24.6% 4.1%
x264 [info]: i16 v,h,dc,p: 22% 32%  5% 40%
x264 [info]: i8 v,h,dc,ddl,ddr,vr,hd,vl,hu: 10% 11%  3% 11% 14% 13% 15% 11% 12%
x264 [info]: i4 v,h,dc,ddl,ddr,vr,hd,vl,hu: 13%  9%  1% 11% 18% 15% 14% 10% 10%
x264 [info]: i8c dc,h,v,p: 55% 20% 16%  9%
x264 [info]: Weighted P-Frames: Y:5.7% UV:4.8%
x264 [info]: ref P L0: 57.0% 27.4% 14.3%  1.3%  0.0%
x264 [info]: ref B L0: 76.7% 19.0%  4.3%
x264 [info]: ref B L1: 87.4% 12.6%
x264 [info]: kb/s:6218.02
x264 [info]: encoded 34792 frames, 4.07 fps, 6218.02 kb/s, duration 2:22:26.67
