x264 [info]: 1920x1080p 1:1 @ 24000/1001 fps (cfr)
x264 [info]: using SAR=1/1
x264 [info]: using cpu capabilities: MMX2 SSE2Fast SSSE3 SSE4.2
x264 [info]: profile High 10, level 5.0, 4:2:0 10-bit
x264 [info]: cabac=1 ref=4 deblock=1:1:-1 analyse=0x3:0x113 me=umh subme=9 psy=1 fade_compensate=0.00 psy_rd=1.00:0.00 mixed_ref=1 me_range=32 chroma_me=1 trellis=2 8x8dct=1 cqm=0 deadzone=21,11 fast_pskip=1 chroma_qp_offset=-2 threads=34 lookahead_threads=5 sliced_threads=0 nr=0 decimate=1 interlaced=0 bluray_compat=0 constrained_intra=0 bframes=9 b_pyramid=2 b_adapt=2 b_bias=0 direct=1 weightb=1 open_gop=0 weightp=2 keyint=240 keyint_min=23 scenecut=40 intra_refresh=0 rc=crf mbtree=0 crf=15.0000 qcomp=0.72 qpmin=0 qpmax=81 qpstep=4 ip_ratio=1.40 pb_ratio=1.30 aq=1:0.85
x264 [info]: frame I:297   Avg QP:20.79  size:247209
x264 [info]: frame P:7602  Avg QP:22.37  size: 87011
x264 [info]: frame B:26894 Avg QP:23.46  size: 20411
x264 [info]: consecutive B-frames:  2.6%  3.4%  7.5% 20.6% 13.6% 34.2%  7.6%  4.5%  3.4%  2.5%
x264 [info]: mb I  I16..4:  3.9% 88.5%  7.5%
x264 [info]: mb P  I16..4:  0.8% 11.6%  1.0%  P16..4: 43.9% 20.6% 12.4%  0.0%  0.0%    skip: 9.6%
x264 [info]: mb B  I16..4:  0.0%  0.5%  0.1%  B16..8: 31.1%  4.6%  1.4%  direct:10.9%  skip:51.5%  L0:41.2% L1:52.1% BI: 6.7%
x264 [info]: 8x8 transform intra:86.7% inter:68.2%
x264 [info]: coded y,uvDC,uvAC intra: 94.2% 69.3% 54.7% inter: 23.3% 22.1% 3.3%
x264 [info]: i16 v,h,dc,p: 19% 27%  5% 49%
x264 [info]: i8 v,h,dc,ddl,ddr,vr,hd,vl,hu:  9% 10%  3% 11% 15% 14% 15% 11% 12%
x264 [info]: i4 v,h,dc,ddl,ddr,vr,hd,vl,hu: 11%  8%  1% 11% 19% 16% 15% 10% 10%
x264 [info]: i8c dc,h,v,p: 58% 18% 14%  9%
x264 [info]: Weighted P-Frames: Y:10.4% UV:8.1%
x264 [info]: ref P L0: 58.5% 26.2% 13.5%  1.6%  0.2%
x264 [info]: ref B L0: 80.0% 16.1%  3.9%
x264 [info]: ref B L1: 90.3%  9.7%
x264 [info]: kb/s:7077.50
x264 [info]: encoded 34793 frames, 4.03 fps, 7077.50 kb/s, duration 2:24:00.48
