x264 [info]: 1920x1080p 1:1 @ 24000/1001 fps (cfr)
x264 [info]: using SAR=1/1
x264 [info]: using cpu capabilities: MMX2 SSE2Fast SSSE3 SSE4.2
x264 [info]: profile High 10, level 5.0, 4:2:0 10-bit
x264 [info]: cabac=1 ref=4 deblock=1:1:-1 analyse=0x3:0x113 me=umh subme=9 psy=1 fade_compensate=0.00 psy_rd=1.00:0.00 mixed_ref=1 me_range=32 chroma_me=1 trellis=2 8x8dct=1 cqm=0 deadzone=21,11 fast_pskip=1 chroma_qp_offset=-2 threads=34 lookahead_threads=5 sliced_threads=0 nr=0 decimate=1 interlaced=0 bluray_compat=0 constrained_intra=0 bframes=9 b_pyramid=2 b_adapt=2 b_bias=0 direct=1 weightb=1 open_gop=0 weightp=2 keyint=240 keyint_min=23 scenecut=40 intra_refresh=0 rc=crf mbtree=0 crf=15.0000 qcomp=0.72 qpmin=0 qpmax=81 qpstep=4 ip_ratio=1.40 pb_ratio=1.30 aq=1:0.85
x264 [info]: frame I:282   Avg QP:20.11  size:270214
x264 [info]: frame P:6724  Avg QP:21.42  size: 76561
x264 [info]: frame B:27786 Avg QP:22.43  size: 16994
x264 [info]: consecutive B-frames:  1.6%  1.9%  5.5% 15.6% 10.2% 39.5%  8.5%  7.9%  5.7%  3.6%
x264 [info]: mb I  I16..4:  3.5% 89.2%  7.3%
x264 [info]: mb P  I16..4:  0.7%  8.9%  0.8%  P16..4: 44.7% 18.1% 12.2%  0.0%  0.0%    skip:14.8%
x264 [info]: mb B  I16..4:  0.0%  0.3%  0.0%  B16..8: 29.4%  3.8%  1.2%  direct:10.9%  skip:54.5%  L0:41.6% L1:52.3% BI: 6.2%
x264 [info]: 8x8 transform intra:86.8% inter:63.6%
x264 [info]: coded y,uvDC,uvAC intra: 94.5% 80.9% 68.1% inter: 18.4% 23.7% 4.0%
x264 [info]: i16 v,h,dc,p: 20% 26%  7% 48%
x264 [info]: i8 v,h,dc,ddl,ddr,vr,hd,vl,hu: 10%  9%  4% 11% 14% 14% 14% 11% 12%
x264 [info]: i4 v,h,dc,ddl,ddr,vr,hd,vl,hu: 13%  8%  1% 11% 18% 16% 14% 10%  9%
x264 [info]: i8c dc,h,v,p: 53% 19% 17% 11%
x264 [info]: Weighted P-Frames: Y:6.1% UV:5.3%
x264 [info]: ref P L0: 56.3% 27.8% 14.8%  1.1%  0.0%
x264 [info]: ref B L0: 75.5% 19.9%  4.6%
x264 [info]: ref B L1: 86.9% 13.1%
x264 [info]: kb/s:5861.39
x264 [info]: encoded 34792 frames, 4.17 fps, 5861.39 kb/s, duration 2:19:10.45
