x264 [info]: 1920x1080p 1:1 @ 24000/1001 fps (cfr)
x264 [info]: using SAR=1/1
x264 [info]: using cpu capabilities: MMX2 SSE2Fast SSSE3 SSE4.2
x264 [info]: profile High 10, level 5.0, 4:2:0 10-bit
x264 [info]: cabac=1 ref=4 deblock=1:1:-1 analyse=0x3:0x113 me=umh subme=9 psy=1 fade_compensate=0.00 psy_rd=1.00:0.00 mixed_ref=1 me_range=32 chroma_me=1 trellis=2 8x8dct=1 cqm=0 deadzone=21,11 fast_pskip=1 chroma_qp_offset=-2 threads=34 lookahead_threads=5 sliced_threads=0 nr=0 decimate=1 interlaced=0 bluray_compat=0 constrained_intra=0 bframes=9 b_pyramid=2 b_adapt=2 b_bias=0 direct=1 weightb=1 open_gop=0 weightp=2 keyint=240 keyint_min=23 scenecut=40 intra_refresh=0 rc=crf mbtree=0 crf=15.0000 qcomp=0.72 qpmin=0 qpmax=81 qpstep=4 ip_ratio=1.40 pb_ratio=1.30 aq=1:0.85
x264 [info]: frame I:312   Avg QP:20.82  size:254880
x264 [info]: frame P:7507  Avg QP:22.34  size: 84649
x264 [info]: frame B:26973 Avg QP:23.38  size: 21809
x264 [info]: consecutive B-frames:  2.8%  2.7%  6.8% 21.1% 14.0% 33.3%  6.8%  5.7%  3.5%  3.3%
x264 [info]: mb I  I16..4:  3.7% 89.1%  7.3%
x264 [info]: mb P  I16..4:  0.6% 11.4%  1.0%  P16..4: 43.1% 20.1% 12.8%  0.0%  0.0%    skip:11.0%
x264 [info]: mb B  I16..4:  0.0%  0.8%  0.1%  B16..8: 30.3%  5.0%  1.6%  direct: 9.7%  skip:52.3%  L0:41.6% L1:51.7% BI: 6.7%
x264 [info]: 8x8 transform intra:87.4% inter:66.6%
x264 [info]: coded y,uvDC,uvAC intra: 95.2% 75.5% 57.2% inter: 22.3% 21.2% 3.2%
x264 [info]: i16 v,h,dc,p: 15% 24%  5% 56%
x264 [info]: i8 v,h,dc,ddl,ddr,vr,hd,vl,hu: 10%  9%  3% 11% 15% 14% 14% 12% 12%
x264 [info]: i4 v,h,dc,ddl,ddr,vr,hd,vl,hu: 10%  7%  1% 10% 18% 16% 15% 11% 11%
x264 [info]: i8c dc,h,v,p: 53% 18% 15% 13%
x264 [info]: Weighted P-Frames: Y:6.3% UV:5.5%
x264 [info]: ref P L0: 57.0% 27.2% 14.1%  1.5%  0.1%
x264 [info]: ref B L0: 77.7% 17.9%  4.4%
x264 [info]: ref B L1: 88.7% 11.3%
x264 [info]: kb/s:7184.68
x264 [info]: encoded 34792 frames, 4.02 fps, 7184.68 kb/s, duration 2:24:17.87
