x264 [info]: 1920x1080p 1:1 @ 24000/1001 fps (cfr)
x264 [info]: using SAR=1/1
x264 [info]: using cpu capabilities: MMX2 SSE2Fast SSSE3 SSE4.2
x264 [info]: profile High 10, level 5.0, 4:2:0 10-bit
x264 [info]: cabac=1 ref=4 deblock=1:1:-1 analyse=0x3:0x113 me=umh subme=9 psy=1 fade_compensate=0.00 psy_rd=1.00:0.00 mixed_ref=1 me_range=32 chroma_me=1 trellis=2 8x8dct=1 cqm=0 deadzone=21,11 fast_pskip=1 chroma_qp_offset=-2 threads=34 lookahead_threads=5 sliced_threads=0 nr=0 decimate=1 interlaced=0 bluray_compat=0 constrained_intra=0 bframes=9 b_pyramid=2 b_adapt=2 b_bias=0 direct=1 weightb=1 open_gop=0 weightp=2 keyint=240 keyint_min=23 scenecut=40 intra_refresh=0 rc=crf mbtree=0 crf=15.0000 qcomp=0.72 qpmin=0 qpmax=81 qpstep=4 ip_ratio=1.40 pb_ratio=1.30 aq=1:0.85
x264 [info]: frame I:294   Avg QP:20.56  size:282732
x264 [info]: frame P:7067  Avg QP:21.92  size: 66873
x264 [info]: frame B:27431 Avg QP:22.60  size: 14451
x264 [info]: consecutive B-frames:  2.2%  2.1%  9.9% 12.4% 10.7% 37.6%  7.0%  8.3%  5.9%  3.9%
x264 [info]: mb I  I16..4:  3.5% 87.8%  8.7%
x264 [info]: mb P  I16..4:  0.6%  8.3%  0.8%  P16..4: 44.2% 15.7% 11.4%  0.0%  0.0%    skip:19.1%
x264 [info]: mb B  I16..4:  0.0%  0.3%  0.0%  B16..8: 27.8%  3.4%  1.0%  direct: 8.0%  skip:59.5%  L0:41.4% L1:53.3% BI: 5.4%
x264 [info]: 8x8 transform intra:86.3% inter:61.8%
x264 [info]: coded y,uvDC,uvAC intra: 94.4% 78.6% 64.3% inter: 15.9% 19.1% 3.2%
x264 [info]: i16 v,h,dc,p: 15% 25%  5% 55%
x264 [info]: i8 v,h,dc,ddl,ddr,vr,hd,vl,hu: 10%  9%  3% 11% 15% 14% 14% 11% 12%
x264 [info]: i4 v,h,dc,ddl,ddr,vr,hd,vl,hu: 12%  9%  1% 11% 18% 15% 14% 10% 10%
x264 [info]: i8c dc,h,v,p: 51% 20% 17% 12%
x264 [info]: Weighted P-Frames: Y:5.2% UV:4.6%
x264 [info]: ref P L0: 55.9% 28.1% 14.2%  1.8%  0.0%
x264 [info]: ref B L0: 74.2% 21.0%  4.8%
x264 [info]: ref B L1: 86.5% 13.5%
x264 [info]: kb/s:5249.03
x264 [info]: encoded 34792 frames, 4.17 fps, 5249.03 kb/s, duration 2:19:11.07
