x264 [info]: 1920x1080p 1:1 @ 24000/1001 fps (cfr)
x264 [info]: using SAR=1/1
x264 [info]: using cpu capabilities: MMX2 SSE2Fast SSSE3 SSE4.2
x264 [info]: profile High 10, level 5.0, 4:2:0 10-bit
x264 [info]: cabac=1 ref=4 deblock=1:1:-1 analyse=0x3:0x113 me=umh subme=9 psy=1 fade_compensate=0.00 psy_rd=1.00:0.00 mixed_ref=1 me_range=32 chroma_me=1 trellis=2 8x8dct=1 cqm=0 deadzone=21,11 fast_pskip=1 chroma_qp_offset=-2 threads=34 lookahead_threads=5 sliced_threads=0 nr=0 decimate=1 interlaced=0 bluray_compat=0 constrained_intra=0 bframes=9 b_pyramid=2 b_adapt=2 b_bias=0 direct=1 weightb=1 open_gop=0 weightp=2 keyint=240 keyint_min=23 scenecut=40 intra_refresh=0 rc=crf mbtree=0 crf=15.0000 qcomp=0.72 qpmin=0 qpmax=81 qpstep=4 ip_ratio=1.40 pb_ratio=1.30 aq=1:0.85
x264 [info]: frame I:342   Avg QP:20.56  size:239526
x264 [info]: frame P:7420  Avg QP:22.06  size: 82659
x264 [info]: frame B:27030 Avg QP:23.03  size: 18173
x264 [info]: consecutive B-frames:  2.9%  3.0%  8.4% 17.8% 12.1% 32.6%  7.3%  6.4%  5.4%  4.1%
x264 [info]: mb I  I16..4:  3.4% 89.6%  7.0%
x264 [info]: mb P  I16..4:  0.9% 12.4%  1.2%  P16..4: 42.6% 19.3% 12.4%  0.0%  0.0%    skip:11.1%
x264 [info]: mb B  I16..4:  0.0%  0.4%  0.0%  B16..8: 30.7%  4.4%  1.3%  direct:10.6%  skip:52.5%  L0:41.8% L1:52.9% BI: 5.3%
x264 [info]: 8x8 transform intra:86.2% inter:65.8%
x264 [info]: coded y,uvDC,uvAC intra: 94.0% 67.0% 52.9% inter: 21.4% 18.8% 2.6%
x264 [info]: i16 v,h,dc,p: 16% 27%  5% 53%
x264 [info]: i8 v,h,dc,ddl,ddr,vr,hd,vl,hu: 10%  8%  3% 11% 15% 14% 14% 12% 12%
x264 [info]: i4 v,h,dc,ddl,ddr,vr,hd,vl,hu: 11%  8%  1% 11% 20% 16% 15% 10%  9%
x264 [info]: i8c dc,h,v,p: 58% 17% 15% 10%
x264 [info]: Weighted P-Frames: Y:7.6% UV:6.1%
x264 [info]: ref P L0: 57.3% 26.8% 14.3%  1.6%  0.1%
x264 [info]: ref B L0: 78.1% 17.8%  4.2%
x264 [info]: ref B L1: 88.2% 11.8%
x264 [info]: kb/s:6541.00
x264 [info]: encoded 34792 frames, 4.08 fps, 6541.00 kb/s, duration 2:22:01.94
