x264 [info]: 1920x1080p 1:1 @ 24000/1001 fps (cfr)
x264 [info]: using SAR=1/1
x264 [info]: using cpu capabilities: MMX2 SSE2Fast SSSE3 SSE4.2
x264 [info]: profile High 10, level 5.0, 4:2:0 10-bit
x264 [info]: cabac=1 ref=4 deblock=1:1:-1 analyse=0x3:0x113 me=umh subme=9 psy=1 fade_compensate=0.00 psy_rd=1.00:0.00 mixed_ref=1 me_range=32 chroma_me=1 trellis=2 8x8dct=1 cqm=0 deadzone=21,11 fast_pskip=1 chroma_qp_offset=-2 threads=34 lookahead_threads=5 sliced_threads=0 nr=0 decimate=1 interlaced=0 bluray_compat=0 constrained_intra=0 bframes=9 b_pyramid=2 b_adapt=2 b_bias=0 direct=1 weightb=1 open_gop=0 weightp=2 keyint=240 keyint_min=23 scenecut=40 intra_refresh=0 rc=crf mbtree=0 crf=15.0000 qcomp=0.72 qpmin=0 qpmax=81 qpstep=4 ip_ratio=1.40 pb_ratio=1.30 aq=1:0.85
x264 [info]: frame I:348   Avg QP:20.79  size:245938
x264 [info]: frame P:7986  Avg QP:22.40  size: 88049
x264 [info]: frame B:26456 Avg QP:23.39  size: 20287
x264 [info]: consecutive B-frames:  4.3%  3.5%  8.1% 20.4% 12.2% 29.7%  7.4%  6.5%  4.1%  3.8%
x264 [info]: mb I  I16..4:  3.0% 89.5%  7.5%
x264 [info]: mb P  I16..4:  1.2% 14.1%  1.2%  P16..4: 43.0% 18.9% 11.9%  0.0%  0.0%    skip: 9.7%
x264 [info]: mb B  I16..4:  0.0%  0.4%  0.0%  B16..8: 31.4%  4.6%  1.4%  direct:11.4%  skip:50.6%  L0:42.5% L1:51.6% BI: 5.9%
x264 [info]: 8x8 transform intra:86.0% inter:66.7%
x264 [info]: coded y,uvDC,uvAC intra: 93.7% 81.2% 68.6% inter: 23.4% 25.4% 3.9%
x264 [info]: i16 v,h,dc,p: 16% 23%  3% 58%
x264 [info]: i8 v,h,dc,ddl,ddr,vr,hd,vl,hu: 10%  9%  2% 12% 15% 14% 15% 11% 12%
x264 [info]: i4 v,h,dc,ddl,ddr,vr,hd,vl,hu: 11%  7%  1% 12% 19% 16% 15% 10%  9%
x264 [info]: i8c dc,h,v,p: 48% 19% 17% 15%
x264 [info]: Weighted P-Frames: Y:10.0% UV:8.8%
x264 [info]: ref P L0: 55.7% 27.2% 14.7%  2.2%  0.2%
x264 [info]: ref B L0: 77.5% 18.0%  4.5%
x264 [info]: ref B L1: 88.6% 11.4%
x264 [info]: kb/s:7307.63
x264 [info]: encoded 34790 frames, 4.05 fps, 7307.63 kb/s, duration 2:23:12.13
