x264 [info]: 1920x1080p 1:1 @ 24000/1001 fps (cfr)
x264 [info]: using SAR=1/1
x264 [info]: using cpu capabilities: MMX2 SSE2Fast SSSE3 SSE4.2
x264 [info]: profile High 10, level 5.0, 4:2:0 10-bit
x264 [info]: cabac=1 ref=4 deblock=1:1:-1 analyse=0x3:0x113 me=umh subme=9 psy=1 fade_compensate=0.00 psy_rd=1.00:0.00 mixed_ref=1 me_range=32 chroma_me=1 trellis=2 8x8dct=1 cqm=0 deadzone=21,11 fast_pskip=1 chroma_qp_offset=-2 threads=34 lookahead_threads=5 sliced_threads=0 nr=0 decimate=1 interlaced=0 bluray_compat=0 constrained_intra=0 bframes=9 b_pyramid=2 b_adapt=2 b_bias=0 direct=1 weightb=1 open_gop=0 weightp=2 keyint=240 keyint_min=23 scenecut=40 intra_refresh=0 rc=crf mbtree=0 crf=15.0000 qcomp=0.72 qpmin=0 qpmax=81 qpstep=4 ip_ratio=1.40 pb_ratio=1.30 aq=1:0.85
x264 [info]: frame I:296   Avg QP:21.07  size:244257
x264 [info]: frame P:8426  Avg QP:22.50  size: 90178
x264 [info]: frame B:26070 Avg QP:23.31  size: 20135
x264 [info]: consecutive B-frames:  4.8%  5.3%  8.6% 19.3% 12.1% 30.1%  6.9%  5.4%  4.2%  3.4%
x264 [info]: mb I  I16..4:  2.7% 90.1%  7.2%
x264 [info]: mb P  I16..4:  1.3% 17.3%  1.5%  P16..4: 40.4% 18.1% 11.1%  0.0%  0.0%    skip:10.2%
x264 [info]: mb B  I16..4:  0.0%  0.7%  0.1%  B16..8: 30.6%  4.7%  1.3%  direct:10.0%  skip:52.6%  L0:41.8% L1:52.5% BI: 5.8%
x264 [info]: 8x8 transform intra:86.2% inter:66.6%
x264 [info]: coded y,uvDC,uvAC intra: 93.8% 76.2% 60.5% inter: 23.1% 21.3% 3.1%
x264 [info]: i16 v,h,dc,p:  9% 18%  3% 70%
x264 [info]: i8 v,h,dc,ddl,ddr,vr,hd,vl,hu:  9%  9%  2% 11% 15% 14% 15% 11% 13%
x264 [info]: i4 v,h,dc,ddl,ddr,vr,hd,vl,hu:  9%  7%  1% 11% 19% 15% 15% 10% 12%
x264 [info]: i8c dc,h,v,p: 52% 18% 15% 15%
x264 [info]: Weighted P-Frames: Y:10.4% UV:8.6%
x264 [info]: ref P L0: 56.6% 26.6% 14.2%  2.3%  0.3%
x264 [info]: ref B L0: 77.7% 17.9%  4.3%
x264 [info]: ref B L1: 88.6% 11.4%
x264 [info]: kb/s:7481.37
x264 [info]: encoded 34792 frames, 4.04 fps, 7481.37 kb/s, duration 2:23:23.77
