x264 [info]: 1920x1080p 1:1 @ 24000/1001 fps (cfr)
x264 [info]: using SAR=1/1
x264 [info]: using cpu capabilities: MMX2 SSE2Fast SSSE3 SSE4.2
x264 [info]: profile High 10, level 5.0, 4:2:0 10-bit
x264 [info]: cabac=1 ref=4 deblock=1:1:-1 analyse=0x3:0x113 me=umh subme=9 psy=1 fade_compensate=0.00 psy_rd=1.00:0.00 mixed_ref=1 me_range=32 chroma_me=1 trellis=2 8x8dct=1 cqm=0 deadzone=21,11 fast_pskip=1 chroma_qp_offset=-2 threads=34 lookahead_threads=5 sliced_threads=0 nr=0 decimate=1 interlaced=0 bluray_compat=0 constrained_intra=0 bframes=9 b_pyramid=2 b_adapt=2 b_bias=0 direct=1 weightb=1 open_gop=0 weightp=2 keyint=240 keyint_min=23 scenecut=40 intra_refresh=0 rc=crf mbtree=0 crf=15.0000 qcomp=0.72 qpmin=0 qpmax=81 qpstep=4 ip_ratio=1.40 pb_ratio=1.30 aq=1:0.85
x264 [info]: frame I:301   Avg QP:20.71  size:268956
x264 [info]: frame P:7500  Avg QP:22.14  size: 78099
x264 [info]: frame B:26991 Avg QP:22.88  size: 17720
x264 [info]: consecutive B-frames:  2.7%  2.7% 10.0% 16.7% 11.6% 36.4%  6.6%  5.4%  4.8%  3.2%
x264 [info]: mb I  I16..4:  3.1% 87.8%  9.1%
x264 [info]: mb P  I16..4:  0.7% 10.1%  0.9%  P16..4: 44.8% 17.5% 12.1%  0.0%  0.0%    skip:14.0%
x264 [info]: mb B  I16..4:  0.0%  0.4%  0.0%  B16..8: 30.0%  4.0%  1.2%  direct: 9.7%  skip:54.7%  L0:42.4% L1:52.3% BI: 5.3%
x264 [info]: 8x8 transform intra:87.1% inter:63.5%
x264 [info]: coded y,uvDC,uvAC intra: 94.4% 80.3% 66.5% inter: 19.6% 24.0% 4.0%
x264 [info]: i16 v,h,dc,p: 16% 27%  3% 54%
x264 [info]: i8 v,h,dc,ddl,ddr,vr,hd,vl,hu: 10% 11%  3% 11% 14% 13% 15% 11% 12%
x264 [info]: i4 v,h,dc,ddl,ddr,vr,hd,vl,hu: 14%  9%  1% 12% 18% 15% 14% 10%  9%
x264 [info]: i8c dc,h,v,p: 52% 21% 16% 11%
x264 [info]: Weighted P-Frames: Y:6.0% UV:5.1%
x264 [info]: ref P L0: 53.5% 29.0% 15.2%  2.2%  0.1%
x264 [info]: ref B L0: 73.5% 21.2%  5.2%
x264 [info]: ref B L1: 86.6% 13.4%
x264 [info]: kb/s:6312.32
x264 [info]: encoded 34792 frames, 4.05 fps, 6312.32 kb/s, duration 2:23:13.70
