x264 [info]: 1920x1080p 1:1 @ 24000/1001 fps (cfr)
x264 [info]: using SAR=1/1
x264 [info]: using cpu capabilities: MMX2 SSE2Fast SSSE3 SSE4.2
x264 [info]: profile High 10, level 5.0, 4:2:0 10-bit
x264 [info]: cabac=1 ref=4 deblock=1:1:-1 analyse=0x3:0x113 me=umh subme=9 psy=1 fade_compensate=0.00 psy_rd=1.00:0.00 mixed_ref=1 me_range=32 chroma_me=1 trellis=2 8x8dct=1 cqm=0 deadzone=21,11 fast_pskip=1 chroma_qp_offset=-2 threads=34 lookahead_threads=5 sliced_threads=0 nr=0 decimate=1 interlaced=0 bluray_compat=0 constrained_intra=0 bframes=9 b_pyramid=2 b_adapt=2 b_bias=0 direct=1 weightb=1 open_gop=0 weightp=2 keyint=240 keyint_min=23 scenecut=40 intra_refresh=0 rc=crf mbtree=0 crf=15.0000 qcomp=0.72 qpmin=0 qpmax=81 qpstep=4 ip_ratio=1.40 pb_ratio=1.30 aq=1:0.85
x264 [info]: frame I:311   Avg QP:20.78  size:252861
x264 [info]: frame P:7963  Avg QP:22.22  size: 84861
x264 [info]: frame B:26518 Avg QP:23.04  size: 18006
x264 [info]: consecutive B-frames:  4.1%  3.6%  8.7% 18.1% 12.1% 33.3%  6.0%  6.6%  4.8%  2.8%
x264 [info]: mb I  I16..4:  2.8% 90.2%  7.0%
x264 [info]: mb P  I16..4:  0.9% 13.2%  1.1%  P16..4: 43.2% 18.7% 11.6%  0.0%  0.0%    skip:11.4%
x264 [info]: mb B  I16..4:  0.0%  0.4%  0.0%  B16..8: 30.2%  4.1%  1.2%  direct: 9.9%  skip:54.1%  L0:41.4% L1:52.9% BI: 5.7%
x264 [info]: 8x8 transform intra:87.7% inter:65.8%
x264 [info]: coded y,uvDC,uvAC intra: 94.6% 71.2% 57.1% inter: 22.2% 20.3% 3.2%
x264 [info]: i16 v,h,dc,p: 11% 24%  4% 61%
x264 [info]: i8 v,h,dc,ddl,ddr,vr,hd,vl,hu:  9%  9%  3% 11% 15% 14% 15% 11% 12%
x264 [info]: i4 v,h,dc,ddl,ddr,vr,hd,vl,hu: 11%  8%  1% 11% 19% 16% 15% 10%  9%
x264 [info]: i8c dc,h,v,p: 54% 19% 15% 11%
x264 [info]: Weighted P-Frames: Y:8.8% UV:7.2%
x264 [info]: ref P L0: 57.8% 26.1% 13.5%  2.3%  0.3%
x264 [info]: ref B L0: 78.4% 17.5%  4.1%
x264 [info]: ref B L1: 89.1% 10.9%
x264 [info]: kb/s:6791.25
x264 [info]: encoded 34792 frames, 4.06 fps, 6791.25 kb/s, duration 2:22:56.90
