x264 [info]: 1920x1080p 1:1 @ 24000/1001 fps (cfr)
x264 [info]: using SAR=1/1
x264 [info]: using cpu capabilities: MMX2 SSE2Fast SSSE3 SSE4.2
x264 [info]: profile High 10, level 5.0, 4:2:0 10-bit
x264 [info]: cabac=1 ref=4 deblock=1:1:-1 analyse=0x3:0x113 me=umh subme=9 psy=1 fade_compensate=0.00 psy_rd=1.00:0.00 mixed_ref=1 me_range=32 chroma_me=1 trellis=2 8x8dct=1 cqm=0 deadzone=21,11 fast_pskip=1 chroma_qp_offset=-2 threads=34 lookahead_threads=5 sliced_threads=0 nr=0 decimate=1 interlaced=0 bluray_compat=0 constrained_intra=0 bframes=9 b_pyramid=2 b_adapt=2 b_bias=0 direct=1 weightb=1 open_gop=0 weightp=2 keyint=240 keyint_min=23 scenecut=40 intra_refresh=0 rc=crf mbtree=0 crf=15.0000 qcomp=0.72 qpmin=0 qpmax=81 qpstep=4 ip_ratio=1.40 pb_ratio=1.30 aq=1:0.85
x264 [info]: frame I:305   Avg QP:20.72  size:257871
x264 [info]: frame P:7809  Avg QP:22.24  size: 86306
x264 [info]: frame B:26678 Avg QP:22.91  size: 17706
x264 [info]: consecutive B-frames:  3.6%  4.1%  7.6% 19.1% 11.0% 33.6%  7.2%  6.5%  4.1%  3.2%
x264 [info]: mb I  I16..4:  2.6% 91.2%  6.2%
x264 [info]: mb P  I16..4:  0.9% 14.2%  1.3%  P16..4: 42.5% 19.0% 11.9%  0.0%  0.0%    skip:10.1%
x264 [info]: mb B  I16..4:  0.0%  0.4%  0.0%  B16..8: 30.1%  4.2%  1.2%  direct:10.2%  skip:53.9%  L0:41.3% L1:53.2% BI: 5.4%
x264 [info]: 8x8 transform intra:87.1% inter:65.5%
x264 [info]: coded y,uvDC,uvAC intra: 94.3% 73.4% 58.5% inter: 21.5% 20.6% 3.4%
x264 [info]: i16 v,h,dc,p: 16% 21%  5% 58%
x264 [info]: i8 v,h,dc,ddl,ddr,vr,hd,vl,hu: 10%  9%  3% 12% 15% 14% 15% 12% 12%
x264 [info]: i4 v,h,dc,ddl,ddr,vr,hd,vl,hu: 10%  7%  1% 11% 20% 16% 15% 10%  9%
x264 [info]: i8c dc,h,v,p: 55% 18% 15% 13%
x264 [info]: Weighted P-Frames: Y:9.0% UV:7.6%
x264 [info]: ref P L0: 57.5% 27.0% 13.7%  1.6%  0.2%
x264 [info]: ref B L0: 76.9% 18.7%  4.4%
x264 [info]: ref B L1: 87.9% 12.1%
x264 [info]: kb/s:6753.35
x264 [info]: encoded 34792 frames, 4.15 fps, 6753.35 kb/s, duration 2:19:41.58
