x264 [info]: 1920x1080p 1:1 @ 24000/1001 fps (cfr)
x264 [info]: using SAR=1/1
x264 [info]: using cpu capabilities: MMX2 SSE2Fast SSSE3 SSE4.2
x264 [info]: profile High 10, level 5.0, 4:2:0 10-bit
x264 [info]: cabac=1 ref=4 deblock=1:1:-1 analyse=0x3:0x113 me=umh subme=9 psy=1 fade_compensate=0.00 psy_rd=1.00:0.00 mixed_ref=1 me_range=32 chroma_me=1 trellis=2 8x8dct=1 cqm=0 deadzone=21,11 fast_pskip=1 chroma_qp_offset=-2 threads=34 lookahead_threads=5 sliced_threads=0 nr=0 decimate=1 interlaced=0 bluray_compat=0 constrained_intra=0 bframes=9 b_pyramid=2 b_adapt=2 b_bias=0 direct=1 weightb=1 open_gop=0 weightp=2 keyint=240 keyint_min=23 scenecut=40 intra_refresh=0 rc=crf mbtree=0 crf=15.0000 qcomp=0.72 qpmin=0 qpmax=81 qpstep=4 ip_ratio=1.40 pb_ratio=1.30 aq=1:0.85
x264 [info]: frame I:279   Avg QP:20.78  size:248550
x264 [info]: frame P:7808  Avg QP:22.43  size: 78104
x264 [info]: frame B:26703 Avg QP:23.15  size: 16720
x264 [info]: consecutive B-frames:  3.3%  4.3%  7.4% 19.6% 12.5% 31.5%  6.8%  6.8%  4.6%  3.1%
x264 [info]: mb I  I16..4:  3.3% 89.3%  7.4%
x264 [info]: mb P  I16..4:  0.7% 11.8%  1.1%  P16..4: 43.3% 18.7% 11.7%  0.0%  0.0%    skip:12.6%
x264 [info]: mb B  I16..4:  0.0%  0.4%  0.1%  B16..8: 30.4%  4.1%  1.1%  direct: 8.3%  skip:55.5%  L0:41.8% L1:52.5% BI: 5.7%
x264 [info]: 8x8 transform intra:86.8% inter:65.1%
x264 [info]: coded y,uvDC,uvAC intra: 94.6% 68.5% 50.0% inter: 20.4% 16.8% 2.2%
x264 [info]: i16 v,h,dc,p: 12% 25%  3% 60%
x264 [info]: i8 v,h,dc,ddl,ddr,vr,hd,vl,hu:  9%  9%  2% 11% 15% 14% 15% 12% 12%
x264 [info]: i4 v,h,dc,ddl,ddr,vr,hd,vl,hu: 11%  8%  1% 10% 20% 16% 15% 10%  9%
x264 [info]: i8c dc,h,v,p: 57% 17% 15% 12%
x264 [info]: Weighted P-Frames: Y:6.2% UV:5.2%
x264 [info]: ref P L0: 56.8% 26.5% 14.4%  2.1%  0.2%
x264 [info]: ref B L0: 76.8% 18.7%  4.5%
x264 [info]: ref B L1: 88.6% 11.4%
x264 [info]: kb/s:6206.13
x264 [info]: encoded 34790 frames, 3.76 fps, 6206.13 kb/s, duration 2:34:20.83
