x264 [error]: could not open input file `-'
x264 [error]: could not open input file `-'
x264 [info]: 1920x1080p 1:1 @ 24000/1001 fps (cfr)
x264 [info]: using SAR=1/1
x264 [info]: using cpu capabilities: MMX2 SSE2Fast SSSE3 SSE4.2
x264 [info]: profile High 10, level 5.0, 4:2:0 10-bit
x264 [info]: cabac=1 ref=4 deblock=1:1:-1 analyse=0x3:0x113 me=umh subme=9 psy=1 fade_compensate=0.00 psy_rd=1.00:0.00 mixed_ref=1 me_range=32 chroma_me=1 trellis=2 8x8dct=1 cqm=0 deadzone=21,11 fast_pskip=1 chroma_qp_offset=-2 threads=34 lookahead_threads=5 sliced_threads=0 nr=0 decimate=1 interlaced=0 bluray_compat=0 constrained_intra=0 bframes=9 b_pyramid=2 b_adapt=2 b_bias=0 direct=1 weightb=1 open_gop=0 weightp=2 keyint=240 keyint_min=23 scenecut=40 intra_refresh=0 rc=crf mbtree=0 crf=15.0000 qcomp=0.72 qpmin=0 qpmax=81 qpstep=4 ip_ratio=1.40 pb_ratio=1.30 aq=1:0.85
x264 [info]: frame I:23    Avg QP:21.31  size:234047
x264 [info]: frame P:465   Avg QP:23.28  size: 81474
x264 [info]: frame B:1719  Avg QP:25.09  size: 29728
x264 [info]: consecutive B-frames:  1.4%  1.7%  6.1% 31.7% 17.4% 27.2%  8.9%  2.5%  1.2%  1.8%
x264 [info]: mb I  I16..4: 10.4% 79.3% 10.3%
x264 [info]: mb P  I16..4:  0.4%  8.6%  0.8%  P16..4: 43.3% 19.3% 11.9%  0.0%  0.0%    skip:15.7%
x264 [info]: mb B  I16..4:  0.0%  0.9%  0.2%  B16..8: 34.7%  6.1%  1.9%  direct: 9.1%  skip:47.2%  L0:41.8% L1:48.1% BI:10.2%
x264 [info]: 8x8 transform intra:83.4% inter:70.3%
x264 [info]: coded y,uvDC,uvAC intra: 93.4% 73.5% 53.9% inter: 26.2% 23.4% 3.0%
x264 [info]: i16 v,h,dc,p: 14% 40% 10% 36%
x264 [info]: i8 v,h,dc,ddl,ddr,vr,hd,vl,hu: 11% 16%  4%  9% 13% 11% 13% 10% 13%
x264 [info]: i4 v,h,dc,ddl,ddr,vr,hd,vl,hu: 11% 11%  2% 11% 16% 14% 14% 11% 12%
x264 [info]: i8c dc,h,v,p: 52% 27% 14%  7%
x264 [info]: Weighted P-Frames: Y:4.1% UV:3.9%
x264 [info]: ref P L0: 54.4% 30.2% 14.5%  0.9%  0.0%
x264 [info]: ref B L0: 83.2% 13.7%  3.1%
x264 [info]: ref B L1: 92.1%  7.9%
x264 [info]: kb/s:8201.70
x264 [info]: encoded 2207 frames, 3.19 fps, 8201.70 kb/s, duration 0:11:32.57
