x264 [info]: 1920x1080p 1:1 @ 24000/1001 fps (cfr)
x264 [info]: using SAR=1/1
x264 [info]: using cpu capabilities: MMX2 SSE2Fast SSSE3 SSE4.2
x264 [info]: profile High 10, level 5.0, 4:2:0 10-bit
x264 [info]: cabac=1 ref=4 deblock=1:1:-1 analyse=0x3:0x113 me=umh subme=9 psy=1 fade_compensate=0.00 psy_rd=1.00:0.00 mixed_ref=1 me_range=32 chroma_me=1 trellis=2 8x8dct=1 cqm=0 deadzone=21,11 fast_pskip=1 chroma_qp_offset=-2 threads=34 lookahead_threads=5 sliced_threads=0 nr=0 decimate=1 interlaced=0 bluray_compat=0 constrained_intra=0 bframes=9 b_pyramid=2 b_adapt=2 b_bias=0 direct=1 weightb=1 open_gop=0 weightp=2 keyint=240 keyint_min=23 scenecut=40 intra_refresh=0 rc=crf mbtree=0 crf=15.0000 qcomp=0.72 qpmin=0 qpmax=81 qpstep=4 ip_ratio=1.40 pb_ratio=1.30 aq=1:0.85
x264 [info]: frame I:21    Avg QP:22.00  size:255362
x264 [info]: frame P:581   Avg QP:24.20  size:104000
x264 [info]: frame B:1606  Avg QP:25.08  size: 25735
x264 [info]: consecutive B-frames:  5.0%  3.5% 10.5% 40.8% 12.2% 21.2%  1.9%  1.4%  1.6%  1.8%
x264 [info]: mb I  I16..4:  4.9% 83.0% 12.2%
x264 [info]: mb P  I16..4:  1.3% 22.2%  1.7%  P16..4: 40.0% 18.5% 11.0%  0.0%  0.0%    skip: 5.5%
x264 [info]: mb B  I16..4:  0.0%  0.8%  0.1%  B16..8: 35.1%  5.8%  1.7%  direct:10.2%  skip:46.2%  L0:42.3% L1:48.8% BI: 8.9%
x264 [info]: 8x8 transform intra:87.4% inter:71.2%
x264 [info]: coded y,uvDC,uvAC intra: 93.9% 88.1% 76.3% inter: 28.0% 31.3% 5.7%
x264 [info]: i16 v,h,dc,p:  9% 17%  3% 71%
x264 [info]: i8 v,h,dc,ddl,ddr,vr,hd,vl,hu: 10% 14%  2% 10% 14% 13% 15% 10% 12%
x264 [info]: i4 v,h,dc,ddl,ddr,vr,hd,vl,hu:  8% 10%  1% 13% 19% 14% 15%  9% 10%
x264 [info]: i8c dc,h,v,p: 43% 23% 15% 18%
x264 [info]: Weighted P-Frames: Y:15.0% UV:13.8%
x264 [info]: ref P L0: 56.4% 28.7% 12.6%  2.0%  0.2%
x264 [info]: ref B L0: 84.1% 12.1%  3.7%
x264 [info]: ref B L1: 93.9%  6.1%
x264 [info]: kb/s:9305.28
x264 [info]: encoded 2208 frames, 3.28 fps, 9305.28 kb/s, duration 0:11:12.22
