x264 [info]: 1920x1080p 1:1 @ 24000/1001 fps (cfr)
x264 [info]: using SAR=1/1
x264 [info]: using cpu capabilities: MMX2 SSE2Fast SSSE3 SSE4.2
x264 [info]: profile High 10, level 5.0, 4:2:0 10-bit
x264 [info]: cabac=1 ref=4 deblock=1:1:-1 analyse=0x3:0x113 me=umh subme=9 psy=1 fade_compensate=0.00 psy_rd=1.00:0.00 mixed_ref=1 me_range=32 chroma_me=1 trellis=2 8x8dct=1 cqm=0 deadzone=21,11 fast_pskip=1 chroma_qp_offset=-2 threads=34 lookahead_threads=5 sliced_threads=0 nr=0 decimate=1 interlaced=0 bluray_compat=0 constrained_intra=0 bframes=9 b_pyramid=2 b_adapt=2 b_bias=0 direct=1 weightb=1 open_gop=0 weightp=2 keyint=240 keyint_min=23 scenecut=40 intra_refresh=0 rc=crf mbtree=0 crf=15.0000 qcomp=0.72 qpmin=0 qpmax=81 qpstep=4 ip_ratio=1.40 pb_ratio=1.30 aq=1:0.85
x264 [info]: frame I:19    Avg QP:21.27  size:230677
x264 [info]: frame P:770   Avg QP:23.15  size:106522
x264 [info]: frame B:1419  Avg QP:24.57  size: 26647
x264 [info]: consecutive B-frames: 12.4% 11.9% 15.6% 26.8% 11.3% 11.1%  4.8%  1.8%  2.4%  1.8%
x264 [info]: mb I  I16..4:  9.3% 80.7% 10.0%
x264 [info]: mb P  I16..4:  2.5% 29.7%  2.3%  P16..4: 36.7% 14.3%  8.5%  0.0%  0.0%    skip: 6.0%
x264 [info]: mb B  I16..4:  0.1%  1.9%  0.2%  B16..8: 30.6%  5.3%  1.4%  direct:12.2%  skip:48.2%  L0:42.3% L1:50.4% BI: 7.2%
x264 [info]: 8x8 transform intra:86.0% inter:74.4%
x264 [info]: coded y,uvDC,uvAC intra: 92.6% 83.1% 69.5% inter: 30.1% 34.4% 5.8%
x264 [info]: i16 v,h,dc,p: 12% 23%  3% 62%
x264 [info]: i8 v,h,dc,ddl,ddr,vr,hd,vl,hu: 10%  9%  1% 12% 16% 15% 15% 12% 11%
x264 [info]: i4 v,h,dc,ddl,ddr,vr,hd,vl,hu: 11%  6%  1% 13% 19% 15% 15% 10%  9%
x264 [info]: i8c dc,h,v,p: 44% 21% 17% 18%
x264 [info]: Weighted P-Frames: Y:26.4% UV:23.6%
x264 [info]: ref P L0: 57.6% 26.7% 11.9%  3.4%  0.4%
x264 [info]: ref B L0: 82.8% 14.1%  3.1%
x264 [info]: ref B L1: 93.3%  6.7%
x264 [info]: kb/s:10790.68
x264 [info]: encoded 2208 frames, 3.20 fps, 10790.68 kb/s, duration 0:11:30.47
