x264 [error]: could not open input file `-'
x264 [info]: 1920x1080p 1:1 @ 24000/1001 fps (cfr)
x264 [info]: using SAR=1/1
x264 [info]: using cpu capabilities: MMX2 SSE2Fast SSSE3 SSE4.2
x264 [info]: profile High 10, level 5.0, 4:2:0 10-bit
x264 [info]: cabac=1 ref=4 deblock=1:1:-1 analyse=0x3:0x113 me=umh subme=9 psy=1 fade_compensate=0.00 psy_rd=1.00:0.00 mixed_ref=1 me_range=32 chroma_me=1 trellis=2 8x8dct=1 cqm=0 deadzone=21,11 fast_pskip=1 chroma_qp_offset=-2 threads=34 lookahead_threads=5 sliced_threads=0 nr=0 decimate=1 interlaced=0 bluray_compat=0 constrained_intra=0 bframes=9 b_pyramid=2 b_adapt=2 b_bias=0 direct=1 weightb=1 open_gop=0 weightp=2 keyint=240 keyint_min=23 scenecut=40 intra_refresh=0 rc=crf mbtree=0 crf=15.0000 qcomp=0.72 qpmin=0 qpmax=81 qpstep=4 ip_ratio=1.40 pb_ratio=1.30 aq=1:0.85
x264 [info]: frame I:19    Avg QP:21.50  size:236560
x264 [info]: frame P:640   Avg QP:23.40  size:108523
x264 [info]: frame B:1658  Avg QP:23.29  size: 24929
x264 [info]: consecutive B-frames:  6.3%  9.9% 10.4% 31.4%  8.0%  7.0%  5.1%  4.5%  3.1% 14.2%
x264 [info]: mb I  I16..4:  6.4% 80.1% 13.5%
x264 [info]: mb P  I16..4:  1.6% 21.9%  2.2%  P16..4: 37.6% 18.1% 10.0%  0.0%  0.0%    skip: 8.5%
x264 [info]: mb B  I16..4:  0.1%  1.0%  0.2%  B16..8: 27.8%  5.5%  1.7%  direct:11.3%  skip:52.6%  L0:39.7% L1:48.1% BI:12.3%
x264 [info]: 8x8 transform intra:84.3% inter:76.4%
x264 [info]: coded y,uvDC,uvAC intra: 92.8% 85.0% 73.6% inter: 26.0% 30.1% 5.7%
x264 [info]: i16 v,h,dc,p: 15% 25%  4% 57%
x264 [info]: i8 v,h,dc,ddl,ddr,vr,hd,vl,hu: 11% 11%  2% 11% 15% 13% 15% 11% 12%
x264 [info]: i4 v,h,dc,ddl,ddr,vr,hd,vl,hu: 10%  7%  1% 13% 19% 15% 15% 10% 10%
x264 [info]: i8c dc,h,v,p: 46% 22% 16% 17%
x264 [info]: Weighted P-Frames: Y:13.6% UV:11.4%
x264 [info]: ref P L0: 67.0% 21.3%  9.7%  1.9%  0.1%
x264 [info]: ref B L0: 85.8% 11.6%  2.6%
x264 [info]: ref B L1: 94.2%  5.8%
x264 [info]: kb/s:9543.35
x264 [info]: encoded 2317 frames, 3.23 fps, 9543.35 kb/s, duration 0:11:57.76
