x264 [info]: 1920x1080p 1:1 @ 24000/1001 fps (cfr)
x264 [info]: using SAR=1/1
x264 [info]: using cpu capabilities: MMX2 SSE2Fast SSSE3 SSE4.2
x264 [info]: profile High 10, level 5.0, 4:2:0 10-bit
x264 [info]: cabac=1 ref=4 deblock=1:1:-1 analyse=0x3:0x113 me=umh subme=9 psy=1 psy_rd=1.00:0.00 mixed_ref=1 me_range=32 chroma_me=1 trellis=2 8x8dct=1 cqm=0 deadzone=21,11 fast_pskip=1 chroma_qp_offset=-2 threads=34 lookahead_threads=5 sliced_threads=0 nr=0 decimate=1 interlaced=0 bluray_compat=0 constrained_intra=0 bframes=9 b_pyramid=2 b_adapt=2 b_bias=0 direct=1 weightb=1 open_gop=0 weightp=2 keyint=240 keyint_min=23 scenecut=40 intra_refresh=0 rc=crf mbtree=0 crf=15.0000 qcomp=0.72 qpmin=0 qpmax=81 qpstep=4 ip_ratio=1.40 pb_ratio=1.30 aq=1:0.85
x264 [info]: frame I:147   Avg QP:21.13  size:300405
x264 [info]: frame P:2815  Avg QP:22.74  size:113807
x264 [info]: frame B:10009 Avg QP:23.60  size: 32422
x264 [info]: consecutive B-frames:  4.1%  3.1%  5.5% 16.7% 10.8% 33.8% 11.7% 10.5%  1.7%  2.2%
x264 [info]: mb I  I16..4:  7.1% 78.5% 14.5%
x264 [info]: mb P  I16..4:  1.7% 12.3%  2.0%  P16..4: 44.6% 19.4% 11.9%  0.0%  0.0%    skip: 8.0%
x264 [info]: mb B  I16..4:  0.1%  0.6%  0.1%  B16..8: 33.3%  5.0%  1.7%  direct:17.7%  skip:41.5%  L0:43.6% L1:48.8% BI: 7.6%
x264 [info]: 8x8 transform intra:77.7% inter:60.3%
x264 [info]: coded y,uvDC,uvAC intra: 92.3% 93.7% 85.4% inter: 24.0% 52.0% 24.5%
x264 [info]: i16 v,h,dc,p: 17% 29%  4% 50%
x264 [info]: i8 v,h,dc,ddl,ddr,vr,hd,vl,hu: 10%  7%  3% 12% 16% 14% 15% 11% 12%
x264 [info]: i4 v,h,dc,ddl,ddr,vr,hd,vl,hu: 14%  7%  2% 12% 17% 15% 13% 10% 10%
x264 [info]: i8c dc,h,v,p: 51% 18% 17% 15%
x264 [info]: Weighted P-Frames: Y:11.4% UV:9.9%
x264 [info]: ref P L0: 60.1% 26.0% 13.0%  0.8%  0.1%
x264 [info]: ref B L0: 81.8% 15.0%  3.1%
x264 [info]: ref B L1: 91.5%  8.5%
x264 [info]: kb/s:10189.17
x264 [info]: encoded 12971 frames, 1.00 fps, 10189.17 kb/s, duration 3:36:41.90
