x264 [info]: 1920x1080p 1:1 @ 24000/1001 fps (cfr)
x264 [info]: using SAR=1/1
x264 [info]: using cpu capabilities: MMX2 SSE2Fast SSSE3 SSE4.2
x264 [info]: profile High 10, level 5.0, 4:2:0 10-bit
x264 [info]: cabac=1 ref=4 deblock=1:1:-1 analyse=0x3:0x113 me=umh subme=9 psy=1 psy_rd=1.00:0.00 mixed_ref=1 me_range=32 chroma_me=1 trellis=2 8x8dct=1 cqm=0 deadzone=21,11 fast_pskip=1 chroma_qp_offset=-2 threads=34 lookahead_threads=5 sliced_threads=0 nr=0 decimate=1 interlaced=0 bluray_compat=0 constrained_intra=0 bframes=9 b_pyramid=2 b_adapt=2 b_bias=0 direct=1 weightb=1 open_gop=0 weightp=2 keyint=240 keyint_min=23 scenecut=40 intra_refresh=0 rc=crf mbtree=0 crf=15.0000 qcomp=0.72 qpmin=0 qpmax=81 qpstep=4 ip_ratio=1.40 pb_ratio=1.30 aq=1:0.85
x264 [info]: frame I:139   Avg QP:21.01  size:318168
x264 [info]: frame P:2794  Avg QP:22.64  size:112796
x264 [info]: frame B:10038 Avg QP:23.52  size: 32436
x264 [info]: consecutive B-frames:  3.9%  3.0%  5.9% 15.7% 10.9% 34.8% 10.4% 10.6%  3.5%  1.3%
x264 [info]: mb I  I16..4:  5.4% 79.9% 14.7%
x264 [info]: mb P  I16..4:  1.7% 10.5%  2.0%  P16..4: 46.0% 19.7% 12.8%  0.0%  0.0%    skip: 7.3%
x264 [info]: mb B  I16..4:  0.1%  0.6%  0.1%  B16..8: 33.6%  5.1%  1.8%  direct:18.7%  skip:40.0%  L0:42.9% L1:49.3% BI: 7.8%
x264 [info]: 8x8 transform intra:75.9% inter:59.2%
x264 [info]: coded y,uvDC,uvAC intra: 91.6% 93.3% 84.0% inter: 20.9% 54.0% 29.2%
x264 [info]: i16 v,h,dc,p: 27% 26%  3% 44%
x264 [info]: i8 v,h,dc,ddl,ddr,vr,hd,vl,hu: 11%  8%  3% 12% 15% 14% 14% 12% 12%
x264 [info]: i4 v,h,dc,ddl,ddr,vr,hd,vl,hu: 16%  8%  2% 11% 16% 15% 12% 11%  9%
x264 [info]: i8c dc,h,v,p: 48% 18% 20% 14%
x264 [info]: Weighted P-Frames: Y:9.9% UV:8.6%
x264 [info]: ref P L0: 57.7% 27.6% 13.7%  0.9%  0.1%
x264 [info]: ref B L0: 79.6% 17.0%  3.4%
x264 [info]: ref B L1: 89.7% 10.3%
x264 [info]: kb/s:10129.02
x264 [info]: encoded 12971 frames, 0.98 fps, 10129.02 kb/s, duration 3:39:56.54
