x264 [info]: 1920x1080p 1:1 @ 24000/1001 fps (cfr)
x264 [info]: using SAR=1/1
x264 [info]: using cpu capabilities: MMX2 SSE2Fast SSSE3 SSE4.2
x264 [info]: profile High 10, level 5.0, 4:2:0 10-bit
x264 [info]: cabac=1 ref=4 deblock=1:1:-1 analyse=0x3:0x113 me=umh subme=9 psy=1 psy_rd=1.00:0.00 mixed_ref=1 me_range=32 chroma_me=1 trellis=2 8x8dct=1 cqm=0 deadzone=21,11 fast_pskip=1 chroma_qp_offset=-2 threads=34 lookahead_threads=5 sliced_threads=0 nr=0 decimate=1 interlaced=0 bluray_compat=0 constrained_intra=0 bframes=9 b_pyramid=2 b_adapt=2 b_bias=0 direct=1 weightb=1 open_gop=0 weightp=2 keyint=240 keyint_min=23 scenecut=40 intra_refresh=0 rc=crf mbtree=0 crf=15.0000 qcomp=0.72 qpmin=0 qpmax=81 qpstep=4 ip_ratio=1.40 pb_ratio=1.30 aq=1:0.85
x264 [info]: 1920x1080p 1:1 @ 24000/1001 fps (cfr)
x264 [info]: using SAR=1/1
x264 [info]: using cpu capabilities: MMX2 SSE2Fast SSSE3 SSE4.2
x264 [info]: profile High 10, level 5.0, 4:2:0 10-bit
x264 [info]: cabac=1 ref=4 deblock=1:1:-1 analyse=0x3:0x113 me=umh subme=9 psy=1 psy_rd=1.00:0.00 mixed_ref=1 me_range=32 chroma_me=1 trellis=2 8x8dct=1 cqm=0 deadzone=21,11 fast_pskip=1 chroma_qp_offset=-2 threads=34 lookahead_threads=5 sliced_threads=0 nr=0 decimate=1 interlaced=0 bluray_compat=0 constrained_intra=0 bframes=9 b_pyramid=2 b_adapt=2 b_bias=0 direct=1 weightb=1 open_gop=0 weightp=2 keyint=240 keyint_min=23 scenecut=40 intra_refresh=0 rc=crf mbtree=0 crf=15.0000 qcomp=0.72 qpmin=0 qpmax=81 qpstep=4 ip_ratio=1.40 pb_ratio=1.30 aq=1:0.85
x264 [info]: frame I:140   Avg QP:20.99  size:320029
x264 [info]: frame P:2812  Avg QP:22.52  size:109689
x264 [info]: frame B:10019 Avg QP:23.33  size: 30405
x264 [info]: consecutive B-frames:  4.3%  2.7%  5.8% 15.0% 11.8% 33.4% 11.1%  9.8%  3.1%  3.0%
x264 [info]: mb I  I16..4:  6.0% 78.4% 15.7%
x264 [info]: mb P  I16..4:  1.5% 10.5%  1.8%  P16..4: 46.1% 18.5% 12.5%  0.0%  0.0%    skip: 9.0%
x264 [info]: mb B  I16..4:  0.1%  0.5%  0.0%  B16..8: 32.2%  4.8%  1.7%  direct:16.8%  skip:43.8%  L0:43.2% L1:49.5% BI: 7.3%
x264 [info]: 8x8 transform intra:76.6% inter:60.2%
x264 [info]: coded y,uvDC,uvAC intra: 92.1% 93.3% 85.6% inter: 20.8% 49.8% 26.8%
x264 [info]: i16 v,h,dc,p: 27% 27%  4% 43%
x264 [info]: i8 v,h,dc,ddl,ddr,vr,hd,vl,hu: 11%  8%  3% 12% 16% 14% 14% 11% 12%
x264 [info]: i4 v,h,dc,ddl,ddr,vr,hd,vl,hu: 17%  7%  2% 11% 17% 15% 12% 11%  9%
x264 [info]: i8c dc,h,v,p: 51% 17% 18% 14%
x264 [info]: Weighted P-Frames: Y:11.4% UV:9.5%
x264 [info]: ref P L0: 59.5% 26.2% 13.3%  0.8%  0.1%
x264 [info]: ref B L0: 79.3% 17.2%  3.6%
x264 [info]: ref B L1: 89.5% 10.5%
x264 [info]: kb/s:9728.41
x264 [info]: encoded 12971 frames, 1.09 fps, 9728.41 kb/s, duration 3:19:00.24
