x264 [info]: 1920x1080p 1:1 @ 24000/1001 fps (cfr)
x264 [info]: using SAR=1/1
x264 [info]: using cpu capabilities: MMX2 SSE2Fast SSSE3 SSE4.2
x264 [info]: profile High 10, level 5.0, 4:2:0 10-bit
x264 [info]: cabac=1 ref=4 deblock=1:1:-1 analyse=0x3:0x113 me=umh subme=9 psy=1 psy_rd=1.00:0.00 mixed_ref=1 me_range=32 chroma_me=1 trellis=2 8x8dct=1 cqm=0 deadzone=21,11 fast_pskip=1 chroma_qp_offset=-2 threads=34 lookahead_threads=5 sliced_threads=0 nr=0 decimate=1 interlaced=0 bluray_compat=0 constrained_intra=0 bframes=9 b_pyramid=2 b_adapt=2 b_bias=0 direct=1 weightb=1 open_gop=0 weightp=2 keyint=240 keyint_min=23 scenecut=40 intra_refresh=0 rc=crf mbtree=0 crf=15.0000 qcomp=0.72 qpmin=0 qpmax=81 qpstep=4 ip_ratio=1.40 pb_ratio=1.30 aq=1:0.85
x264 [info]: frame I:139   Avg QP:20.76  size:328439
x264 [info]: frame P:2727  Avg QP:22.16  size:112064
x264 [info]: frame B:10105 Avg QP:23.04  size: 32487
x264 [info]: consecutive B-frames:  3.8%  2.3%  6.1% 12.7% 12.1% 36.1% 12.8% 10.4%  2.1%  1.6%
x264 [info]: mb I  I16..4:  5.5% 80.0% 14.5%
x264 [info]: mb P  I16..4:  1.5% 10.5%  1.5%  P16..4: 47.2% 18.8% 12.7%  0.0%  0.0%    skip: 7.8%
x264 [info]: mb B  I16..4:  0.1%  0.6%  0.0%  B16..8: 31.9%  4.8%  1.7%  direct:18.5%  skip:42.4%  L0:43.0% L1:49.7% BI: 7.3%
x264 [info]: 8x8 transform intra:78.5% inter:58.1%
x264 [info]: coded y,uvDC,uvAC intra: 92.2% 92.9% 85.5% inter: 20.6% 52.6% 29.8%
x264 [info]: i16 v,h,dc,p: 21% 28%  4% 46%
x264 [info]: i8 v,h,dc,ddl,ddr,vr,hd,vl,hu: 10%  7%  4% 12% 15% 14% 15% 11% 12%
x264 [info]: i4 v,h,dc,ddl,ddr,vr,hd,vl,hu: 15%  7%  2% 12% 16% 15% 13% 11% 10%
x264 [info]: i8c dc,h,v,p: 52% 17% 17% 14%
x264 [info]: Weighted P-Frames: Y:11.7% UV:10.0%
x264 [info]: ref P L0: 58.4% 27.3% 13.5%  0.7%  0.1%
x264 [info]: ref B L0: 78.6% 17.9%  3.5%
x264 [info]: ref B L1: 89.2% 10.8%
x264 [info]: kb/s:10048.58
x264 [info]: encoded 12971 frames, 1.10 fps, 10048.58 kb/s, duration 3:16:01.23
