x264 [info]: 1920x1080p 1:1 @ 24000/1001 fps (cfr)
x264 [info]: using SAR=1/1
x264 [info]: using cpu capabilities: MMX2 SSE2Fast SSSE3 SSE4.2
x264 [info]: profile High 10, level 5.0, 4:2:0 10-bit
x264 [info]: cabac=1 ref=4 deblock=1:1:-1 analyse=0x3:0x113 me=umh subme=9 psy=1 psy_rd=1.00:0.00 mixed_ref=1 me_range=32 chroma_me=1 trellis=2 8x8dct=1 cqm=0 deadzone=21,11 fast_pskip=1 chroma_qp_offset=-2 threads=34 lookahead_threads=5 sliced_threads=0 nr=0 decimate=1 interlaced=0 bluray_compat=0 constrained_intra=0 bframes=9 b_pyramid=2 b_adapt=2 b_bias=0 direct=1 weightb=1 open_gop=0 weightp=2 keyint=240 keyint_min=23 scenecut=40 intra_refresh=0 rc=crf mbtree=0 crf=15.0000 qcomp=0.72 qpmin=0 qpmax=81 qpstep=4 ip_ratio=1.40 pb_ratio=1.30 aq=1:0.85
x264 [info]: frame I:140   Avg QP:20.45  size:328217
x264 [info]: frame P:2672  Avg QP:21.90  size:112745
x264 [info]: frame B:10135 Avg QP:22.88  size: 33267
x264 [info]: consecutive B-frames:  3.6%  2.3%  5.1% 11.8% 12.7% 36.5% 14.2% 10.7%  1.5%  1.6%
x264 [info]: mb I  I16..4:  6.2% 80.4% 13.3%
x264 [info]: mb P  I16..4:  1.2%  9.0%  1.3%  P16..4: 46.5% 20.1% 13.4%  0.0%  0.0%    skip: 8.3%
x264 [info]: mb B  I16..4:  0.1%  0.5%  0.0%  B16..8: 32.2%  4.9%  1.8%  direct:20.3%  skip:40.2%  L0:43.2% L1:49.1% BI: 7.7%
x264 [info]: 8x8 transform intra:78.9% inter:58.3%
x264 [info]: coded y,uvDC,uvAC intra: 92.8% 94.2% 87.1% inter: 19.2% 55.3% 34.1%
x264 [info]: i16 v,h,dc,p: 24% 25%  4% 46%
x264 [info]: i8 v,h,dc,ddl,ddr,vr,hd,vl,hu: 11%  8%  4% 12% 15% 14% 14% 11% 12%
x264 [info]: i4 v,h,dc,ddl,ddr,vr,hd,vl,hu: 16%  7%  2% 12% 16% 15% 12% 11% 10%
x264 [info]: i8c dc,h,v,p: 51% 16% 17% 15%
x264 [info]: Weighted P-Frames: Y:11.3% UV:10.2%
x264 [info]: ref P L0: 56.6% 28.5% 14.1%  0.7%  0.1%
x264 [info]: ref B L0: 77.7% 18.7%  3.7%
x264 [info]: ref B L1: 88.7% 11.3%
x264 [info]: kb/s:10138.75
x264 [info]: encoded 12947 frames, 1.09 fps, 10138.75 kb/s, duration 3:18:40.60
