x264 [info]: 1920x1080p 1:1 @ 24000/1001 fps (cfr)
x264 [info]: using SAR=1/1
x264 [info]: using cpu capabilities: MMX2 SSE2Fast SSSE3 SSE4.2
x264 [info]: profile High 10, level 5.0, 4:2:0 10-bit
x264 [info]: cabac=1 ref=4 deblock=1:1:-1 analyse=0x3:0x113 me=umh subme=9 psy=1 psy_rd=1.00:0.00 mixed_ref=1 me_range=32 chroma_me=1 trellis=2 8x8dct=1 cqm=0 deadzone=21,11 fast_pskip=1 chroma_qp_offset=-2 threads=34 lookahead_threads=5 sliced_threads=0 nr=0 decimate=1 interlaced=0 bluray_compat=0 constrained_intra=0 bframes=9 b_pyramid=2 b_adapt=2 b_bias=0 direct=1 weightb=1 open_gop=0 weightp=2 keyint=240 keyint_min=23 scenecut=40 intra_refresh=0 rc=crf mbtree=0 crf=15.0000 qcomp=0.72 qpmin=0 qpmax=81 qpstep=4 ip_ratio=1.40 pb_ratio=1.30 aq=1:0.85
x264 [info]: frame I:135   Avg QP:21.10  size:328775
x264 [info]: frame P:2907  Avg QP:22.70  size:113546
x264 [info]: frame B:9905  Avg QP:23.38  size: 31535
x264 [info]: consecutive B-frames:  4.7%  3.3%  6.3% 14.8% 11.1% 35.0% 11.9%  9.3%  2.1%  1.4%
x264 [info]: mb I  I16..4:  5.2% 79.7% 15.1%
x264 [info]: mb P  I16..4:  1.6% 10.7%  1.9%  P16..4: 46.1% 19.3% 12.5%  0.0%  0.0%    skip: 7.9%
x264 [info]: mb B  I16..4:  0.1%  0.5%  0.1%  B16..8: 32.6%  4.7%  1.7%  direct:18.0%  skip:42.3%  L0:43.0% L1:49.5% BI: 7.5%
x264 [info]: 8x8 transform intra:76.6% inter:58.9%
x264 [info]: coded y,uvDC,uvAC intra: 91.9% 95.1% 87.3% inter: 21.1% 52.5% 28.9%
x264 [info]: i16 v,h,dc,p: 24% 28%  4% 44%
x264 [info]: i8 v,h,dc,ddl,ddr,vr,hd,vl,hu: 11%  8%  3% 11% 15% 14% 14% 11% 12%
x264 [info]: i4 v,h,dc,ddl,ddr,vr,hd,vl,hu: 17%  7%  2% 11% 16% 15% 12% 11%  9%
x264 [info]: i8c dc,h,v,p: 49% 17% 19% 15%
x264 [info]: Weighted P-Frames: Y:10.8% UV:8.8%
x264 [info]: ref P L0: 58.5% 26.8% 13.4%  1.0%  0.2%
x264 [info]: ref B L0: 80.5% 16.3%  3.2%
x264 [info]: ref B L1: 90.4%  9.6%
x264 [info]: kb/s:10175.14
x264 [info]: encoded 12947 frames, 1.02 fps, 10175.14 kb/s, duration 3:32:13.47
