x264 [info]: 1920x1080p 1:1 @ 24000/1001 fps (cfr)
x264 [info]: using SAR=1/1
x264 [info]: using cpu capabilities: MMX2 SSE2Fast SSSE3 SSE4.2
x264 [info]: profile High 10, level 5.0, 4:2:0 10-bit
x264 [info]: cabac=1 ref=4 deblock=1:1:-1 analyse=0x3:0x113 me=umh subme=9 psy=1 psy_rd=1.00:0.00 mixed_ref=1 me_range=32 chroma_me=1 trellis=2 8x8dct=1 cqm=0 deadzone=21,11 fast_pskip=1 chroma_qp_offset=-2 threads=34 lookahead_threads=5 sliced_threads=0 nr=0 decimate=1 interlaced=0 bluray_compat=0 constrained_intra=0 bframes=9 b_pyramid=2 b_adapt=2 b_bias=0 direct=1 weightb=1 open_gop=0 weightp=2 keyint=240 keyint_min=23 scenecut=40 intra_refresh=0 rc=crf mbtree=0 crf=15.0000 qcomp=0.72 qpmin=0 qpmax=81 qpstep=4 ip_ratio=1.40 pb_ratio=1.30 aq=1:0.85
x264 [info]: frame I:127   Avg QP:20.73  size:319040
x264 [info]: frame P:2810  Avg QP:22.17  size:113405
x264 [info]: frame B:10010 Avg QP:23.17  size: 32306
x264 [info]: consecutive B-frames:  3.9%  3.1%  5.9% 14.0% 13.3% 37.4%  9.5%  8.7%  2.1%  2.1%
x264 [info]: mb I  I16..4:  5.6% 81.3% 13.1%
x264 [info]: mb P  I16..4:  1.4% 10.4%  1.5%  P16..4: 46.1% 19.5% 12.6%  0.0%  0.0%    skip: 8.4%
x264 [info]: mb B  I16..4:  0.1%  0.5%  0.0%  B16..8: 33.1%  4.8%  1.7%  direct:19.6%  skip:40.2%  L0:43.1% L1:49.1% BI: 7.8%
x264 [info]: 8x8 transform intra:78.4% inter:60.3%
x264 [info]: coded y,uvDC,uvAC intra: 92.6% 93.8% 86.7% inter: 20.6% 54.2% 31.4%
x264 [info]: i16 v,h,dc,p: 22% 28%  4% 46%
x264 [info]: i8 v,h,dc,ddl,ddr,vr,hd,vl,hu: 10%  8%  3% 12% 15% 14% 15% 11% 12%
x264 [info]: i4 v,h,dc,ddl,ddr,vr,hd,vl,hu: 15%  8%  2% 11% 16% 15% 13% 11% 10%
x264 [info]: i8c dc,h,v,p: 51% 17% 17% 15%
x264 [info]: Weighted P-Frames: Y:12.3% UV:11.2%
x264 [info]: ref P L0: 59.5% 26.2% 13.3%  0.8%  0.1%
x264 [info]: ref B L0: 80.4% 16.4%  3.2%
x264 [info]: ref B L1: 90.0% 10.0%
x264 [info]: kb/s:10112.14
x264 [info]: encoded 12947 frames, 1.07 fps, 10112.14 kb/s, duration 3:21:18.27
