x264 [info]: 1920x1080p 1:1 @ 24000/1001 fps (cfr)
x264 [info]: using SAR=1/1
x264 [info]: using cpu capabilities: MMX2 SSE2Fast SSSE3 SSE4.2
x264 [info]: profile High 10, level 5.0, 4:2:0 10-bit
x264 [info]: cabac=1 ref=4 deblock=1:1:-1 analyse=0x3:0x113 me=umh subme=9 psy=1 psy_rd=1.00:0.00 mixed_ref=1 me_range=32 chroma_me=1 trellis=2 8x8dct=1 cqm=0 deadzone=21,11 fast_pskip=1 chroma_qp_offset=-2 threads=34 lookahead_threads=5 sliced_threads=0 nr=0 decimate=1 interlaced=0 bluray_compat=0 constrained_intra=0 bframes=9 b_pyramid=2 b_adapt=2 b_bias=0 direct=1 weightb=1 open_gop=0 weightp=2 keyint=240 keyint_min=23 scenecut=40 intra_refresh=0 rc=crf mbtree=0 crf=15.0000 qcomp=0.72 qpmin=0 qpmax=81 qpstep=4 ip_ratio=1.40 pb_ratio=1.30 aq=1:0.85
x264 [info]: frame I:125   Avg QP:21.00  size:309621
x264 [info]: frame P:2719  Avg QP:22.64  size:112325
x264 [info]: frame B:10103 Avg QP:23.62  size: 32535
x264 [info]: consecutive B-frames:  3.6%  2.9%  5.4% 12.9% 13.1% 34.2% 11.0% 11.6%  3.2%  2.2%
x264 [info]: mb I  I16..4:  6.0% 80.7% 13.3%
x264 [info]: mb P  I16..4:  1.6% 10.9%  1.8%  P16..4: 45.9% 19.8% 12.8%  0.0%  0.0%    skip: 7.2%
x264 [info]: mb B  I16..4:  0.1%  0.5%  0.1%  B16..8: 33.5%  5.1%  1.8%  direct:18.9%  skip:40.1%  L0:43.4% L1:49.1% BI: 7.5%
x264 [info]: 8x8 transform intra:77.3% inter:59.5%
x264 [info]: coded y,uvDC,uvAC intra: 92.0% 93.9% 85.7% inter: 22.2% 53.9% 28.1%
x264 [info]: i16 v,h,dc,p: 24% 27%  3% 45%
x264 [info]: i8 v,h,dc,ddl,ddr,vr,hd,vl,hu: 11%  8%  3% 12% 15% 15% 14% 11% 11%
x264 [info]: i4 v,h,dc,ddl,ddr,vr,hd,vl,hu: 16%  7%  2% 11% 16% 16% 12% 11%  9%
x264 [info]: i8c dc,h,v,p: 48% 18% 19% 16%
x264 [info]: Weighted P-Frames: Y:10.8% UV:9.5%
x264 [info]: ref P L0: 56.4% 28.7% 14.1%  0.7%  0.2%
x264 [info]: ref B L0: 80.0% 16.6%  3.4%
x264 [info]: ref B L1: 90.4%  9.6%
x264 [info]: kb/s:9967.59
x264 [info]: encoded 12947 frames, 1.15 fps, 9967.59 kb/s, duration 3:08:13.69
