x264 [info]: 1920x1080p 1:1 @ 24000/1001 fps (cfr)
x264 [info]: using SAR=1/1
x264 [info]: using cpu capabilities: MMX2 SSE2Fast SSSE3 SSE4.2
x264 [info]: profile High 10, level 5.0, 4:2:0 10-bit
x264 [info]: cabac=1 ref=4 deblock=1:1:-1 analyse=0x3:0x113 me=umh subme=9 psy=1 psy_rd=1.00:0.00 mixed_ref=1 me_range=32 chroma_me=1 trellis=2 8x8dct=1 cqm=0 deadzone=21,11 fast_pskip=1 chroma_qp_offset=-2 threads=34 lookahead_threads=5 sliced_threads=0 nr=0 decimate=1 interlaced=0 bluray_compat=0 constrained_intra=0 bframes=9 b_pyramid=2 b_adapt=2 b_bias=0 direct=1 weightb=1 open_gop=0 weightp=2 keyint=240 keyint_min=23 scenecut=40 intra_refresh=0 rc=crf mbtree=0 crf=15.0000 qcomp=0.72 qpmin=0 qpmax=81 qpstep=4 ip_ratio=1.40 pb_ratio=1.30 aq=1:0.85
x264 [info]: frame I:134   Avg QP:21.89  size:319181
x264 [info]: frame P:2777  Avg QP:23.50  size:110835
x264 [info]: frame B:10036 Avg QP:24.38  size: 30950
x264 [info]: consecutive B-frames:  4.5%  3.7%  4.1% 12.5% 11.8% 30.2% 13.2% 10.5%  4.4%  4.9%
x264 [info]: mb I  I16..4:  6.1% 78.3% 15.6%
x264 [info]: mb P  I16..4:  1.7% 11.9%  2.2%  P16..4: 46.1% 18.8% 12.3%  0.0%  0.0%    skip: 7.2%
x264 [info]: mb B  I16..4:  0.1%  0.6%  0.1%  B16..8: 31.9%  4.9%  1.6%  direct:17.8%  skip:43.0%  L0:43.5% L1:48.1% BI: 8.3%
x264 [info]: 8x8 transform intra:76.2% inter:59.6%
x264 [info]: coded y,uvDC,uvAC intra: 90.3% 94.3% 83.3% inter: 23.6% 50.8% 23.8%
x264 [info]: i16 v,h,dc,p: 21% 28%  3% 48%
x264 [info]: i8 v,h,dc,ddl,ddr,vr,hd,vl,hu: 10%  8%  3% 12% 15% 14% 15% 11% 12%
x264 [info]: i4 v,h,dc,ddl,ddr,vr,hd,vl,hu: 15%  8%  3% 11% 17% 14% 13% 10%  9%
x264 [info]: i8c dc,h,v,p: 47% 20% 18% 15%
x264 [info]: Weighted P-Frames: Y:12.7% UV:11.3%
x264 [info]: ref P L0: 55.4% 28.8% 13.9%  1.7%  0.3%
x264 [info]: ref B L0: 80.2% 16.5%  3.3%
x264 [info]: ref B L1: 90.6%  9.4%
x264 [info]: kb/s:9795.16
x264 [info]: encoded 12947 frames, 1.14 fps, 9795.16 kb/s, duration 3:09:44.13
