x264 [info]: 1920x1080p 1:1 @ 24000/1001 fps (cfr)
x264 [info]: using SAR=1/1
x264 [info]: using cpu capabilities: MMX2 SSE2Fast SSSE3 SSE4.2
x264 [info]: profile High 10, level 5.0, 4:2:0 10-bit
x264 [info]: cabac=1 ref=4 deblock=1:1:-1 analyse=0x3:0x113 me=umh subme=9 psy=1 psy_rd=1.00:0.00 mixed_ref=1 me_range=32 chroma_me=1 trellis=2 8x8dct=1 cqm=0 deadzone=21,11 fast_pskip=1 chroma_qp_offset=-2 threads=34 lookahead_threads=5 sliced_threads=0 nr=0 decimate=1 interlaced=0 bluray_compat=0 constrained_intra=0 bframes=9 b_pyramid=2 b_adapt=2 b_bias=0 direct=1 weightb=1 open_gop=0 weightp=2 keyint=240 keyint_min=23 scenecut=40 intra_refresh=0 rc=crf mbtree=0 crf=15.0000 qcomp=0.72 qpmin=0 qpmax=81 qpstep=4 ip_ratio=1.40 pb_ratio=1.30 aq=1:0.85
x264 [info]: frame I:141   Avg QP:20.99  size:310026
x264 [info]: frame P:3173  Avg QP:22.36  size: 94743
x264 [info]: frame B:9633  Avg QP:23.28  size: 26624
x264 [info]: consecutive B-frames:  7.6%  3.1%  6.8% 11.9% 10.7% 35.0% 11.2% 10.3%  1.3%  2.2%
x264 [info]: mb I  I16..4:  4.2% 82.1% 13.6%
x264 [info]: mb P  I16..4:  1.6%  8.9%  1.5%  P16..4: 45.2% 18.5% 12.7%  0.0%  0.0%    skip:11.5%
x264 [info]: mb B  I16..4:  0.1%  0.3%  0.0%  B16..8: 31.3%  4.1%  1.5%  direct:17.5%  skip:45.1%  L0:42.5% L1:50.0% BI: 7.5%
x264 [info]: 8x8 transform intra:75.9% inter:58.8%
x264 [info]: coded y,uvDC,uvAC intra: 90.0% 89.1% 80.6% inter: 19.2% 48.9% 25.5%
x264 [info]: i16 v,h,dc,p: 19% 27%  3% 51%
x264 [info]: i8 v,h,dc,ddl,ddr,vr,hd,vl,hu: 11%  9%  3% 12% 15% 13% 14% 11% 12%
x264 [info]: i4 v,h,dc,ddl,ddr,vr,hd,vl,hu: 15%  8%  2% 11% 17% 16% 12% 10%  9%
x264 [info]: i8c dc,h,v,p: 48% 19% 17% 16%
x264 [info]: Weighted P-Frames: Y:8.3% UV:7.3%
x264 [info]: ref P L0: 58.1% 26.7% 13.4%  1.7%  0.1%
x264 [info]: ref B L0: 78.9% 17.6%  3.5%
x264 [info]: ref B L1: 90.0% 10.0%
x264 [info]: kb/s:8900.78
x264 [info]: encoded 12947 frames, 1.05 fps, 8900.78 kb/s, duration 3:25:13.10
