x264 [info]: 1920x1080p 1:1 @ 24000/1001 fps (cfr)
x264 [info]: using SAR=1/1
x264 [info]: using cpu capabilities: MMX2 SSE2Fast SSSE3 SSE4.2
x264 [info]: profile High 10, level 5.0, 4:2:0 10-bit
x264 [info]: cabac=1 ref=4 deblock=1:1:-1 analyse=0x3:0x113 me=umh subme=9 psy=1 psy_rd=1.00:0.00 mixed_ref=1 me_range=32 chroma_me=1 trellis=2 8x8dct=1 cqm=0 deadzone=21,11 fast_pskip=1 chroma_qp_offset=-2 threads=34 lookahead_threads=5 sliced_threads=0 nr=0 decimate=1 interlaced=0 bluray_compat=0 constrained_intra=0 bframes=9 b_pyramid=2 b_adapt=2 b_bias=0 direct=1 weightb=1 open_gop=0 weightp=2 keyint=240 keyint_min=23 scenecut=40 intra_refresh=0 rc=crf mbtree=0 crf=15.0000 qcomp=0.72 qpmin=0 qpmax=81 qpstep=4 ip_ratio=1.40 pb_ratio=1.30 aq=1:0.85
x264 [info]: frame I:6     Avg QP:18.91  size:246124
x264 [info]: frame P:178   Avg QP:22.02  size:100908
x264 [info]: frame B:560   Avg QP:24.49  size: 36828
x264 [info]: consecutive B-frames:  3.5%  6.7% 10.9% 28.0%  5.4%  7.3% 14.1% 21.5%  0.0%  2.7%
x264 [info]: mb I  I16..4: 16.7% 57.9% 25.4%
x264 [info]: mb P  I16..4:  1.3% 14.4%  2.0%  P16..4: 38.4% 15.2% 10.9%  0.0%  0.0%    skip:17.9%
x264 [info]: mb B  I16..4:  0.1%  2.5%  0.1%  B16..8: 30.0%  7.9%  2.5%  direct: 7.0%  skip:50.0%  L0:42.5% L1:44.6% BI:12.9%
x264 [info]: 8x8 transform intra:81.5% inter:58.5%
x264 [info]: coded y,uvDC,uvAC intra: 90.6% 90.6% 80.6% inter: 21.8% 33.3% 14.1%
x264 [info]: i16 v,h,dc,p: 31% 51%  5% 14%
x264 [info]: i8 v,h,dc,ddl,ddr,vr,hd,vl,hu:  6%  6%  6% 12% 16% 14% 15% 12% 14%
x264 [info]: i4 v,h,dc,ddl,ddr,vr,hd,vl,hu:  8%  7%  6% 16% 17% 12% 14%  9% 13%
x264 [info]: i8c dc,h,v,p: 54% 21% 16%  9%
x264 [info]: Weighted P-Frames: Y:1.1% UV:1.1%
x264 [info]: ref P L0: 62.3% 23.2% 14.0%  0.5%
x264 [info]: ref B L0: 77.3% 18.6%  4.1%
x264 [info]: ref B L1: 92.7%  7.3%
x264 [info]: kb/s:10328.29
x264 [info]: encoded 744 frames, 1.02 fps, 10328.29 kb/s, duration 0:12:08.35
