x264 [info]: 1920x1080p 1:1 @ 24000/1001 fps (cfr)
x264 [info]: using SAR=1/1
x264 [info]: using cpu capabilities: MMX2 SSE2Fast SSSE3 SSE4.2
x264 [info]: profile High 10, level 5.0, 4:2:0 10-bit
x264 [info]: cabac=1 ref=4 deblock=1:1:-1 analyse=0x3:0x113 me=umh subme=9 psy=1 psy_rd=1.00:0.00 mixed_ref=1 me_range=32 chroma_me=1 trellis=2 8x8dct=1 cqm=0 deadzone=21,11 fast_pskip=1 chroma_qp_offset=-2 threads=34 lookahead_threads=5 sliced_threads=0 nr=0 decimate=1 interlaced=0 bluray_compat=0 constrained_intra=0 bframes=9 b_pyramid=2 b_adapt=2 b_bias=0 direct=1 weightb=1 open_gop=0 weightp=2 keyint=240 keyint_min=23 scenecut=40 intra_refresh=0 rc=crf mbtree=0 crf=15.0000 qcomp=0.72 qpmin=0 qpmax=81 qpstep=4 ip_ratio=1.40 pb_ratio=1.30 aq=1:0.85
x264 [info]: frame I:7     Avg QP:19.95  size:232570
x264 [info]: frame P:169   Avg QP:21.93  size: 97229
x264 [info]: frame B:568   Avg QP:24.45  size: 33555
x264 [info]: consecutive B-frames:  3.5%  5.1%  6.9% 26.9% 10.8%  8.9% 16.0% 19.4%  0.0%  2.7%
x264 [info]: mb I  I16..4: 14.1% 61.6% 24.3%
x264 [info]: mb P  I16..4:  1.3% 11.9%  1.8%  P16..4: 38.8% 16.4% 11.8%  0.0%  0.0%    skip:18.0%
x264 [info]: mb B  I16..4:  0.2%  1.8%  0.1%  B16..8: 29.3%  7.4%  2.3%  direct: 7.8%  skip:51.2%  L0:43.1% L1:44.9% BI:12.0%
x264 [info]: 8x8 transform intra:78.8% inter:57.2%
x264 [info]: coded y,uvDC,uvAC intra: 88.6% 89.3% 78.2% inter: 21.5% 33.3% 13.7%
x264 [info]: i16 v,h,dc,p: 31% 50%  4% 15%
x264 [info]: i8 v,h,dc,ddl,ddr,vr,hd,vl,hu:  7%  5%  5% 12% 16% 15% 14% 12% 13%
x264 [info]: i4 v,h,dc,ddl,ddr,vr,hd,vl,hu:  8%  7%  5% 16% 17% 12% 14%  9% 12%
x264 [info]: i8c dc,h,v,p: 55% 19% 17%  9%
x264 [info]: Weighted P-Frames: Y:1.2% UV:1.2%
x264 [info]: ref P L0: 60.2% 23.9% 14.9%  0.9%
x264 [info]: ref B L0: 76.4% 19.0%  4.5%
x264 [info]: ref B L1: 92.2%  7.8%
x264 [info]: kb/s:9569.57
x264 [info]: encoded 744 frames, 1.02 fps, 9569.57 kb/s, duration 0:12:05.89
