x264 [info]: 1920x1080p 1:1 @ 24000/1001 fps (cfr)
x264 [info]: using SAR=1/1
x264 [info]: using cpu capabilities: MMX2 SSE2Fast SSSE3 SSE4.2
x264 [info]: profile High 10, level 5.0, 4:2:0 10-bit
x264 [info]: cabac=1 ref=4 deblock=1:1:-1 analyse=0x3:0x113 me=umh subme=9 psy=1 psy_rd=1.00:0.00 mixed_ref=1 me_range=32 chroma_me=1 trellis=2 8x8dct=1 cqm=0 deadzone=21,11 fast_pskip=1 chroma_qp_offset=-2 threads=34 lookahead_threads=5 sliced_threads=0 nr=0 decimate=1 interlaced=0 bluray_compat=0 constrained_intra=0 bframes=9 b_pyramid=2 b_adapt=2 b_bias=0 direct=1 weightb=1 open_gop=0 weightp=2 keyint=240 keyint_min=23 scenecut=40 intra_refresh=0 rc=crf mbtree=0 crf=15.0000 qcomp=0.72 qpmin=0 qpmax=81 qpstep=4 ip_ratio=1.40 pb_ratio=1.30 aq=1:0.85
x264 [info]: frame I:7     Avg QP:19.44  size:250817
x264 [info]: frame P:173   Avg QP:22.13  size: 95547
x264 [info]: frame B:564   Avg QP:24.58  size: 32936
x264 [info]: consecutive B-frames:  3.2%  6.5%  8.9% 28.5%  8.1%  6.5% 13.2% 22.6%  0.0%  2.7%
x264 [info]: mb I  I16..4: 13.5% 61.9% 24.6%
x264 [info]: mb P  I16..4:  1.3% 11.3%  1.7%  P16..4: 40.3% 15.9% 11.8%  0.0%  0.0%    skip:17.6%
x264 [info]: mb B  I16..4:  0.1%  1.7%  0.1%  B16..8: 30.3%  7.6%  2.3%  direct: 7.1%  skip:50.9%  L0:43.4% L1:44.7% BI:11.9%
x264 [info]: 8x8 transform intra:78.7% inter:57.3%
x264 [info]: coded y,uvDC,uvAC intra: 88.5% 87.2% 76.2% inter: 21.0% 32.0% 13.3%
x264 [info]: i16 v,h,dc,p: 30% 51%  5% 14%
x264 [info]: i8 v,h,dc,ddl,ddr,vr,hd,vl,hu:  7%  5%  6% 12% 16% 14% 14% 12% 13%
x264 [info]: i4 v,h,dc,ddl,ddr,vr,hd,vl,hu:  9%  7%  5% 16% 16% 12% 14%  9% 12%
x264 [info]: i8c dc,h,v,p: 54% 20% 18%  7%
x264 [info]: Weighted P-Frames: Y:1.2% UV:1.2%
x264 [info]: ref P L0: 62.2% 23.0% 14.1%  0.7%
x264 [info]: ref B L0: 76.5% 19.2%  4.3%
x264 [info]: ref B L1: 92.8%  7.2%
x264 [info]: kb/s:9503.08
x264 [info]: encoded 744 frames, 1.02 fps, 9503.08 kb/s, duration 0:12:06.49
