x264 [info]: 1920x1080p 1:1 @ 24000/1001 fps (cfr)
x264 [info]: using SAR=1/1
x264 [info]: using cpu capabilities: MMX2 SSE2Fast SSSE3 SSE4.2
x264 [info]: profile High 10, level 5.0, 4:2:0 10-bit
x264 [info]: cabac=1 ref=4 deblock=1:1:-1 analyse=0x3:0x113 me=umh subme=9 psy=1 psy_rd=1.00:0.00 mixed_ref=1 me_range=32 chroma_me=1 trellis=2 8x8dct=1 cqm=0 deadzone=21,11 fast_pskip=1 chroma_qp_offset=-2 threads=34 lookahead_threads=5 sliced_threads=0 nr=0 decimate=1 interlaced=0 bluray_compat=0 constrained_intra=0 bframes=9 b_pyramid=2 b_adapt=2 b_bias=0 direct=1 weightb=1 open_gop=0 weightp=2 keyint=240 keyint_min=23 scenecut=40 intra_refresh=0 rc=crf mbtree=0 crf=15.0000 qcomp=0.72 qpmin=0 qpmax=81 qpstep=4 ip_ratio=1.40 pb_ratio=1.30 aq=1:0.85
x264 [info]: frame I:5     Avg QP:20.11  size:287090
x264 [info]: frame P:161   Avg QP:22.43  size:100228
x264 [info]: frame B:554   Avg QP:25.03  size: 34447
x264 [info]: consecutive B-frames:  3.2%  5.3%  7.5% 22.8%  8.3% 10.8% 16.5% 25.6%  0.0%  0.0%
x264 [info]: mb I  I16..4: 16.7% 66.1% 17.2%
x264 [info]: mb P  I16..4:  1.4% 13.1%  1.9%  P16..4: 39.7% 16.0% 12.0%  0.0%  0.0%    skip:15.9%
x264 [info]: mb B  I16..4:  0.2%  2.0%  0.1%  B16..8: 30.6%  7.6%  2.3%  direct: 8.4%  skip:48.9%  L0:43.4% L1:44.8% BI:11.9%
x264 [info]: 8x8 transform intra:80.6% inter:57.9%
x264 [info]: coded y,uvDC,uvAC intra: 89.5% 91.9% 80.4% inter: 21.9% 33.4% 13.5%
x264 [info]: i16 v,h,dc,p: 32% 52%  5% 12%
x264 [info]: i8 v,h,dc,ddl,ddr,vr,hd,vl,hu:  7%  5%  6% 12% 16% 14% 14% 12% 13%
x264 [info]: i4 v,h,dc,ddl,ddr,vr,hd,vl,hu:  9%  8%  6% 12% 16% 13% 14% 10% 13%
x264 [info]: i8c dc,h,v,p: 53% 21% 18%  8%
x264 [info]: Weighted P-Frames: Y:1.9% UV:1.9%
x264 [info]: ref P L0: 60.3% 24.3% 14.7%  0.7%
x264 [info]: ref B L0: 76.8% 18.8%  4.4%
x264 [info]: ref B L1: 92.4%  7.6%
x264 [info]: kb/s:9765.04
x264 [info]: encoded 720 frames, 1.03 fps, 9765.04 kb/s, duration 0:11:38.74
