x264 [info]: 1920x1080p 1:1 @ 24000/1001 fps (cfr)
x264 [info]: using SAR=1/1
x264 [info]: using cpu capabilities: MMX2 SSE2Fast SSSE3 SSE4.2
x264 [info]: profile High 10, level 5.0, 4:2:0 10-bit
x264 [info]: cabac=1 ref=4 deblock=1:1:-1 analyse=0x3:0x113 me=umh subme=9 psy=1 psy_rd=1.00:0.00 mixed_ref=1 me_range=32 chroma_me=1 trellis=2 8x8dct=1 cqm=0 deadzone=21,11 fast_pskip=1 chroma_qp_offset=-2 threads=34 lookahead_threads=5 sliced_threads=0 nr=0 decimate=1 interlaced=0 bluray_compat=0 constrained_intra=0 bframes=9 b_pyramid=2 b_adapt=2 b_bias=0 direct=1 weightb=1 open_gop=0 weightp=2 keyint=240 keyint_min=23 scenecut=40 intra_refresh=0 rc=crf mbtree=0 crf=15.0000 qcomp=0.72 qpmin=0 qpmax=81 qpstep=4 ip_ratio=1.40 pb_ratio=1.30 aq=1:0.85
x264 [info]: frame I:5     Avg QP:19.11  size:237738
x264 [info]: frame P:180   Avg QP:22.08  size: 97939
x264 [info]: frame B:559   Avg QP:24.53  size: 32153
x264 [info]: consecutive B-frames:  4.3%  6.5% 10.1% 23.7%  6.7%  8.1% 19.8% 18.3%  0.0%  2.7%
x264 [info]: mb I  I16..4: 17.7% 53.5% 28.8%
x264 [info]: mb P  I16..4:  1.3% 11.9%  1.9%  P16..4: 40.9% 16.0% 12.1%  0.0%  0.0%    skip:16.0%
x264 [info]: mb B  I16..4:  0.2%  1.7%  0.1%  B16..8: 30.6%  7.5%  2.1%  direct: 7.0%  skip:50.9%  L0:44.2% L1:44.3% BI:11.4%
x264 [info]: 8x8 transform intra:78.4% inter:57.2%
x264 [info]: coded y,uvDC,uvAC intra: 88.4% 88.2% 76.7% inter: 21.1% 33.1% 14.0%
x264 [info]: i16 v,h,dc,p: 32% 51%  4% 13%
x264 [info]: i8 v,h,dc,ddl,ddr,vr,hd,vl,hu:  7%  5%  5% 12% 16% 14% 15% 12% 13%
x264 [info]: i4 v,h,dc,ddl,ddr,vr,hd,vl,hu:  9%  8%  6% 16% 16% 12% 13%  9% 11%
x264 [info]: i8c dc,h,v,p: 54% 21% 17%  8%
x264 [info]: Weighted P-Frames: Y:1.7% UV:1.7%
x264 [info]: ref P L0: 61.6% 23.2% 14.0%  1.2%
x264 [info]: ref B L0: 77.4% 18.7%  3.9%
x264 [info]: ref B L1: 92.7%  7.3%
x264 [info]: kb/s:9485.02
x264 [info]: encoded 744 frames, 1.02 fps, 9485.02 kb/s, duration 0:12:07.24
