x264 [info]: 1920x1080p 1:1 @ 24000/1001 fps (cfr)
x264 [info]: using SAR=1/1
x264 [info]: using cpu capabilities: MMX2 SSE2Fast SSSE3 SSE4.2
x264 [info]: profile High 10, level 5.0, 4:2:0 10-bit
x264 [info]: cabac=1 ref=4 deblock=1:1:-1 analyse=0x3:0x113 me=umh subme=9 psy=1 psy_rd=1.00:0.00 mixed_ref=1 me_range=32 chroma_me=1 trellis=2 8x8dct=1 cqm=0 deadzone=21,11 fast_pskip=1 chroma_qp_offset=-2 threads=34 lookahead_threads=5 sliced_threads=0 nr=0 decimate=1 interlaced=0 bluray_compat=0 constrained_intra=0 bframes=9 b_pyramid=2 b_adapt=2 b_bias=0 direct=1 weightb=1 open_gop=0 weightp=2 keyint=240 keyint_min=23 scenecut=40 intra_refresh=0 rc=crf mbtree=0 crf=15.0000 qcomp=0.72 qpmin=0 qpmax=81 qpstep=4 ip_ratio=1.40 pb_ratio=1.30 aq=1:0.85
x264 [info]: frame I:5     Avg QP:20.35  size:292996
x264 [info]: frame P:171   Avg QP:21.86  size:101538
x264 [info]: frame B:568   Avg QP:24.47  size: 36379
x264 [info]: consecutive B-frames:  3.6%  4.8%  9.7% 23.7%  8.1%  6.5% 21.6% 19.4%  0.0%  2.7%
x264 [info]: mb I  I16..4: 14.9% 66.3% 18.8%
x264 [info]: mb P  I16..4:  1.4% 14.7%  2.2%  P16..4: 38.4% 15.4% 11.4%  0.0%  0.0%    skip:16.5%
x264 [info]: mb B  I16..4:  0.1%  2.3%  0.1%  B16..8: 30.3%  8.1%  2.4%  direct: 6.9%  skip:49.7%  L0:43.3% L1:44.6% BI:12.0%
x264 [info]: 8x8 transform intra:81.8% inter:57.1%
x264 [info]: coded y,uvDC,uvAC intra: 90.3% 90.4% 79.0% inter: 22.2% 33.8% 13.6%
x264 [info]: i16 v,h,dc,p: 30% 51%  5% 14%
x264 [info]: i8 v,h,dc,ddl,ddr,vr,hd,vl,hu:  6%  5%  5% 12% 17% 15% 15% 11% 13%
x264 [info]: i4 v,h,dc,ddl,ddr,vr,hd,vl,hu:  8%  7%  6% 14% 16% 12% 14%  9% 13%
x264 [info]: i8c dc,h,v,p: 55% 21% 16%  8%
x264 [info]: Weighted P-Frames: Y:1.8% UV:1.8%
x264 [info]: ref P L0: 61.4% 23.0% 14.7%  0.9%
x264 [info]: ref B L0: 76.4% 19.2%  4.4%
x264 [info]: ref B L1: 91.9%  8.1%
x264 [info]: kb/s:10181.03
x264 [info]: encoded 744 frames, 1.03 fps, 10181.03 kb/s, duration 0:12:03.03
