x264 [info]: 1920x1080p 1:1 @ 24000/1001 fps (cfr)
x264 [info]: using SAR=1/1
x264 [info]: using cpu capabilities: MMX2 SSE2Fast SSSE3 SSE4.2
x264 [info]: profile High 10, level 5.0, 4:2:0 10-bit
x264 [info]: cabac=1 ref=4 deblock=1:1:-1 analyse=0x3:0x113 me=umh subme=9 psy=1 psy_rd=1.00:0.00 mixed_ref=1 me_range=32 chroma_me=1 trellis=2 8x8dct=1 cqm=0 deadzone=21,11 fast_pskip=1 chroma_qp_offset=-2 threads=34 lookahead_threads=5 sliced_threads=0 nr=0 decimate=1 interlaced=0 bluray_compat=0 constrained_intra=0 bframes=9 b_pyramid=2 b_adapt=2 b_bias=0 direct=1 weightb=1 open_gop=0 weightp=2 keyint=240 keyint_min=23 scenecut=40 intra_refresh=0 rc=crf mbtree=0 crf=15.0000 qcomp=0.72 qpmin=0 qpmax=81 qpstep=4 ip_ratio=1.40 pb_ratio=1.30 aq=1:0.85
x264 [info]: frame I:6     Avg QP:20.31  size:294430
x264 [info]: frame P:169   Avg QP:22.10  size: 97428
x264 [info]: frame B:545   Avg QP:24.61  size: 33968
x264 [info]: consecutive B-frames:  3.5%  6.9%  7.9% 25.0% 11.8%  6.7% 12.6% 25.6%  0.0%  0.0%
x264 [info]: mb I  I16..4: 12.4% 70.5% 17.1%
x264 [info]: mb P  I16..4:  1.3% 10.8%  1.7%  P16..4: 40.9% 16.5% 12.2%  0.0%  0.0%    skip:16.7%
x264 [info]: mb B  I16..4:  0.1%  1.4%  0.1%  B16..8: 31.5%  7.6%  2.3%  direct: 7.8%  skip:49.2%  L0:43.2% L1:44.9% BI:11.9%
x264 [info]: 8x8 transform intra:79.2% inter:55.8%
x264 [info]: coded y,uvDC,uvAC intra: 88.8% 91.3% 81.5% inter: 22.2% 34.4% 14.9%
x264 [info]: i16 v,h,dc,p: 31% 52%  5% 12%
x264 [info]: i8 v,h,dc,ddl,ddr,vr,hd,vl,hu:  7%  5%  6% 12% 16% 15% 14% 12% 13%
x264 [info]: i4 v,h,dc,ddl,ddr,vr,hd,vl,hu:  9%  9%  6% 13% 16% 12% 14%  9% 12%
x264 [info]: i8c dc,h,v,p: 56% 20% 16%  8%
x264 [info]: Weighted P-Frames: Y:1.2% UV:1.2%
x264 [info]: ref P L0: 60.1% 24.3% 14.9%  0.7%
x264 [info]: ref B L0: 76.4% 19.1%  4.5%
x264 [info]: ref B L1: 92.5%  7.5%
x264 [info]: kb/s:9788.82
x264 [info]: encoded 720 frames, 1.03 fps, 9788.82 kb/s, duration 0:11:40.37
