x264 [info]: 1920x1080p 1:1 @ 24000/1001 fps (cfr)
x264 [info]: using SAR=1/1
x264 [info]: using cpu capabilities: MMX2 SSE2Fast SSSE3 SSE4.2
x264 [info]: profile High 10, level 5.0, 4:2:0 10-bit
x264 [info]: cabac=1 ref=4 deblock=1:1:-1 analyse=0x3:0x113 me=umh subme=9 psy=1 psy_rd=1.00:0.00 mixed_ref=1 me_range=32 chroma_me=1 trellis=2 8x8dct=1 cqm=0 deadzone=21,11 fast_pskip=1 chroma_qp_offset=-2 threads=34 lookahead_threads=5 sliced_threads=0 nr=0 decimate=1 interlaced=0 bluray_compat=0 constrained_intra=0 bframes=9 b_pyramid=2 b_adapt=2 b_bias=0 direct=1 weightb=1 open_gop=0 weightp=2 keyint=240 keyint_min=23 scenecut=40 intra_refresh=0 rc=crf mbtree=0 crf=15.0000 qcomp=0.72 qpmin=0 qpmax=81 qpstep=4 ip_ratio=1.40 pb_ratio=1.30 aq=1:0.85
x264 [info]: frame I:5     Avg QP:18.95  size:230857
x264 [info]: frame P:180   Avg QP:21.95  size:100020
x264 [info]: frame B:559   Avg QP:24.41  size: 35003
x264 [info]: consecutive B-frames:  3.6%  6.2% 11.7% 28.5%  4.7%  7.3% 16.0% 19.4%  0.0%  2.7%
x264 [info]: mb I  I16..4: 18.3% 55.5% 26.3%
x264 [info]: mb P  I16..4:  1.3% 13.1%  1.9%  P16..4: 38.8% 16.1% 11.5%  0.0%  0.0%    skip:17.2%
x264 [info]: mb B  I16..4:  0.1%  2.0%  0.1%  B16..8: 30.7%  7.8%  2.3%  direct: 7.1%  skip:49.9%  L0:43.4% L1:44.2% BI:12.4%
x264 [info]: 8x8 transform intra:80.3% inter:58.1%
x264 [info]: coded y,uvDC,uvAC intra: 89.5% 90.6% 80.5% inter: 22.0% 34.4% 14.8%
x264 [info]: i16 v,h,dc,p: 31% 50%  4% 15%
x264 [info]: i8 v,h,dc,ddl,ddr,vr,hd,vl,hu:  7%  5%  5% 13% 16% 15% 14% 13% 13%
x264 [info]: i4 v,h,dc,ddl,ddr,vr,hd,vl,hu:  8%  8%  6% 16% 16% 12% 13%  9% 12%
x264 [info]: i8c dc,h,v,p: 55% 18% 16% 10%
x264 [info]: Weighted P-Frames: Y:1.1% UV:1.1%
x264 [info]: ref P L0: 61.0% 23.3% 14.9%  0.8%
x264 [info]: ref B L0: 77.0% 18.6%  4.5%
x264 [info]: ref B L1: 92.8%  7.2%
x264 [info]: kb/s:9983.43
x264 [info]: encoded 744 frames, 1.02 fps, 9983.43 kb/s, duration 0:12:11.52
