x264 [info]: 1920x1080p 1:1 @ 24000/1001 fps (cfr)
x264 [info]: using SAR=1/1
x264 [info]: using cpu capabilities: MMX2 SSE2Fast SSSE3 SSE4.2
x264 [info]: profile High 10, level 5.0, 4:2:0 10-bit
x264 [info]: cabac=1 ref=4 deblock=1:1:-1 analyse=0x3:0x113 me=umh subme=9 psy=1 psy_rd=1.00:0.00 mixed_ref=1 me_range=32 chroma_me=1 trellis=2 8x8dct=1 cqm=0 deadzone=21,11 fast_pskip=1 chroma_qp_offset=-2 threads=34 lookahead_threads=5 sliced_threads=0 nr=0 decimate=1 interlaced=0 bluray_compat=0 constrained_intra=0 bframes=9 b_pyramid=2 b_adapt=2 b_bias=0 direct=1 weightb=1 open_gop=0 weightp=2 keyint=240 keyint_min=23 scenecut=40 intra_refresh=0 rc=crf mbtree=0 crf=15.0000 qcomp=0.72 qpmin=0 qpmax=81 qpstep=4 ip_ratio=1.40 pb_ratio=1.30 aq=1:0.85
x264 [info]: frame I:15    Avg QP:17.95  size:253581
x264 [info]: frame P:201   Avg QP:20.61  size: 68084
x264 [info]: frame B:648   Avg QP:20.10  size: 10232
x264 [info]: consecutive B-frames:  8.0%  7.2%  3.5% 10.6%  5.2% 22.2%  9.7%  3.7%  2.1% 27.8%
x264 [info]: mb I  I16..4:  5.3% 78.3% 16.5%
x264 [info]: mb P  I16..4:  1.8%  7.3%  1.8%  P16..4: 40.8% 14.7%  8.5%  0.0%  0.0%    skip:25.1%
x264 [info]: mb B  I16..4:  0.1%  0.1%  0.0%  B16..8: 21.6%  2.8%  0.7%  direct: 5.0%  skip:69.7%  L0:45.4% L1:49.0% BI: 5.7%
x264 [info]: 8x8 transform intra:71.3% inter:66.4%
x264 [info]: coded y,uvDC,uvAC intra: 86.8% 61.3% 53.4% inter: 12.2% 22.8% 7.0%
x264 [info]: i16 v,h,dc,p: 24% 35%  5% 37%
x264 [info]: i8 v,h,dc,ddl,ddr,vr,hd,vl,hu:  9%  6%  5% 13% 15% 14% 14% 11% 13%
x264 [info]: i4 v,h,dc,ddl,ddr,vr,hd,vl,hu: 12%  7%  2% 18% 17% 13% 11% 10% 10%
x264 [info]: i8c dc,h,v,p: 57% 19% 17%  7%
x264 [info]: Weighted P-Frames: Y:17.9% UV:13.9%
x264 [info]: ref P L0: 73.5% 18.3%  7.8%  0.4%  0.0%
x264 [info]: ref B L0: 83.0% 14.1%  2.9%
x264 [info]: ref B L1: 92.2%  7.8%
x264 [info]: kb/s:5354.46
x264 [info]: encoded 864 frames, 6.18 fps, 5354.46 kb/s, duration 0:02:19.78
