x264 [info]: 1920x1080p 1:1 @ 24000/1001 fps (cfr)
x264 [info]: using SAR=1/1
x264 [info]: using cpu capabilities: MMX2 SSE2Fast SSSE3 SSE4.2
x264 [info]: profile High 10, level 5.0, 4:2:0 10-bit
x264 [info]: cabac=1 ref=4 deblock=1:1:-1 analyse=0x3:0x113 me=umh subme=9 psy=1 psy_rd=1.00:0.00 mixed_ref=1 me_range=32 chroma_me=1 trellis=2 8x8dct=1 cqm=0 deadzone=21,11 fast_pskip=1 chroma_qp_offset=-2 threads=34 lookahead_threads=5 sliced_threads=0 nr=0 decimate=1 interlaced=0 bluray_compat=0 constrained_intra=0 bframes=9 b_pyramid=2 b_adapt=2 b_bias=0 direct=1 weightb=1 open_gop=0 weightp=2 keyint=240 keyint_min=23 scenecut=40 intra_refresh=0 rc=crf mbtree=0 crf=15.0000 qcomp=0.72 qpmin=0 qpmax=81 qpstep=4 ip_ratio=1.40 pb_ratio=1.30 aq=1:0.85
x264 [info]: frame I:15    Avg QP:20.85  size:237843
x264 [info]: frame P:479   Avg QP:22.88  size:115394
x264 [info]: frame B:1006  Avg QP:24.76  size: 46330
x264 [info]: consecutive B-frames: 12.9%  5.7% 12.2% 22.9%  9.0% 23.6%  3.7%  3.7%  4.2%  2.0%
x264 [info]: mb I  I16..4:  6.6% 79.6% 13.8%
x264 [info]: mb P  I16..4:  8.6% 35.0%  6.4%  P16..4: 29.6% 10.0%  5.2%  0.0%  0.0%    skip: 5.1%
x264 [info]: mb B  I16..4:  0.8%  4.8%  0.9%  B16..8: 34.7%  8.5%  2.0%  direct:17.5%  skip:30.9%  L0:47.4% L1:43.3% BI: 9.3%
x264 [info]: 8x8 transform intra:71.2% inter:76.0%
x264 [info]: coded y,uvDC,uvAC intra: 88.1% 87.3% 78.0% inter: 32.0% 55.3% 17.3%
x264 [info]: i16 v,h,dc,p: 13% 13%  3% 71%
x264 [info]: i8 v,h,dc,ddl,ddr,vr,hd,vl,hu: 12% 10%  3% 11% 14% 12% 14% 11% 13%
x264 [info]: i4 v,h,dc,ddl,ddr,vr,hd,vl,hu: 13% 11%  5% 10% 15% 12% 13%  9% 11%
x264 [info]: i8c dc,h,v,p: 39% 23% 21% 18%
x264 [info]: Weighted P-Frames: Y:52.0% UV:44.3%
x264 [info]: ref P L0: 54.4% 23.3% 14.5%  6.9%  0.8%
x264 [info]: ref B L0: 80.7% 13.9%  5.4%
x264 [info]: ref B L1: 92.6%  7.4%
x264 [info]: kb/s:13483.96
x264 [info]: encoded 1500 frames, 5.55 fps, 13483.96 kb/s, duration 0:04:30.37
