x264 [info]: 1920x1080p 1:1 @ 24000/1001 fps (cfr)
x264 [info]: using SAR=1/1
x264 [info]: using cpu capabilities: MMX2 SSE2Fast SSSE3 SSE4.2
x264 [info]: profile High 10, level 5.0, 4:2:0 10-bit
x264 [info]: cabac=1 ref=4 deblock=1:1:-1 analyse=0x3:0x113 me=umh subme=9 psy=1 fade_compensate=0.00 psy_rd=1.00:0.00 mixed_ref=1 me_range=32 chroma_me=1 trellis=2 8x8dct=1 cqm=0 deadzone=21,11 fast_pskip=1 chroma_qp_offset=-2 threads=34 lookahead_threads=5 sliced_threads=0 nr=0 decimate=1 interlaced=0 bluray_compat=0 constrained_intra=0 bframes=9 b_pyramid=2 b_adapt=2 b_bias=0 direct=1 weightb=1 open_gop=0 weightp=2 keyint=240 keyint_min=23 scenecut=40 intra_refresh=0 rc=crf mbtree=0 crf=15.0000 qcomp=0.72 qpmin=0 qpmax=81 qpstep=4 ip_ratio=1.40 pb_ratio=1.30 aq=1:0.85
x264 [info]: frame I:326   Avg QP:21.19  size:305861
x264 [info]: frame P:6843  Avg QP:22.47  size: 84743
x264 [info]: frame B:26877 Avg QP:23.32  size: 15752
x264 [info]: consecutive B-frames:  2.7%  3.3%  6.0% 16.7% 11.0% 20.0% 12.1% 14.7%  8.1%  5.4%
x264 [info]: mb I  I16..4:  3.4% 82.5% 14.2%
x264 [info]: mb P  I16..4:  0.6%  5.3%  1.4%  P16..4: 44.1% 21.7% 16.3%  0.0%  0.0%    skip:10.7%
x264 [info]: mb B  I16..4:  0.0%  0.1%  0.0%  B16..8: 27.4%  3.2%  1.1%  direct: 9.3%  skip:58.8%  L0:40.2% L1:54.5% BI: 5.3%
x264 [info]: 8x8 transform intra:76.5% inter:58.1%
x264 [info]: coded y,uvDC,uvAC intra: 91.9% 94.9% 84.5% inter: 17.8% 28.8% 5.7%
x264 [info]: i16 v,h,dc,p: 24% 32%  4% 40%
x264 [info]: i8 v,h,dc,ddl,ddr,vr,hd,vl,hu: 12%  8%  3% 12% 15% 14% 13% 12% 11%
x264 [info]: i4 v,h,dc,ddl,ddr,vr,hd,vl,hu: 20% 10%  2% 11% 15% 14% 11% 10%  8%
x264 [info]: i8c dc,h,v,p: 45% 17% 19% 19%
x264 [info]: Weighted P-Frames: Y:3.7% UV:3.3%
x264 [info]: ref P L0: 57.0% 28.8% 13.1%  1.1%  0.0%
x264 [info]: ref B L0: 80.2% 16.1%  3.8%
x264 [info]: ref B L1: 89.1% 10.9%
x264 [info]: kb/s:6213.94
x264 [info]: encoded 34046 frames, 3.20 fps, 6213.94 kb/s, duration 2:57:17.65
