x264 [info]: 1920x1080p 1:1 @ 24000/1001 fps (cfr)
x264 [info]: using SAR=1/1
x264 [info]: using cpu capabilities: MMX2 SSE2Fast SSSE3 SSE4.2
x264 [info]: profile High 10, level 5.0, 4:2:0 10-bit
x264 [info]: cabac=1 ref=4 deblock=1:1:-1 analyse=0x3:0x113 me=umh subme=9 psy=1 fade_compensate=0.00 psy_rd=1.00:0.00 mixed_ref=1 me_range=32 chroma_me=1 trellis=2 8x8dct=1 cqm=0 deadzone=21,11 fast_pskip=1 chroma_qp_offset=-2 threads=34 lookahead_threads=5 sliced_threads=0 nr=0 decimate=1 interlaced=0 bluray_compat=0 constrained_intra=0 bframes=9 b_pyramid=2 b_adapt=2 b_bias=0 direct=1 weightb=1 open_gop=0 weightp=2 keyint=240 keyint_min=23 scenecut=40 intra_refresh=0 rc=crf mbtree=0 crf=15.0000 qcomp=0.72 qpmin=0 qpmax=81 qpstep=4 ip_ratio=1.40 pb_ratio=1.30 aq=1:0.85
x264 [info]: frame I:286   Avg QP:21.27  size:307507
x264 [info]: frame P:6315  Avg QP:22.63  size: 82138
x264 [info]: frame B:27495 Avg QP:23.08  size: 14607
x264 [info]: consecutive B-frames:  2.4%  2.1%  4.8% 12.4%  9.0% 21.9% 11.9% 17.1% 10.7%  7.9%
x264 [info]: mb I  I16..4:  3.5% 80.6% 15.9%
x264 [info]: mb P  I16..4:  0.5%  5.1%  1.3%  P16..4: 43.3% 20.9% 15.8%  0.0%  0.0%    skip:13.1%
x264 [info]: mb B  I16..4:  0.0%  0.1%  0.0%  B16..8: 25.7%  2.9%  1.0%  direct: 9.0%  skip:61.2%  L0:40.4% L1:54.3% BI: 5.3%
x264 [info]: 8x8 transform intra:75.6% inter:57.0%
x264 [info]: coded y,uvDC,uvAC intra: 91.3% 95.1% 84.1% inter: 16.5% 26.7% 5.1%
x264 [info]: i16 v,h,dc,p: 28% 34%  3% 35%
x264 [info]: i8 v,h,dc,ddl,ddr,vr,hd,vl,hu: 12%  8%  3% 12% 14% 13% 13% 15% 11%
x264 [info]: i4 v,h,dc,ddl,ddr,vr,hd,vl,hu: 20% 10%  2% 11% 15% 13% 10% 11%  8%
x264 [info]: i8c dc,h,v,p: 43% 18% 20% 19%
x264 [info]: Weighted P-Frames: Y:4.4% UV:4.1%
x264 [info]: ref P L0: 55.3% 29.8% 13.7%  1.1%  0.0%
x264 [info]: ref B L0: 79.6% 16.7%  3.6%
x264 [info]: ref B L1: 88.4% 11.6%
x264 [info]: kb/s:5672.03
x264 [info]: encoded 34096 frames, 3.16 fps, 5672.03 kb/s, duration 3:00:02.48
