x264 [info]: 1920x1080p 1:1 @ 24000/1001 fps (cfr)
x264 [info]: using SAR=1/1
x264 [info]: using cpu capabilities: MMX2 SSE2Fast SSSE3 SSE4.2
x264 [info]: profile High 10, level 5.0, 4:2:0 10-bit
x264 [info]: cabac=1 ref=4 deblock=1:1:-1 analyse=0x3:0x113 me=umh subme=9 psy=1 fade_compensate=0.00 psy_rd=1.00:0.00 mixed_ref=1 me_range=32 chroma_me=1 trellis=2 8x8dct=1 cqm=0 deadzone=21,11 fast_pskip=1 chroma_qp_offset=-2 threads=34 lookahead_threads=5 sliced_threads=0 nr=0 decimate=1 interlaced=0 bluray_compat=0 constrained_intra=0 bframes=9 b_pyramid=2 b_adapt=2 b_bias=0 direct=1 weightb=1 open_gop=0 weightp=2 keyint=240 keyint_min=23 scenecut=40 intra_refresh=0 rc=crf mbtree=0 crf=15.0000 qcomp=0.72 qpmin=0 qpmax=81 qpstep=4 ip_ratio=1.40 pb_ratio=1.30 aq=1:0.85
x264 [info]: frame I:293   Avg QP:21.65  size:337387
x264 [info]: frame P:7213  Avg QP:23.35  size: 79376
x264 [info]: frame B:26594 Avg QP:24.02  size: 15615
x264 [info]: consecutive B-frames:  3.2%  3.5%  7.3% 18.8% 11.2% 18.1% 10.4% 13.4%  8.1%  6.0%
x264 [info]: mb I  I16..4:  3.9% 79.5% 16.7%
x264 [info]: mb P  I16..4:  0.6%  5.1%  1.4%  P16..4: 45.0% 18.9% 14.7%  0.0%  0.0%    skip:14.3%
x264 [info]: mb B  I16..4:  0.0%  0.2%  0.0%  B16..8: 27.6%  3.4%  1.1%  direct: 7.6%  skip:60.1%  L0:40.0% L1:53.7% BI: 6.2%
x264 [info]: 8x8 transform intra:74.6% inter:58.5%
x264 [info]: coded y,uvDC,uvAC intra: 90.5% 94.8% 85.3% inter: 16.1% 26.4% 6.2%
x264 [info]: i16 v,h,dc,p: 24% 39%  5% 32%
x264 [info]: i8 v,h,dc,ddl,ddr,vr,hd,vl,hu: 13% 13%  3% 11% 13% 12% 13% 10% 11%
x264 [info]: i4 v,h,dc,ddl,ddr,vr,hd,vl,hu: 20% 10%  3% 11% 14% 13% 10% 10%  8%
x264 [info]: i8c dc,h,v,p: 39% 23% 20% 18%
x264 [info]: Weighted P-Frames: Y:2.8% UV:2.6%
x264 [info]: ref P L0: 57.6% 27.8% 13.1%  1.6%  0.0%
x264 [info]: ref B L0: 80.0% 16.2%  3.8%
x264 [info]: ref B L1: 89.1% 10.9%
x264 [info]: kb/s:6112.37
x264 [info]: encoded 34100 frames, 3.12 fps, 6112.37 kb/s, duration 3:01:56.75
