x264 [info]: 1920x1080p 1:1 @ 24000/1001 fps (cfr)
x264 [info]: using SAR=1/1
x264 [info]: using cpu capabilities: MMX2 SSE2Fast SSSE3 SSE4.2
x264 [info]: profile High 10, level 5.0, 4:2:0 10-bit
x264 [info]: cabac=1 ref=4 deblock=1:1:-1 analyse=0x3:0x113 me=umh subme=9 psy=1 fade_compensate=0.00 psy_rd=1.00:0.00 mixed_ref=1 me_range=32 chroma_me=1 trellis=2 8x8dct=1 cqm=0 deadzone=21,11 fast_pskip=1 chroma_qp_offset=-2 threads=34 lookahead_threads=5 sliced_threads=0 nr=0 decimate=1 interlaced=0 bluray_compat=0 constrained_intra=0 bframes=9 b_pyramid=2 b_adapt=2 b_bias=0 direct=1 weightb=1 open_gop=0 weightp=2 keyint=240 keyint_min=23 scenecut=40 intra_refresh=0 rc=crf mbtree=0 crf=15.0000 qcomp=0.72 qpmin=0 qpmax=81 qpstep=4 ip_ratio=1.40 pb_ratio=1.30 aq=1:0.85
x264 [info]: frame I:325   Avg QP:21.05  size:304376
x264 [info]: frame P:6846  Avg QP:22.52  size: 87844
x264 [info]: frame B:26925 Avg QP:23.33  size: 16748
x264 [info]: consecutive B-frames:  2.9%  3.3%  6.4% 15.5%  9.5% 20.9% 10.7% 14.7%  9.4%  6.7%
x264 [info]: mb I  I16..4:  3.4% 83.2% 13.4%
x264 [info]: mb P  I16..4:  0.6%  5.4%  1.3%  P16..4: 44.9% 22.5% 16.3%  0.0%  0.0%    skip: 9.0%
x264 [info]: mb B  I16..4:  0.0%  0.1%  0.0%  B16..8: 29.4%  3.6%  1.2%  direct: 9.0%  skip:56.7%  L0:41.0% L1:53.7% BI: 5.4%
x264 [info]: 8x8 transform intra:77.0% inter:58.2%
x264 [info]: coded y,uvDC,uvAC intra: 91.7% 95.9% 86.3% inter: 18.7% 30.3% 6.2%
x264 [info]: i16 v,h,dc,p: 24% 35%  4% 37%
x264 [info]: i8 v,h,dc,ddl,ddr,vr,hd,vl,hu: 12%  9%  3% 12% 15% 14% 14% 11% 11%
x264 [info]: i4 v,h,dc,ddl,ddr,vr,hd,vl,hu: 20% 10%  2% 11% 15% 14% 11% 10%  8%
x264 [info]: i8c dc,h,v,p: 45% 18% 19% 18%
x264 [info]: Weighted P-Frames: Y:4.1% UV:3.8%
x264 [info]: ref P L0: 57.0% 28.6% 13.1%  1.3%  0.0%
x264 [info]: ref B L0: 81.0% 15.4%  3.6%
x264 [info]: ref B L1: 89.4% 10.6%
x264 [info]: kb/s:6476.38
x264 [info]: encoded 34096 frames, 3.59 fps, 6476.38 kb/s, duration 2:38:14.03
