x264 [info]: 1920x1080p 1:1 @ 24000/1001 fps (cfr)
x264 [info]: using SAR=1/1
x264 [info]: using cpu capabilities: MMX2 SSE2Fast SSSE3 SSE4.2
x264 [info]: profile High 10, level 5.0, 4:2:0 10-bit
x264 [info]: cabac=1 ref=4 deblock=1:1:-1 analyse=0x3:0x113 me=umh subme=9 psy=1 fade_compensate=0.00 psy_rd=1.00:0.00 mixed_ref=1 me_range=32 chroma_me=1 trellis=2 8x8dct=1 cqm=0 deadzone=21,11 fast_pskip=1 chroma_qp_offset=-2 threads=34 lookahead_threads=5 sliced_threads=0 nr=0 decimate=1 interlaced=0 bluray_compat=0 constrained_intra=0 bframes=9 b_pyramid=2 b_adapt=2 b_bias=0 direct=1 weightb=1 open_gop=0 weightp=2 keyint=240 keyint_min=23 scenecut=40 intra_refresh=0 rc=crf mbtree=0 crf=15.0000 qcomp=0.72 qpmin=0 qpmax=81 qpstep=4 ip_ratio=1.40 pb_ratio=1.30 aq=1:0.85
x264 [info]: frame I:317   Avg QP:21.03  size:299573
x264 [info]: frame P:6382  Avg QP:22.40  size: 90523
x264 [info]: frame B:27401 Avg QP:23.17  size: 20392
x264 [info]: consecutive B-frames:  2.1%  2.0%  6.1% 13.9%  8.4% 24.9% 11.3% 13.1% 11.4%  6.8%
x264 [info]: mb I  I16..4:  2.6% 85.8% 11.7%
x264 [info]: mb P  I16..4:  0.5%  6.0%  1.0%  P16..4: 44.0% 23.5% 16.8%  0.0%  0.0%    skip: 8.3%
x264 [info]: mb B  I16..4:  0.0%  0.3%  0.0%  B16..8: 27.9%  3.9%  1.6%  direct:10.5%  skip:55.7%  L0:41.2% L1:53.1% BI: 5.7%
x264 [info]: 8x8 transform intra:83.1% inter:59.8%
x264 [info]: coded y,uvDC,uvAC intra: 94.0% 96.5% 88.3% inter: 21.2% 32.0% 6.5%
x264 [info]: i16 v,h,dc,p: 22% 30%  3% 45%
x264 [info]: i8 v,h,dc,ddl,ddr,vr,hd,vl,hu: 11%  8%  4% 11% 15% 14% 14% 11% 12%
x264 [info]: i4 v,h,dc,ddl,ddr,vr,hd,vl,hu: 18%  9%  2% 11% 16% 15% 11% 11%  8%
x264 [info]: i8c dc,h,v,p: 51% 15% 16% 19%
x264 [info]: Weighted P-Frames: Y:4.2% UV:3.8%
x264 [info]: ref P L0: 54.2% 30.3% 14.1%  1.3%  0.0%
x264 [info]: ref B L0: 80.4% 15.8%  3.9%
x264 [info]: ref B L1: 88.9% 11.1%
x264 [info]: kb/s:6926.67
x264 [info]: encoded 34100 frames, 3.61 fps, 6926.67 kb/s, duration 2:37:16.87
