x264 [info]: 1920x1080p 1:1 @ 24000/1001 fps (cfr)
x264 [info]: using SAR=1/1
x264 [info]: using cpu capabilities: MMX2 SSE2Fast SSSE3 SSE4.2
x264 [info]: profile High 10, level 5.0, 4:2:0 10-bit
x264 [info]: cabac=1 ref=4 deblock=1:1:-1 analyse=0x3:0x113 me=umh subme=9 psy=1 fade_compensate=0.00 psy_rd=1.00:0.00 mixed_ref=1 me_range=32 chroma_me=1 trellis=2 8x8dct=1 cqm=0 deadzone=21,11 fast_pskip=1 chroma_qp_offset=-2 threads=34 lookahead_threads=5 sliced_threads=0 nr=0 decimate=1 interlaced=0 bluray_compat=0 constrained_intra=0 bframes=9 b_pyramid=2 b_adapt=2 b_bias=0 direct=1 weightb=1 open_gop=0 weightp=2 keyint=240 keyint_min=23 scenecut=40 intra_refresh=0 rc=crf mbtree=0 crf=15.0000 qcomp=0.72 qpmin=0 qpmax=81 qpstep=4 ip_ratio=1.40 pb_ratio=1.30 aq=1:0.85
x264 [info]: frame I:284   Avg QP:20.80  size:298733
x264 [info]: frame P:6040  Avg QP:22.22  size: 88789
x264 [info]: frame B:27772 Avg QP:23.15  size: 18942
x264 [info]: consecutive B-frames:  1.6%  1.5%  5.1% 10.5% 10.2% 25.1% 12.2% 14.7% 12.4%  6.6%
x264 [info]: mb I  I16..4:  3.0% 86.5% 10.5%
x264 [info]: mb P  I16..4:  0.4%  4.7%  0.9%  P16..4: 44.1% 24.4% 16.7%  0.0%  0.0%    skip: 8.7%
x264 [info]: mb B  I16..4:  0.0%  0.1%  0.0%  B16..8: 29.4%  3.9%  1.4%  direct:10.7%  skip:54.5%  L0:41.9% L1:53.3% BI: 4.8%
x264 [info]: 8x8 transform intra:80.8% inter:58.6%
x264 [info]: coded y,uvDC,uvAC intra: 93.6% 96.6% 87.1% inter: 21.4% 32.2% 5.3%
x264 [info]: i16 v,h,dc,p: 24% 34%  4% 39%
x264 [info]: i8 v,h,dc,ddl,ddr,vr,hd,vl,hu: 11%  9%  3% 12% 15% 14% 14% 11% 12%
x264 [info]: i4 v,h,dc,ddl,ddr,vr,hd,vl,hu: 18% 10%  2% 10% 15% 14% 11% 10%  8%
x264 [info]: i8c dc,h,v,p: 44% 18% 17% 20%
x264 [info]: Weighted P-Frames: Y:3.6% UV:3.4%
x264 [info]: ref P L0: 54.3% 30.7% 14.1%  0.9%  0.0%
x264 [info]: ref B L0: 80.4% 15.8%  3.8%
x264 [info]: ref B L1: 88.4% 11.6%
x264 [info]: kb/s:6453.48
x264 [info]: encoded 34096 frames, 3.30 fps, 6453.48 kb/s, duration 2:52:23.45
