x264 [info]: 1920x1080p 1:1 @ 24000/1001 fps (cfr)
x264 [info]: using SAR=1/1
x264 [info]: using cpu capabilities: MMX2 SSE2Fast SSSE3 SSE4.2
x264 [info]: profile High 10, level 5.0, 4:2:0 10-bit
x264 [info]: cabac=1 ref=4 deblock=1:1:-1 analyse=0x3:0x113 me=umh subme=9 psy=1 fade_compensate=0.00 psy_rd=1.00:0.00 mixed_ref=1 me_range=32 chroma_me=1 trellis=2 8x8dct=1 cqm=0 deadzone=21,11 fast_pskip=1 chroma_qp_offset=-2 threads=34 lookahead_threads=5 sliced_threads=0 nr=0 decimate=1 interlaced=0 bluray_compat=0 constrained_intra=0 bframes=9 b_pyramid=2 b_adapt=2 b_bias=0 direct=1 weightb=1 open_gop=0 weightp=2 keyint=240 keyint_min=23 scenecut=40 intra_refresh=0 rc=crf mbtree=0 crf=15.0000 qcomp=0.72 qpmin=0 qpmax=81 qpstep=4 ip_ratio=1.40 pb_ratio=1.30 aq=1:0.85
x264 [info]: frame I:315   Avg QP:21.02  size:298493
x264 [info]: frame P:6416  Avg QP:22.33  size: 84314
x264 [info]: frame B:27365 Avg QP:23.04  size: 15289
x264 [info]: consecutive B-frames:  2.3%  2.5%  5.4% 13.1% 10.3% 21.8% 11.3% 16.2% 10.9%  6.4%
x264 [info]: mb I  I16..4:  3.7% 82.9% 13.5%
x264 [info]: mb P  I16..4:  0.6%  4.8%  1.3%  P16..4: 43.7% 22.4% 16.7%  0.0%  0.0%    skip:10.4%
x264 [info]: mb B  I16..4:  0.0%  0.1%  0.0%  B16..8: 26.5%  3.1%  1.1%  direct: 9.9%  skip:59.4%  L0:40.7% L1:54.7% BI: 4.7%
x264 [info]: 8x8 transform intra:75.3% inter:57.3%
x264 [info]: coded y,uvDC,uvAC intra: 91.4% 95.5% 85.1% inter: 17.7% 28.7% 5.4%
x264 [info]: i16 v,h,dc,p: 21% 36%  3% 39%
x264 [info]: i8 v,h,dc,ddl,ddr,vr,hd,vl,hu: 11%  9%  3% 12% 15% 14% 14% 11% 11%
x264 [info]: i4 v,h,dc,ddl,ddr,vr,hd,vl,hu: 19% 10%  2% 11% 16% 14% 11% 10%  8%
x264 [info]: i8c dc,h,v,p: 44% 19% 19% 18%
x264 [info]: Weighted P-Frames: Y:3.2% UV:2.9%
x264 [info]: ref P L0: 54.5% 30.3% 14.1%  1.2%  0.0%
x264 [info]: ref B L0: 80.1% 16.1%  3.9%
x264 [info]: ref B L1: 88.9% 11.1%
x264 [info]: kb/s:5925.81
x264 [info]: encoded 34096 frames, 3.63 fps, 5925.81 kb/s, duration 2:36:28.19
