x264 [info]: 1920x1080p 1:1 @ 24000/1001 fps (cfr)
x264 [info]: using SAR=1/1
x264 [info]: using cpu capabilities: MMX2 SSE2Fast SSSE3 SSE4.2
x264 [info]: profile High 10, level 5.0, 4:2:0 10-bit
x264 [info]: cabac=1 ref=4 deblock=1:1:-1 analyse=0x3:0x113 me=umh subme=9 psy=1 fade_compensate=0.00 psy_rd=1.00:0.00 mixed_ref=1 me_range=32 chroma_me=1 trellis=2 8x8dct=1 cqm=0 deadzone=21,11 fast_pskip=1 chroma_qp_offset=-2 threads=34 lookahead_threads=5 sliced_threads=0 nr=0 decimate=1 interlaced=0 bluray_compat=0 constrained_intra=0 bframes=9 b_pyramid=2 b_adapt=2 b_bias=0 direct=1 weightb=1 open_gop=0 weightp=2 keyint=240 keyint_min=23 scenecut=40 intra_refresh=0 rc=crf mbtree=0 crf=15.0000 qcomp=0.72 qpmin=0 qpmax=81 qpstep=4 ip_ratio=1.40 pb_ratio=1.30 aq=1:0.85
x264 [info]: frame I:330   Avg QP:21.14  size:313923
x264 [info]: frame P:6588  Avg QP:22.40  size: 83203
x264 [info]: frame B:27178 Avg QP:23.10  size: 15483
x264 [info]: consecutive B-frames:  2.4%  2.7%  6.8% 13.4% 11.2% 20.4% 11.4% 14.8% 10.1%  6.8%
x264 [info]: mb I  I16..4:  3.0% 82.7% 14.3%
x264 [info]: mb P  I16..4:  0.5%  3.9%  1.1%  P16..4: 45.1% 22.2% 16.7%  0.0%  0.0%    skip:10.4%
x264 [info]: mb B  I16..4:  0.0%  0.1%  0.0%  B16..8: 26.2%  3.1%  1.1%  direct:10.3%  skip:59.2%  L0:40.6% L1:54.1% BI: 5.4%
x264 [info]: 8x8 transform intra:76.3% inter:56.1%
x264 [info]: coded y,uvDC,uvAC intra: 91.9% 95.9% 86.7% inter: 18.2% 29.1% 5.6%
x264 [info]: i16 v,h,dc,p: 24% 35%  4% 37%
x264 [info]: i8 v,h,dc,ddl,ddr,vr,hd,vl,hu: 12%  9%  4% 11% 14% 13% 14% 11% 12%
x264 [info]: i4 v,h,dc,ddl,ddr,vr,hd,vl,hu: 20%  9%  2% 11% 15% 14% 11% 11%  8%
x264 [info]: i8c dc,h,v,p: 47% 18% 19% 17%
x264 [info]: Weighted P-Frames: Y:3.3% UV:3.0%
x264 [info]: ref P L0: 55.8% 29.8% 13.2%  1.1%  0.0%
x264 [info]: ref B L0: 79.1% 17.0%  3.9%
x264 [info]: ref B L1: 88.3% 11.7%
x264 [info]: kb/s:6033.56
x264 [info]: encoded 34096 frames, 3.22 fps, 6033.56 kb/s, duration 2:56:22.00
