x264 [info]: 1920x1080p 1:1 @ 24000/1001 fps (cfr)
x264 [info]: using SAR=1/1
x264 [info]: using cpu capabilities: MMX2 SSE2Fast SSSE3 SSE4.2
x264 [info]: profile High 10, level 5.0, 4:2:0 10-bit
x264 [info]: cabac=1 ref=4 deblock=1:1:-1 analyse=0x3:0x113 me=umh subme=9 psy=1 fade_compensate=0.00 psy_rd=1.00:0.00 mixed_ref=1 me_range=32 chroma_me=1 trellis=2 8x8dct=1 cqm=0 deadzone=21,11 fast_pskip=1 chroma_qp_offset=-2 threads=34 lookahead_threads=5 sliced_threads=0 nr=0 decimate=1 interlaced=0 bluray_compat=0 constrained_intra=0 bframes=9 b_pyramid=2 b_adapt=2 b_bias=0 direct=1 weightb=1 open_gop=0 weightp=2 keyint=240 keyint_min=23 scenecut=40 intra_refresh=0 rc=crf mbtree=0 crf=15.0000 qcomp=0.72 qpmin=0 qpmax=81 qpstep=4 ip_ratio=1.40 pb_ratio=1.30 aq=1:0.85
x264 [info]: frame I:275   Avg QP:20.94  size:304404
x264 [info]: frame P:6486  Avg QP:22.22  size: 85562
x264 [info]: frame B:27335 Avg QP:23.21  size: 16814
x264 [info]: consecutive B-frames:  2.2%  2.3%  5.3% 13.4% 10.2% 25.0% 11.3% 15.7%  8.8%  5.8%
x264 [info]: mb I  I16..4:  3.1% 84.3% 12.6%
x264 [info]: mb P  I16..4:  0.5%  4.8%  1.0%  P16..4: 44.9% 23.0% 16.7%  0.0%  0.0%    skip: 9.0%
x264 [info]: mb B  I16..4:  0.0%  0.1%  0.0%  B16..8: 28.3%  3.5%  1.2%  direct:10.7%  skip:56.2%  L0:42.0% L1:52.4% BI: 5.6%
x264 [info]: 8x8 transform intra:79.0% inter:57.6%
x264 [info]: coded y,uvDC,uvAC intra: 92.5% 95.3% 85.0% inter: 19.3% 30.3% 5.5%
x264 [info]: i16 v,h,dc,p: 25% 32%  4% 38%
x264 [info]: i8 v,h,dc,ddl,ddr,vr,hd,vl,hu: 11%  8%  3% 12% 15% 14% 14% 11% 12%
x264 [info]: i4 v,h,dc,ddl,ddr,vr,hd,vl,hu: 18% 10%  2% 11% 15% 14% 11% 10%  9%
x264 [info]: i8c dc,h,v,p: 48% 18% 17% 18%
x264 [info]: Weighted P-Frames: Y:4.5% UV:4.2%
x264 [info]: ref P L0: 54.2% 30.3% 14.5%  1.0%  0.0%
x264 [info]: ref B L0: 79.5% 16.5%  4.1%
x264 [info]: ref B L1: 88.9% 11.1%
x264 [info]: kb/s:6178.34
x264 [info]: encoded 34096 frames, 3.62 fps, 6178.34 kb/s, duration 2:36:55.98
