x264 [info]: 1920x1080p 1:1 @ 24000/1001 fps (cfr)
x264 [info]: using SAR=1/1
x264 [info]: using cpu capabilities: MMX2 SSE2Fast SSSE3 SSE4.2
x264 [info]: profile High 10, level 5.0, 4:2:0 10-bit
x264 [info]: cabac=1 ref=4 deblock=1:1:-1 analyse=0x3:0x113 me=umh subme=9 psy=1 fade_compensate=0.00 psy_rd=1.00:0.00 mixed_ref=1 me_range=32 chroma_me=1 trellis=2 8x8dct=1 cqm=0 deadzone=21,11 fast_pskip=1 chroma_qp_offset=-2 threads=34 lookahead_threads=5 sliced_threads=0 nr=0 decimate=1 interlaced=0 bluray_compat=0 constrained_intra=0 bframes=9 b_pyramid=2 b_adapt=2 b_bias=0 direct=1 weightb=1 open_gop=0 weightp=2 keyint=240 keyint_min=23 scenecut=40 intra_refresh=0 rc=crf mbtree=0 crf=15.0000 qcomp=0.72 qpmin=0 qpmax=81 qpstep=4 ip_ratio=1.40 pb_ratio=1.30 aq=1:0.85
x264 [info]: frame I:324   Avg QP:21.40  size:317239
x264 [info]: frame P:6406  Avg QP:22.76  size: 80175
x264 [info]: frame B:27366 Avg QP:23.23  size: 14645
x264 [info]: consecutive B-frames:  2.1%  2.0%  5.8% 14.9% 10.3% 21.2% 10.4% 16.8%  9.9%  6.5%
x264 [info]: mb I  I16..4:  3.0% 82.0% 15.0%
x264 [info]: mb P  I16..4:  0.4%  3.9%  1.0%  P16..4: 44.4% 21.2% 15.9%  0.0%  0.0%    skip:13.1%
x264 [info]: mb B  I16..4:  0.0%  0.1%  0.0%  B16..8: 25.4%  2.9%  1.1%  direct: 8.9%  skip:61.6%  L0:39.8% L1:54.8% BI: 5.3%
x264 [info]: 8x8 transform intra:76.4% inter:57.0%
x264 [info]: coded y,uvDC,uvAC intra: 92.0% 96.0% 87.5% inter: 16.6% 27.3% 5.6%
x264 [info]: i16 v,h,dc,p: 28% 33%  4% 35%
x264 [info]: i8 v,h,dc,ddl,ddr,vr,hd,vl,hu: 14%  9%  3% 11% 14% 13% 13% 11% 11%
x264 [info]: i4 v,h,dc,ddl,ddr,vr,hd,vl,hu: 20% 10%  2% 11% 15% 14% 11% 10%  8%
x264 [info]: i8c dc,h,v,p: 44% 18% 21% 17%
x264 [info]: Weighted P-Frames: Y:2.6% UV:2.3%
x264 [info]: ref P L0: 55.7% 29.8% 13.4%  1.1%  0.0%
x264 [info]: ref B L0: 79.6% 16.6%  3.8%
x264 [info]: ref B L1: 88.8% 11.2%
x264 [info]: kb/s:5722.11
x264 [info]: encoded 34096 frames, 3.49 fps, 5722.11 kb/s, duration 2:42:37.10
