x264 [info]: 1920x1080p 1:1 @ 24000/1001 fps (cfr)
x264 [info]: using SAR=1/1
x264 [info]: using cpu capabilities: MMX2 SSE2Fast SSSE3 SSE4.2
x264 [info]: profile High 10, level 5.0, 4:2:0 10-bit
x264 [info]: cabac=1 ref=4 deblock=1:1:-1 analyse=0x3:0x113 me=umh subme=9 psy=1 fade_compensate=0.00 psy_rd=1.00:0.00 mixed_ref=1 me_range=32 chroma_me=1 trellis=2 8x8dct=1 cqm=0 deadzone=21,11 fast_pskip=1 chroma_qp_offset=-2 threads=34 lookahead_threads=5 sliced_threads=0 nr=0 decimate=1 interlaced=0 bluray_compat=0 constrained_intra=0 bframes=9 b_pyramid=2 b_adapt=2 b_bias=0 direct=1 weightb=1 open_gop=0 weightp=2 keyint=240 keyint_min=23 scenecut=40 intra_refresh=0 rc=crf mbtree=0 crf=15.0000 qcomp=0.72 qpmin=0 qpmax=81 qpstep=4 ip_ratio=1.40 pb_ratio=1.30 aq=1:0.85
x264 [info]: frame I:298   Avg QP:20.98  size:307662
x264 [info]: frame P:6594  Avg QP:22.55  size: 94910
x264 [info]: frame B:27444 Avg QP:23.38  size: 19825
x264 [info]: consecutive B-frames:  1.9%  2.6%  5.7% 16.1% 11.4% 23.5% 10.8% 12.7%  8.6%  6.7%
x264 [info]: mb I  I16..4:  3.7% 82.8% 13.5%
x264 [info]: mb P  I16..4:  0.9%  8.0%  1.6%  P16..4: 43.6% 21.6% 15.1%  0.0%  0.0%    skip: 9.3%
x264 [info]: mb B  I16..4:  0.0%  0.2%  0.1%  B16..8: 27.2%  3.8%  1.5%  direct:11.9%  skip:55.4%  L0:40.1% L1:52.3% BI: 7.7%
x264 [info]: 8x8 transform intra:78.0% inter:62.6%
x264 [info]: coded y,uvDC,uvAC intra: 91.0% 95.5% 83.6% inter: 20.5% 32.7% 6.6%
x264 [info]: i16 v,h,dc,p: 21% 25%  6% 49%
x264 [info]: i8 v,h,dc,ddl,ddr,vr,hd,vl,hu: 11%  7%  3% 12% 16% 15% 14% 12% 11%
x264 [info]: i4 v,h,dc,ddl,ddr,vr,hd,vl,hu: 16%  7%  1% 12% 16% 15% 12% 11%  9%
x264 [info]: i8c dc,h,v,p: 45% 16% 18% 21%
x264 [info]: Weighted P-Frames: Y:14.4% UV:13.9%
x264 [info]: ref P L0: 59.2% 27.6% 12.1%  1.0%  0.0%
x264 [info]: ref B L0: 83.3% 13.5%  3.2%
x264 [info]: ref B L1: 90.4%  9.6%
x264 [info]: kb/s:7047.51
x264 [info]: encoded 34336 frames, 3.60 fps, 7047.51 kb/s, duration 2:38:56.67
