x264 [info]: 1920x1080p 1:1 @ 24000/1001 fps (cfr)
x264 [info]: using SAR=1/1
x264 [info]: using cpu capabilities: MMX2 SSE2Fast SSSE3 SSE4.2
x264 [info]: profile High 10, level 5.0, 4:2:0 10-bit
x264 [info]: cabac=1 ref=4 deblock=1:1:-1 analyse=0x3:0x113 me=umh subme=9 psy=1 fade_compensate=0.00 psy_rd=1.00:0.00 mixed_ref=1 me_range=32 chroma_me=1 trellis=2 8x8dct=1 cqm=0 deadzone=21,11 fast_pskip=1 chroma_qp_offset=-2 threads=34 lookahead_threads=5 sliced_threads=0 nr=0 decimate=1 interlaced=0 bluray_compat=0 constrained_intra=0 bframes=9 b_pyramid=2 b_adapt=2 b_bias=0 direct=1 weightb=1 open_gop=0 weightp=2 keyint=240 keyint_min=23 scenecut=40 intra_refresh=0 rc=crf mbtree=0 crf=15.0000 qcomp=0.72 qpmin=0 qpmax=81 qpstep=4 ip_ratio=1.40 pb_ratio=1.30 aq=1:0.85
x264 [info]: frame I:30    Avg QP:20.53  size:348706
x264 [info]: frame P:648   Avg QP:22.56  size: 83714
x264 [info]: frame B:2644  Avg QP:24.63  size: 20356
x264 [info]: consecutive B-frames:  1.5%  2.0%  6.1% 27.5%  9.2% 11.7%  9.3% 18.1%  9.8%  4.8%
x264 [info]: mb I  I16..4:  4.6% 83.9% 11.5%
x264 [info]: mb P  I16..4:  0.2%  2.3%  0.3%  P16..4: 45.6% 20.8% 15.1%  0.0%  0.0%    skip:15.6%
x264 [info]: mb B  I16..4:  0.0%  0.0%  0.0%  B16..8: 31.3%  4.5%  1.3%  direct:10.0%  skip:52.8%  L0:39.6% L1:48.1% BI:12.3%
x264 [info]: 8x8 transform intra:82.8% inter:59.6%
x264 [info]: coded y,uvDC,uvAC intra: 95.4% 96.3% 88.8% inter: 19.2% 32.5% 10.5%
x264 [info]: i16 v,h,dc,p: 13% 34% 10% 42%
x264 [info]: i8 v,h,dc,ddl,ddr,vr,hd,vl,hu: 12%  8%  6% 11% 14% 14% 13% 12% 11%
x264 [info]: i4 v,h,dc,ddl,ddr,vr,hd,vl,hu: 17% 10%  1% 11% 15% 14% 11% 12%  9%
x264 [info]: i8c dc,h,v,p: 53% 13% 15% 19%
x264 [info]: Weighted P-Frames: Y:3.4% UV:3.4%
x264 [info]: ref P L0: 58.0% 29.5% 11.9%  0.6%
x264 [info]: ref B L0: 85.4% 12.0%  2.6%
x264 [info]: ref B L1: 92.3%  7.7%
x264 [info]: kb/s:6843.67
x264 [info]: encoded 3322 frames, 3.17 fps, 6843.67 kb/s, duration 0:17:27.63
